[2026-03-28T22:13:38.178+0000] {taskinstance.py:1956} INFO - Dependencies all met for dep_context=non-requeueable deps ti=<TaskInstance: market_etl_pipeline.run_etl manual__2026-03-28T22:13:37.106721+00:00 [queued]>
[2026-03-28T22:13:38.193+0000] {taskinstance.py:1956} INFO - Dependencies all met for dep_context=requeueable deps ti=<TaskInstance: market_etl_pipeline.run_etl manual__2026-03-28T22:13:37.106721+00:00 [queued]>
[2026-03-28T22:13:38.194+0000] {taskinstance.py:2170} INFO - Starting attempt 1 of 3
[2026-03-28T22:13:38.215+0000] {taskinstance.py:2191} INFO - Executing <Task(PythonOperator): run_etl> on 2026-03-28 22:13:37.106721+00:00
[2026-03-28T22:13:38.229+0000] {standard_task_runner.py:60} INFO - Started process 802 to run task
[2026-03-28T22:13:38.235+0000] {standard_task_runner.py:87} INFO - Running: ['***', 'tasks', 'run', 'market_etl_pipeline', 'run_etl', 'manual__2026-03-28T22:13:37.106721+00:00', '--job-id', '21', '--raw', '--subdir', 'DAGS_FOLDER/etl_dag.py', '--cfg-path', '/tmp/tmpptwsfjo3']
[2026-03-28T22:13:38.239+0000] {standard_task_runner.py:88} INFO - Job 21: Subtask run_etl
[2026-03-28T22:13:38.352+0000] {task_command.py:423} INFO - Running <TaskInstance: market_etl_pipeline.run_etl manual__2026-03-28T22:13:37.106721+00:00 [running]> on host f100b222ca3f
[2026-03-28T22:13:38.481+0000] {taskinstance.py:2480} INFO - Exporting env vars: AIRFLOW_CTX_DAG_OWNER='***' AIRFLOW_CTX_DAG_ID='market_etl_pipeline' AIRFLOW_CTX_TASK_ID='run_etl' AIRFLOW_CTX_EXECUTION_DATE='2026-03-28T22:13:37.106721+00:00' AIRFLOW_CTX_TRY_NUMBER='1' AIRFLOW_CTX_DAG_RUN_ID='manual__2026-03-28T22:13:37.106721+00:00'
[2026-03-28T22:13:38.496+0000] {extract.py:23} INFO - Extracted 10 records
[2026-03-28T22:13:38.497+0000] {logging_mixin.py:188} INFO - [{'instrument_id': 'AAPL', 'price': 41965.17, 'volume': 962.84, 'timestamp': '2026-03-28T22:13:38.494073'}, {'instrument_id': 'BTC-USD', 'price': 42701.53, 'volume': 186.44, 'timestamp': '2026-03-28T22:13:38.494089'}, {'instrument_id': 'ETH-USD', 'price': 19635.15, 'volume': 736.33, 'timestamp': '2026-03-28T22:13:38.494094'}, {'instrument_id': 'GOOG', 'price': 18585.13, 'volume': 916.97, 'timestamp': '2026-03-28T22:13:38.494099'}, {'instrument_id': 'ETH-USD', 'price': 37848.5, 'volume': 65.14, 'timestamp': '2026-03-28T22:13:38.494103'}, {'instrument_id': 'AAPL', 'price': 28137.13, 'volume': 181.51, 'timestamp': '2026-03-28T22:13:38.494107'}, {'instrument_id': 'BTC-USD', 'price': 11541.4, 'volume': 916.21, 'timestamp': '2026-03-28T22:13:38.494112'}, {'instrument_id': 'GOOG', 'price': 10105.59, 'volume': 241.19, 'timestamp': '2026-03-28T22:13:38.494116'}, {'instrument_id': 'AAPL', 'price': 39608.83, 'volume': 630.17, 'timestamp': '2026-03-28T22:13:38.494120'}, {'instrument_id': 'GOOG', 'price': 19454.74, 'volume': 458.75, 'timestamp': '2026-03-28T22:13:38.494124'}]
[2026-03-28T22:13:38.499+0000] {validate.py:26} INFO - Valid records: 10, Dropped: 0
[2026-03-28T22:13:38.510+0000] {taskinstance.py:2698} ERROR - Task failed with exception
Traceback (most recent call last):
  File "/home/airflow/.local/lib/python3.8/site-packages/airflow/models/taskinstance.py", line 433, in _execute_task
    result = execute_callable(context=context, **execute_callable_kwargs)
  File "/home/airflow/.local/lib/python3.8/site-packages/airflow/operators/python.py", line 199, in execute
    return_value = self.execute_callable()
  File "/home/airflow/.local/lib/python3.8/site-packages/airflow/operators/python.py", line 216, in execute_callable
    return self.python_callable(*self.op_args, **self.op_kwargs)
  File "/opt/airflow/dags/etl_dag.py", line 22, in run_etl
    load_data(transformed_data)
  File "/opt/airflow/etl/load.py", line 43, in load_data
    execute_values(cursor, query, values)
  File "/home/airflow/.local/lib/python3.8/site-packages/psycopg2/extras.py", line 1299, in execute_values
    cur.execute(b''.join(parts))
psycopg2.errors.UndefinedColumn: column "instrument_id" of relation "market_data" does not exist
LINE 3:         instrument_id, price, volume, timestamp, vwap, is_ou...
                ^

[2026-03-28T22:13:38.546+0000] {taskinstance.py:1138} INFO - Marking task as UP_FOR_RETRY. dag_id=market_etl_pipeline, task_id=run_etl, execution_date=20260328T221337, start_date=20260328T221338, end_date=20260328T221338
[2026-03-28T22:13:38.565+0000] {standard_task_runner.py:107} ERROR - Failed to execute job 21 for task run_etl (column "instrument_id" of relation "market_data" does not exist
LINE 3:         instrument_id, price, volume, timestamp, vwap, is_ou...
                ^
; 802)
[2026-03-28T22:13:38.610+0000] {local_task_job_runner.py:234} INFO - Task exited with return code 1
[2026-03-28T22:13:38.638+0000] {taskinstance.py:3280} INFO - 0 downstream tasks scheduled from follow-on schedule check
