[2026-03-28T22:14:39.946+0000] {taskinstance.py:1956} INFO - Dependencies all met for dep_context=non-requeueable deps ti=<TaskInstance: market_etl_pipeline.run_etl manual__2026-03-28T22:13:37.106721+00:00 [queued]>
[2026-03-28T22:14:39.959+0000] {taskinstance.py:1956} INFO - Dependencies all met for dep_context=requeueable deps ti=<TaskInstance: market_etl_pipeline.run_etl manual__2026-03-28T22:13:37.106721+00:00 [queued]>
[2026-03-28T22:14:39.959+0000] {taskinstance.py:2170} INFO - Starting attempt 2 of 3
[2026-03-28T22:14:39.980+0000] {taskinstance.py:2191} INFO - Executing <Task(PythonOperator): run_etl> on 2026-03-28 22:13:37.106721+00:00
[2026-03-28T22:14:39.989+0000] {standard_task_runner.py:60} INFO - Started process 824 to run task
[2026-03-28T22:14:39.994+0000] {standard_task_runner.py:87} INFO - Running: ['***', 'tasks', 'run', 'market_etl_pipeline', 'run_etl', 'manual__2026-03-28T22:13:37.106721+00:00', '--job-id', '22', '--raw', '--subdir', 'DAGS_FOLDER/etl_dag.py', '--cfg-path', '/tmp/tmpcy1hc5y9']
[2026-03-28T22:14:39.997+0000] {standard_task_runner.py:88} INFO - Job 22: Subtask run_etl
[2026-03-28T22:14:40.084+0000] {task_command.py:423} INFO - Running <TaskInstance: market_etl_pipeline.run_etl manual__2026-03-28T22:13:37.106721+00:00 [running]> on host f100b222ca3f
[2026-03-28T22:14:40.185+0000] {taskinstance.py:2480} INFO - Exporting env vars: AIRFLOW_CTX_DAG_OWNER='***' AIRFLOW_CTX_DAG_ID='market_etl_pipeline' AIRFLOW_CTX_TASK_ID='run_etl' AIRFLOW_CTX_EXECUTION_DATE='2026-03-28T22:13:37.106721+00:00' AIRFLOW_CTX_TRY_NUMBER='2' AIRFLOW_CTX_DAG_RUN_ID='manual__2026-03-28T22:13:37.106721+00:00'
[2026-03-28T22:14:40.196+0000] {extract.py:23} INFO - Extracted 10 records
[2026-03-28T22:14:40.196+0000] {logging_mixin.py:188} INFO - [{'instrument_id': 'BTC-USD', 'price': 6804.3, 'volume': 856.37, 'timestamp': '2026-03-28T22:14:40.193891'}, {'instrument_id': 'AAPL', 'price': 9193.36, 'volume': 823.87, 'timestamp': '2026-03-28T22:14:40.193904'}, {'instrument_id': 'BTC-USD', 'price': 23014.48, 'volume': 791.01, 'timestamp': '2026-03-28T22:14:40.193909'}, {'instrument_id': 'AAPL', 'price': 26912.41, 'volume': 870.29, 'timestamp': '2026-03-28T22:14:40.193913'}, {'instrument_id': 'ETH-USD', 'price': 32868.39, 'volume': 81.48, 'timestamp': '2026-03-28T22:14:40.193917'}, {'instrument_id': 'AAPL', 'price': 33606.07, 'volume': 32.59, 'timestamp': '2026-03-28T22:14:40.193921'}, {'instrument_id': 'AAPL', 'price': 2495.2, 'volume': 318.24, 'timestamp': '2026-03-28T22:14:40.193926'}, {'instrument_id': 'AAPL', 'price': 3772.85, 'volume': 305.34, 'timestamp': '2026-03-28T22:14:40.193930'}, {'instrument_id': 'BTC-USD', 'price': 49577.75, 'volume': 342.05, 'timestamp': '2026-03-28T22:14:40.193934'}, {'instrument_id': 'GOOG', 'price': 35573.62, 'volume': 996.44, 'timestamp': '2026-03-28T22:14:40.193938'}]
[2026-03-28T22:14:40.198+0000] {validate.py:26} INFO - Valid records: 10, Dropped: 0
[2026-03-28T22:14:40.208+0000] {taskinstance.py:2698} ERROR - Task failed with exception
Traceback (most recent call last):
  File "/home/airflow/.local/lib/python3.8/site-packages/airflow/models/taskinstance.py", line 433, in _execute_task
    result = execute_callable(context=context, **execute_callable_kwargs)
  File "/home/airflow/.local/lib/python3.8/site-packages/airflow/operators/python.py", line 199, in execute
    return_value = self.execute_callable()
  File "/home/airflow/.local/lib/python3.8/site-packages/airflow/operators/python.py", line 216, in execute_callable
    return self.python_callable(*self.op_args, **self.op_kwargs)
  File "/opt/airflow/dags/etl_dag.py", line 22, in run_etl
    load_data(transformed_data)
  File "/opt/airflow/etl/load.py", line 43, in load_data
    execute_values(cursor, query, values)
  File "/home/airflow/.local/lib/python3.8/site-packages/psycopg2/extras.py", line 1299, in execute_values
    cur.execute(b''.join(parts))
psycopg2.errors.UndefinedColumn: column "instrument_id" of relation "market_data" does not exist
LINE 3:         instrument_id, price, volume, timestamp, vwap, is_ou...
                ^

[2026-03-28T22:14:40.234+0000] {taskinstance.py:1138} INFO - Marking task as UP_FOR_RETRY. dag_id=market_etl_pipeline, task_id=run_etl, execution_date=20260328T221337, start_date=20260328T221439, end_date=20260328T221440
[2026-03-28T22:14:40.248+0000] {standard_task_runner.py:107} ERROR - Failed to execute job 22 for task run_etl (column "instrument_id" of relation "market_data" does not exist
LINE 3:         instrument_id, price, volume, timestamp, vwap, is_ou...
                ^
; 824)
[2026-03-28T22:14:40.287+0000] {local_task_job_runner.py:234} INFO - Task exited with return code 1
[2026-03-28T22:14:40.312+0000] {taskinstance.py:3280} INFO - 0 downstream tasks scheduled from follow-on schedule check
