[2026-03-28T21:42:19.438+0000] {processor.py:161} INFO - Started process (PID=191) to work on /opt/airflow/dags/create_market_table_dag.py
[2026-03-28T21:42:19.440+0000] {processor.py:830} INFO - Processing file /opt/airflow/dags/create_market_table_dag.py for tasks to queue
[2026-03-28T21:42:19.442+0000] {logging_mixin.py:188} INFO - [2026-03-28T21:42:19.441+0000] {dagbag.py:538} INFO - Filling up the DagBag from /opt/airflow/dags/create_market_table_dag.py
[2026-03-28T21:42:19.492+0000] {processor.py:840} INFO - DAG(s) 'create_market_table_dag' retrieved from /opt/airflow/dags/create_market_table_dag.py
[2026-03-28T21:42:19.767+0000] {logging_mixin.py:188} INFO - [2026-03-28T21:42:19.766+0000] {override.py:1617} ERROR - Add Permission: (psycopg2.errors.UniqueViolation) duplicate key value violates unique constraint "ab_permission_name_uq"
DETAIL:  Key (name)=(can_read) already exists.

[SQL: INSERT INTO ab_permission (name) VALUES (%(name)s) RETURNING ab_permission.id]
[parameters: {'name': 'can_read'}]
(Background on this error at: https://sqlalche.me/e/14/gkpj)
[2026-03-28T21:42:19.773+0000] {logging_mixin.py:188} INFO - [2026-03-28T21:42:19.772+0000] {override.py:1769} INFO - Created Permission View: None on DAG:create_market_table_dag
[2026-03-28T21:42:19.778+0000] {logging_mixin.py:188} INFO - [2026-03-28T21:42:19.778+0000] {override.py:1769} INFO - Created Permission View: can edit on DAG:create_market_table_dag
[2026-03-28T21:42:19.783+0000] {logging_mixin.py:188} INFO - [2026-03-28T21:42:19.782+0000] {override.py:1617} ERROR - Add Permission: (psycopg2.errors.UniqueViolation) duplicate key value violates unique constraint "ab_permission_name_uq"
DETAIL:  Key (name)=(can_delete) already exists.

[SQL: INSERT INTO ab_permission (name) VALUES (%(name)s) RETURNING ab_permission.id]
[parameters: {'name': 'can_delete'}]
(Background on this error at: https://sqlalche.me/e/14/gkpj)
[2026-03-28T21:42:19.786+0000] {logging_mixin.py:188} INFO - [2026-03-28T21:42:19.786+0000] {override.py:1769} INFO - Created Permission View: None on DAG:create_market_table_dag
[2026-03-28T21:42:19.787+0000] {logging_mixin.py:188} INFO - [2026-03-28T21:42:19.786+0000] {dag.py:3036} INFO - Sync 1 DAGs
[2026-03-28T21:42:19.800+0000] {logging_mixin.py:188} INFO - [2026-03-28T21:42:19.799+0000] {dag.py:3058} INFO - Creating ORM DAG for create_market_table_dag
[2026-03-28T21:42:19.800+0000] {logging_mixin.py:188} INFO - [2026-03-28T21:42:19.800+0000] {dag.py:3823} INFO - Setting next_dagrun for create_market_table_dag to None, run_after=None
[2026-03-28T21:42:19.819+0000] {processor.py:183} INFO - Processing /opt/airflow/dags/create_market_table_dag.py took 0.387 seconds
[2026-03-28T21:42:50.776+0000] {processor.py:161} INFO - Started process (PID=201) to work on /opt/airflow/dags/create_market_table_dag.py
[2026-03-28T21:42:50.778+0000] {processor.py:830} INFO - Processing file /opt/airflow/dags/create_market_table_dag.py for tasks to queue
[2026-03-28T21:42:50.780+0000] {logging_mixin.py:188} INFO - [2026-03-28T21:42:50.779+0000] {dagbag.py:538} INFO - Filling up the DagBag from /opt/airflow/dags/create_market_table_dag.py
[2026-03-28T21:42:50.813+0000] {processor.py:840} INFO - DAG(s) 'create_market_table_dag' retrieved from /opt/airflow/dags/create_market_table_dag.py
[2026-03-28T21:42:50.858+0000] {logging_mixin.py:188} INFO - [2026-03-28T21:42:50.858+0000] {dag.py:3036} INFO - Sync 1 DAGs
[2026-03-28T21:42:50.878+0000] {logging_mixin.py:188} INFO - [2026-03-28T21:42:50.878+0000] {dag.py:3823} INFO - Setting next_dagrun for create_market_table_dag to None, run_after=None
[2026-03-28T21:42:50.898+0000] {processor.py:183} INFO - Processing /opt/airflow/dags/create_market_table_dag.py took 0.132 seconds
[2026-03-28T21:43:21.854+0000] {processor.py:161} INFO - Started process (PID=211) to work on /opt/airflow/dags/create_market_table_dag.py
[2026-03-28T21:43:21.857+0000] {processor.py:830} INFO - Processing file /opt/airflow/dags/create_market_table_dag.py for tasks to queue
[2026-03-28T21:43:21.859+0000] {logging_mixin.py:188} INFO - [2026-03-28T21:43:21.858+0000] {dagbag.py:538} INFO - Filling up the DagBag from /opt/airflow/dags/create_market_table_dag.py
[2026-03-28T21:43:21.878+0000] {processor.py:840} INFO - DAG(s) 'create_market_table_dag' retrieved from /opt/airflow/dags/create_market_table_dag.py
[2026-03-28T21:43:21.914+0000] {logging_mixin.py:188} INFO - [2026-03-28T21:43:21.914+0000] {dag.py:3036} INFO - Sync 1 DAGs
[2026-03-28T21:43:21.930+0000] {logging_mixin.py:188} INFO - [2026-03-28T21:43:21.930+0000] {dag.py:3823} INFO - Setting next_dagrun for create_market_table_dag to None, run_after=None
[2026-03-28T21:43:21.970+0000] {processor.py:183} INFO - Processing /opt/airflow/dags/create_market_table_dag.py took 0.123 seconds
[2026-03-28T21:43:52.917+0000] {processor.py:161} INFO - Started process (PID=221) to work on /opt/airflow/dags/create_market_table_dag.py
[2026-03-28T21:43:52.919+0000] {processor.py:830} INFO - Processing file /opt/airflow/dags/create_market_table_dag.py for tasks to queue
[2026-03-28T21:43:52.920+0000] {logging_mixin.py:188} INFO - [2026-03-28T21:43:52.919+0000] {dagbag.py:538} INFO - Filling up the DagBag from /opt/airflow/dags/create_market_table_dag.py
[2026-03-28T21:43:52.945+0000] {processor.py:840} INFO - DAG(s) 'create_market_table_dag' retrieved from /opt/airflow/dags/create_market_table_dag.py
[2026-03-28T21:43:52.987+0000] {logging_mixin.py:188} INFO - [2026-03-28T21:43:52.987+0000] {dag.py:3036} INFO - Sync 1 DAGs
[2026-03-28T21:43:53.004+0000] {logging_mixin.py:188} INFO - [2026-03-28T21:43:53.003+0000] {dag.py:3823} INFO - Setting next_dagrun for create_market_table_dag to None, run_after=None
[2026-03-28T21:43:53.030+0000] {processor.py:183} INFO - Processing /opt/airflow/dags/create_market_table_dag.py took 0.117 seconds
[2026-03-28T21:44:24.006+0000] {processor.py:161} INFO - Started process (PID=231) to work on /opt/airflow/dags/create_market_table_dag.py
[2026-03-28T21:44:24.008+0000] {processor.py:830} INFO - Processing file /opt/airflow/dags/create_market_table_dag.py for tasks to queue
[2026-03-28T21:44:24.010+0000] {logging_mixin.py:188} INFO - [2026-03-28T21:44:24.009+0000] {dagbag.py:538} INFO - Filling up the DagBag from /opt/airflow/dags/create_market_table_dag.py
[2026-03-28T21:44:24.041+0000] {processor.py:840} INFO - DAG(s) 'create_market_table_dag' retrieved from /opt/airflow/dags/create_market_table_dag.py
[2026-03-28T21:44:24.074+0000] {logging_mixin.py:188} INFO - [2026-03-28T21:44:24.074+0000] {dag.py:3036} INFO - Sync 1 DAGs
[2026-03-28T21:44:24.088+0000] {logging_mixin.py:188} INFO - [2026-03-28T21:44:24.088+0000] {dag.py:3823} INFO - Setting next_dagrun for create_market_table_dag to None, run_after=None
[2026-03-28T21:44:24.112+0000] {processor.py:183} INFO - Processing /opt/airflow/dags/create_market_table_dag.py took 0.113 seconds
[2026-03-28T21:44:55.047+0000] {processor.py:161} INFO - Started process (PID=241) to work on /opt/airflow/dags/create_market_table_dag.py
[2026-03-28T21:44:55.049+0000] {processor.py:830} INFO - Processing file /opt/airflow/dags/create_market_table_dag.py for tasks to queue
[2026-03-28T21:44:55.050+0000] {logging_mixin.py:188} INFO - [2026-03-28T21:44:55.049+0000] {dagbag.py:538} INFO - Filling up the DagBag from /opt/airflow/dags/create_market_table_dag.py
[2026-03-28T21:44:55.070+0000] {processor.py:840} INFO - DAG(s) 'create_market_table_dag' retrieved from /opt/airflow/dags/create_market_table_dag.py
[2026-03-28T21:44:55.104+0000] {logging_mixin.py:188} INFO - [2026-03-28T21:44:55.103+0000] {dag.py:3036} INFO - Sync 1 DAGs
[2026-03-28T21:44:55.114+0000] {logging_mixin.py:188} INFO - [2026-03-28T21:44:55.114+0000] {dag.py:3823} INFO - Setting next_dagrun for create_market_table_dag to None, run_after=None
[2026-03-28T21:44:55.130+0000] {processor.py:183} INFO - Processing /opt/airflow/dags/create_market_table_dag.py took 0.088 seconds
[2026-03-28T21:45:26.148+0000] {processor.py:161} INFO - Started process (PID=251) to work on /opt/airflow/dags/create_market_table_dag.py
[2026-03-28T21:45:26.149+0000] {processor.py:830} INFO - Processing file /opt/airflow/dags/create_market_table_dag.py for tasks to queue
[2026-03-28T21:45:26.150+0000] {logging_mixin.py:188} INFO - [2026-03-28T21:45:26.150+0000] {dagbag.py:538} INFO - Filling up the DagBag from /opt/airflow/dags/create_market_table_dag.py
[2026-03-28T21:45:26.170+0000] {processor.py:840} INFO - DAG(s) 'create_market_table_dag' retrieved from /opt/airflow/dags/create_market_table_dag.py
[2026-03-28T21:45:26.201+0000] {logging_mixin.py:188} INFO - [2026-03-28T21:45:26.200+0000] {dag.py:3036} INFO - Sync 1 DAGs
[2026-03-28T21:45:26.215+0000] {logging_mixin.py:188} INFO - [2026-03-28T21:45:26.215+0000] {dag.py:3823} INFO - Setting next_dagrun for create_market_table_dag to None, run_after=None
[2026-03-28T21:45:26.232+0000] {processor.py:183} INFO - Processing /opt/airflow/dags/create_market_table_dag.py took 0.090 seconds
[2026-03-28T21:45:58.175+0000] {processor.py:161} INFO - Started process (PID=263) to work on /opt/airflow/dags/create_market_table_dag.py
[2026-03-28T21:45:58.178+0000] {processor.py:830} INFO - Processing file /opt/airflow/dags/create_market_table_dag.py for tasks to queue
[2026-03-28T21:45:58.179+0000] {logging_mixin.py:188} INFO - [2026-03-28T21:45:58.179+0000] {dagbag.py:538} INFO - Filling up the DagBag from /opt/airflow/dags/create_market_table_dag.py
[2026-03-28T21:45:58.202+0000] {processor.py:840} INFO - DAG(s) 'create_market_table_dag' retrieved from /opt/airflow/dags/create_market_table_dag.py
[2026-03-28T21:45:58.231+0000] {logging_mixin.py:188} INFO - [2026-03-28T21:45:58.231+0000] {dag.py:3036} INFO - Sync 1 DAGs
[2026-03-28T21:45:58.243+0000] {logging_mixin.py:188} INFO - [2026-03-28T21:45:58.242+0000] {dag.py:3823} INFO - Setting next_dagrun for create_market_table_dag to None, run_after=None
[2026-03-28T21:45:58.260+0000] {processor.py:183} INFO - Processing /opt/airflow/dags/create_market_table_dag.py took 0.088 seconds
[2026-03-28T21:46:30.209+0000] {processor.py:161} INFO - Started process (PID=273) to work on /opt/airflow/dags/create_market_table_dag.py
[2026-03-28T21:46:30.211+0000] {processor.py:830} INFO - Processing file /opt/airflow/dags/create_market_table_dag.py for tasks to queue
[2026-03-28T21:46:30.212+0000] {logging_mixin.py:188} INFO - [2026-03-28T21:46:30.212+0000] {dagbag.py:538} INFO - Filling up the DagBag from /opt/airflow/dags/create_market_table_dag.py
[2026-03-28T21:46:30.235+0000] {processor.py:840} INFO - DAG(s) 'create_market_table_dag' retrieved from /opt/airflow/dags/create_market_table_dag.py
[2026-03-28T21:46:30.274+0000] {logging_mixin.py:188} INFO - [2026-03-28T21:46:30.274+0000] {dag.py:3036} INFO - Sync 1 DAGs
[2026-03-28T21:46:30.290+0000] {logging_mixin.py:188} INFO - [2026-03-28T21:46:30.289+0000] {dag.py:3823} INFO - Setting next_dagrun for create_market_table_dag to None, run_after=None
[2026-03-28T21:46:30.312+0000] {processor.py:183} INFO - Processing /opt/airflow/dags/create_market_table_dag.py took 0.109 seconds
[2026-03-28T21:47:03.295+0000] {processor.py:161} INFO - Started process (PID=285) to work on /opt/airflow/dags/create_market_table_dag.py
[2026-03-28T21:47:03.296+0000] {processor.py:830} INFO - Processing file /opt/airflow/dags/create_market_table_dag.py for tasks to queue
[2026-03-28T21:47:03.297+0000] {logging_mixin.py:188} INFO - [2026-03-28T21:47:03.297+0000] {dagbag.py:538} INFO - Filling up the DagBag from /opt/airflow/dags/create_market_table_dag.py
[2026-03-28T21:47:03.316+0000] {processor.py:840} INFO - DAG(s) 'create_market_table_dag' retrieved from /opt/airflow/dags/create_market_table_dag.py
[2026-03-28T21:47:03.342+0000] {logging_mixin.py:188} INFO - [2026-03-28T21:47:03.342+0000] {dag.py:3036} INFO - Sync 1 DAGs
[2026-03-28T21:47:03.354+0000] {logging_mixin.py:188} INFO - [2026-03-28T21:47:03.353+0000] {dag.py:3823} INFO - Setting next_dagrun for create_market_table_dag to None, run_after=None
[2026-03-28T21:47:03.371+0000] {processor.py:183} INFO - Processing /opt/airflow/dags/create_market_table_dag.py took 0.081 seconds
[2026-03-28T21:47:36.358+0000] {processor.py:161} INFO - Started process (PID=295) to work on /opt/airflow/dags/create_market_table_dag.py
[2026-03-28T21:47:36.359+0000] {processor.py:830} INFO - Processing file /opt/airflow/dags/create_market_table_dag.py for tasks to queue
[2026-03-28T21:47:36.361+0000] {logging_mixin.py:188} INFO - [2026-03-28T21:47:36.360+0000] {dagbag.py:538} INFO - Filling up the DagBag from /opt/airflow/dags/create_market_table_dag.py
[2026-03-28T21:47:36.379+0000] {processor.py:840} INFO - DAG(s) 'create_market_table_dag' retrieved from /opt/airflow/dags/create_market_table_dag.py
[2026-03-28T21:47:36.411+0000] {logging_mixin.py:188} INFO - [2026-03-28T21:47:36.410+0000] {dag.py:3036} INFO - Sync 1 DAGs
[2026-03-28T21:47:36.422+0000] {logging_mixin.py:188} INFO - [2026-03-28T21:47:36.422+0000] {dag.py:3823} INFO - Setting next_dagrun for create_market_table_dag to None, run_after=None
[2026-03-28T21:47:36.439+0000] {processor.py:183} INFO - Processing /opt/airflow/dags/create_market_table_dag.py took 0.086 seconds
[2026-03-28T21:48:09.387+0000] {processor.py:161} INFO - Started process (PID=307) to work on /opt/airflow/dags/create_market_table_dag.py
[2026-03-28T21:48:09.389+0000] {processor.py:830} INFO - Processing file /opt/airflow/dags/create_market_table_dag.py for tasks to queue
[2026-03-28T21:48:09.390+0000] {logging_mixin.py:188} INFO - [2026-03-28T21:48:09.390+0000] {dagbag.py:538} INFO - Filling up the DagBag from /opt/airflow/dags/create_market_table_dag.py
[2026-03-28T21:48:09.410+0000] {processor.py:840} INFO - DAG(s) 'create_market_table_dag' retrieved from /opt/airflow/dags/create_market_table_dag.py
[2026-03-28T21:48:09.441+0000] {logging_mixin.py:188} INFO - [2026-03-28T21:48:09.441+0000] {dag.py:3036} INFO - Sync 1 DAGs
[2026-03-28T21:48:09.454+0000] {logging_mixin.py:188} INFO - [2026-03-28T21:48:09.453+0000] {dag.py:3823} INFO - Setting next_dagrun for create_market_table_dag to None, run_after=None
[2026-03-28T21:48:09.472+0000] {processor.py:183} INFO - Processing /opt/airflow/dags/create_market_table_dag.py took 0.090 seconds
[2026-03-28T21:48:41.423+0000] {processor.py:161} INFO - Started process (PID=317) to work on /opt/airflow/dags/create_market_table_dag.py
[2026-03-28T21:48:41.425+0000] {processor.py:830} INFO - Processing file /opt/airflow/dags/create_market_table_dag.py for tasks to queue
[2026-03-28T21:48:41.453+0000] {logging_mixin.py:188} INFO - [2026-03-28T21:48:41.452+0000] {dagbag.py:538} INFO - Filling up the DagBag from /opt/airflow/dags/create_market_table_dag.py
[2026-03-28T21:48:41.490+0000] {processor.py:840} INFO - DAG(s) 'create_market_table_dag' retrieved from /opt/airflow/dags/create_market_table_dag.py
[2026-03-28T21:48:41.529+0000] {logging_mixin.py:188} INFO - [2026-03-28T21:48:41.528+0000] {dag.py:3036} INFO - Sync 1 DAGs
[2026-03-28T21:48:41.543+0000] {logging_mixin.py:188} INFO - [2026-03-28T21:48:41.542+0000] {dag.py:3823} INFO - Setting next_dagrun for create_market_table_dag to None, run_after=None
[2026-03-28T21:48:41.566+0000] {processor.py:183} INFO - Processing /opt/airflow/dags/create_market_table_dag.py took 0.148 seconds
[2026-03-28T21:49:14.506+0000] {processor.py:161} INFO - Started process (PID=329) to work on /opt/airflow/dags/create_market_table_dag.py
[2026-03-28T21:49:14.507+0000] {processor.py:830} INFO - Processing file /opt/airflow/dags/create_market_table_dag.py for tasks to queue
[2026-03-28T21:49:14.508+0000] {logging_mixin.py:188} INFO - [2026-03-28T21:49:14.508+0000] {dagbag.py:538} INFO - Filling up the DagBag from /opt/airflow/dags/create_market_table_dag.py
[2026-03-28T21:49:14.526+0000] {processor.py:840} INFO - DAG(s) 'create_market_table_dag' retrieved from /opt/airflow/dags/create_market_table_dag.py
[2026-03-28T21:49:14.553+0000] {logging_mixin.py:188} INFO - [2026-03-28T21:49:14.553+0000] {dag.py:3036} INFO - Sync 1 DAGs
[2026-03-28T21:49:14.566+0000] {logging_mixin.py:188} INFO - [2026-03-28T21:49:14.565+0000] {dag.py:3823} INFO - Setting next_dagrun for create_market_table_dag to None, run_after=None
[2026-03-28T21:49:14.585+0000] {processor.py:183} INFO - Processing /opt/airflow/dags/create_market_table_dag.py took 0.083 seconds
[2026-03-28T21:49:47.550+0000] {processor.py:161} INFO - Started process (PID=339) to work on /opt/airflow/dags/create_market_table_dag.py
[2026-03-28T21:49:47.552+0000] {processor.py:830} INFO - Processing file /opt/airflow/dags/create_market_table_dag.py for tasks to queue
[2026-03-28T21:49:47.554+0000] {logging_mixin.py:188} INFO - [2026-03-28T21:49:47.553+0000] {dagbag.py:538} INFO - Filling up the DagBag from /opt/airflow/dags/create_market_table_dag.py
[2026-03-28T21:49:47.579+0000] {processor.py:840} INFO - DAG(s) 'create_market_table_dag' retrieved from /opt/airflow/dags/create_market_table_dag.py
[2026-03-28T21:49:47.617+0000] {logging_mixin.py:188} INFO - [2026-03-28T21:49:47.617+0000] {dag.py:3036} INFO - Sync 1 DAGs
[2026-03-28T21:49:47.634+0000] {logging_mixin.py:188} INFO - [2026-03-28T21:49:47.634+0000] {dag.py:3823} INFO - Setting next_dagrun for create_market_table_dag to None, run_after=None
[2026-03-28T21:49:47.658+0000] {processor.py:183} INFO - Processing /opt/airflow/dags/create_market_table_dag.py took 0.118 seconds
[2026-03-28T21:50:19.604+0000] {processor.py:161} INFO - Started process (PID=351) to work on /opt/airflow/dags/create_market_table_dag.py
[2026-03-28T21:50:19.606+0000] {processor.py:830} INFO - Processing file /opt/airflow/dags/create_market_table_dag.py for tasks to queue
[2026-03-28T21:50:19.607+0000] {logging_mixin.py:188} INFO - [2026-03-28T21:50:19.607+0000] {dagbag.py:538} INFO - Filling up the DagBag from /opt/airflow/dags/create_market_table_dag.py
[2026-03-28T21:50:19.629+0000] {processor.py:840} INFO - DAG(s) 'create_market_table_dag' retrieved from /opt/airflow/dags/create_market_table_dag.py
[2026-03-28T21:50:19.658+0000] {logging_mixin.py:188} INFO - [2026-03-28T21:50:19.657+0000] {dag.py:3036} INFO - Sync 1 DAGs
[2026-03-28T21:50:19.672+0000] {logging_mixin.py:188} INFO - [2026-03-28T21:50:19.672+0000] {dag.py:3823} INFO - Setting next_dagrun for create_market_table_dag to None, run_after=None
[2026-03-28T21:50:19.689+0000] {processor.py:183} INFO - Processing /opt/airflow/dags/create_market_table_dag.py took 0.090 seconds
[2026-03-28T21:50:52.622+0000] {processor.py:161} INFO - Started process (PID=361) to work on /opt/airflow/dags/create_market_table_dag.py
[2026-03-28T21:50:52.623+0000] {processor.py:830} INFO - Processing file /opt/airflow/dags/create_market_table_dag.py for tasks to queue
[2026-03-28T21:50:52.624+0000] {logging_mixin.py:188} INFO - [2026-03-28T21:50:52.624+0000] {dagbag.py:538} INFO - Filling up the DagBag from /opt/airflow/dags/create_market_table_dag.py
[2026-03-28T21:50:52.642+0000] {processor.py:840} INFO - DAG(s) 'create_market_table_dag' retrieved from /opt/airflow/dags/create_market_table_dag.py
[2026-03-28T21:50:52.676+0000] {logging_mixin.py:188} INFO - [2026-03-28T21:50:52.676+0000] {dag.py:3036} INFO - Sync 1 DAGs
[2026-03-28T21:50:52.693+0000] {logging_mixin.py:188} INFO - [2026-03-28T21:50:52.692+0000] {dag.py:3823} INFO - Setting next_dagrun for create_market_table_dag to None, run_after=None
[2026-03-28T21:50:52.712+0000] {processor.py:183} INFO - Processing /opt/airflow/dags/create_market_table_dag.py took 0.095 seconds
[2026-03-28T21:51:25.653+0000] {processor.py:161} INFO - Started process (PID=373) to work on /opt/airflow/dags/create_market_table_dag.py
[2026-03-28T21:51:25.655+0000] {processor.py:830} INFO - Processing file /opt/airflow/dags/create_market_table_dag.py for tasks to queue
[2026-03-28T21:51:25.656+0000] {logging_mixin.py:188} INFO - [2026-03-28T21:51:25.656+0000] {dagbag.py:538} INFO - Filling up the DagBag from /opt/airflow/dags/create_market_table_dag.py
[2026-03-28T21:51:25.675+0000] {processor.py:840} INFO - DAG(s) 'create_market_table_dag' retrieved from /opt/airflow/dags/create_market_table_dag.py
[2026-03-28T21:51:25.704+0000] {logging_mixin.py:188} INFO - [2026-03-28T21:51:25.704+0000] {dag.py:3036} INFO - Sync 1 DAGs
[2026-03-28T21:51:25.717+0000] {logging_mixin.py:188} INFO - [2026-03-28T21:51:25.717+0000] {dag.py:3823} INFO - Setting next_dagrun for create_market_table_dag to None, run_after=None
[2026-03-28T21:51:25.734+0000] {processor.py:183} INFO - Processing /opt/airflow/dags/create_market_table_dag.py took 0.085 seconds
[2026-03-28T21:51:57.688+0000] {processor.py:161} INFO - Started process (PID=383) to work on /opt/airflow/dags/create_market_table_dag.py
[2026-03-28T21:51:57.690+0000] {processor.py:830} INFO - Processing file /opt/airflow/dags/create_market_table_dag.py for tasks to queue
[2026-03-28T21:51:57.691+0000] {logging_mixin.py:188} INFO - [2026-03-28T21:51:57.690+0000] {dagbag.py:538} INFO - Filling up the DagBag from /opt/airflow/dags/create_market_table_dag.py
[2026-03-28T21:51:57.710+0000] {processor.py:840} INFO - DAG(s) 'create_market_table_dag' retrieved from /opt/airflow/dags/create_market_table_dag.py
[2026-03-28T21:51:57.740+0000] {logging_mixin.py:188} INFO - [2026-03-28T21:51:57.740+0000] {dag.py:3036} INFO - Sync 1 DAGs
[2026-03-28T21:51:57.752+0000] {logging_mixin.py:188} INFO - [2026-03-28T21:51:57.752+0000] {dag.py:3823} INFO - Setting next_dagrun for create_market_table_dag to None, run_after=None
[2026-03-28T21:51:57.773+0000] {processor.py:183} INFO - Processing /opt/airflow/dags/create_market_table_dag.py took 0.089 seconds
[2026-03-28T21:52:30.756+0000] {processor.py:161} INFO - Started process (PID=395) to work on /opt/airflow/dags/create_market_table_dag.py
[2026-03-28T21:52:30.757+0000] {processor.py:830} INFO - Processing file /opt/airflow/dags/create_market_table_dag.py for tasks to queue
[2026-03-28T21:52:30.758+0000] {logging_mixin.py:188} INFO - [2026-03-28T21:52:30.758+0000] {dagbag.py:538} INFO - Filling up the DagBag from /opt/airflow/dags/create_market_table_dag.py
[2026-03-28T21:52:30.779+0000] {processor.py:840} INFO - DAG(s) 'create_market_table_dag' retrieved from /opt/airflow/dags/create_market_table_dag.py
[2026-03-28T21:52:30.809+0000] {logging_mixin.py:188} INFO - [2026-03-28T21:52:30.809+0000] {dag.py:3036} INFO - Sync 1 DAGs
[2026-03-28T21:52:30.821+0000] {logging_mixin.py:188} INFO - [2026-03-28T21:52:30.821+0000] {dag.py:3823} INFO - Setting next_dagrun for create_market_table_dag to None, run_after=None
[2026-03-28T21:52:30.838+0000] {processor.py:183} INFO - Processing /opt/airflow/dags/create_market_table_dag.py took 0.086 seconds
[2026-03-28T21:53:03.788+0000] {processor.py:161} INFO - Started process (PID=405) to work on /opt/airflow/dags/create_market_table_dag.py
[2026-03-28T21:53:03.789+0000] {processor.py:830} INFO - Processing file /opt/airflow/dags/create_market_table_dag.py for tasks to queue
[2026-03-28T21:53:03.790+0000] {logging_mixin.py:188} INFO - [2026-03-28T21:53:03.790+0000] {dagbag.py:538} INFO - Filling up the DagBag from /opt/airflow/dags/create_market_table_dag.py
[2026-03-28T21:53:03.810+0000] {processor.py:840} INFO - DAG(s) 'create_market_table_dag' retrieved from /opt/airflow/dags/create_market_table_dag.py
[2026-03-28T21:53:03.842+0000] {logging_mixin.py:188} INFO - [2026-03-28T21:53:03.842+0000] {dag.py:3036} INFO - Sync 1 DAGs
[2026-03-28T21:53:03.855+0000] {logging_mixin.py:188} INFO - [2026-03-28T21:53:03.855+0000] {dag.py:3823} INFO - Setting next_dagrun for create_market_table_dag to None, run_after=None
[2026-03-28T21:53:03.881+0000] {processor.py:183} INFO - Processing /opt/airflow/dags/create_market_table_dag.py took 0.098 seconds
[2026-03-28T21:53:35.829+0000] {processor.py:161} INFO - Started process (PID=415) to work on /opt/airflow/dags/create_market_table_dag.py
[2026-03-28T21:53:35.830+0000] {processor.py:830} INFO - Processing file /opt/airflow/dags/create_market_table_dag.py for tasks to queue
[2026-03-28T21:53:35.831+0000] {logging_mixin.py:188} INFO - [2026-03-28T21:53:35.831+0000] {dagbag.py:538} INFO - Filling up the DagBag from /opt/airflow/dags/create_market_table_dag.py
[2026-03-28T21:53:35.849+0000] {processor.py:840} INFO - DAG(s) 'create_market_table_dag' retrieved from /opt/airflow/dags/create_market_table_dag.py
[2026-03-28T21:53:35.881+0000] {logging_mixin.py:188} INFO - [2026-03-28T21:53:35.881+0000] {dag.py:3036} INFO - Sync 1 DAGs
[2026-03-28T21:53:35.892+0000] {logging_mixin.py:188} INFO - [2026-03-28T21:53:35.892+0000] {dag.py:3823} INFO - Setting next_dagrun for create_market_table_dag to None, run_after=None
[2026-03-28T21:53:35.909+0000] {processor.py:183} INFO - Processing /opt/airflow/dags/create_market_table_dag.py took 0.085 seconds
[2026-03-28T21:54:08.854+0000] {processor.py:161} INFO - Started process (PID=425) to work on /opt/airflow/dags/create_market_table_dag.py
[2026-03-28T21:54:08.855+0000] {processor.py:830} INFO - Processing file /opt/airflow/dags/create_market_table_dag.py for tasks to queue
[2026-03-28T21:54:08.856+0000] {logging_mixin.py:188} INFO - [2026-03-28T21:54:08.856+0000] {dagbag.py:538} INFO - Filling up the DagBag from /opt/airflow/dags/create_market_table_dag.py
[2026-03-28T21:54:08.878+0000] {processor.py:840} INFO - DAG(s) 'create_market_table_dag' retrieved from /opt/airflow/dags/create_market_table_dag.py
[2026-03-28T21:54:08.905+0000] {logging_mixin.py:188} INFO - [2026-03-28T21:54:08.905+0000] {dag.py:3036} INFO - Sync 1 DAGs
[2026-03-28T21:54:08.918+0000] {logging_mixin.py:188} INFO - [2026-03-28T21:54:08.917+0000] {dag.py:3823} INFO - Setting next_dagrun for create_market_table_dag to None, run_after=None
[2026-03-28T21:54:08.934+0000] {processor.py:183} INFO - Processing /opt/airflow/dags/create_market_table_dag.py took 0.084 seconds
[2026-03-28T21:54:41.948+0000] {processor.py:161} INFO - Started process (PID=435) to work on /opt/airflow/dags/create_market_table_dag.py
[2026-03-28T21:54:41.950+0000] {processor.py:830} INFO - Processing file /opt/airflow/dags/create_market_table_dag.py for tasks to queue
[2026-03-28T21:54:41.952+0000] {logging_mixin.py:188} INFO - [2026-03-28T21:54:41.951+0000] {dagbag.py:538} INFO - Filling up the DagBag from /opt/airflow/dags/create_market_table_dag.py
[2026-03-28T21:54:41.988+0000] {processor.py:840} INFO - DAG(s) 'create_market_table_dag' retrieved from /opt/airflow/dags/create_market_table_dag.py
[2026-03-28T21:54:42.024+0000] {logging_mixin.py:188} INFO - [2026-03-28T21:54:42.024+0000] {dag.py:3036} INFO - Sync 1 DAGs
[2026-03-28T21:54:42.040+0000] {logging_mixin.py:188} INFO - [2026-03-28T21:54:42.040+0000] {dag.py:3823} INFO - Setting next_dagrun for create_market_table_dag to None, run_after=None
[2026-03-28T21:54:42.083+0000] {processor.py:183} INFO - Processing /opt/airflow/dags/create_market_table_dag.py took 0.150 seconds
[2026-03-28T21:55:14.042+0000] {processor.py:161} INFO - Started process (PID=447) to work on /opt/airflow/dags/create_market_table_dag.py
[2026-03-28T21:55:14.045+0000] {processor.py:830} INFO - Processing file /opt/airflow/dags/create_market_table_dag.py for tasks to queue
[2026-03-28T21:55:14.046+0000] {logging_mixin.py:188} INFO - [2026-03-28T21:55:14.046+0000] {dagbag.py:538} INFO - Filling up the DagBag from /opt/airflow/dags/create_market_table_dag.py
[2026-03-28T21:55:14.071+0000] {processor.py:840} INFO - DAG(s) 'create_market_table_dag' retrieved from /opt/airflow/dags/create_market_table_dag.py
[2026-03-28T21:55:14.098+0000] {logging_mixin.py:188} INFO - [2026-03-28T21:55:14.098+0000] {dag.py:3036} INFO - Sync 1 DAGs
[2026-03-28T21:55:14.111+0000] {logging_mixin.py:188} INFO - [2026-03-28T21:55:14.111+0000] {dag.py:3823} INFO - Setting next_dagrun for create_market_table_dag to None, run_after=None
[2026-03-28T21:55:14.129+0000] {processor.py:183} INFO - Processing /opt/airflow/dags/create_market_table_dag.py took 0.090 seconds
[2026-03-28T21:55:47.136+0000] {processor.py:161} INFO - Started process (PID=457) to work on /opt/airflow/dags/create_market_table_dag.py
[2026-03-28T21:55:47.137+0000] {processor.py:830} INFO - Processing file /opt/airflow/dags/create_market_table_dag.py for tasks to queue
[2026-03-28T21:55:47.139+0000] {logging_mixin.py:188} INFO - [2026-03-28T21:55:47.138+0000] {dagbag.py:538} INFO - Filling up the DagBag from /opt/airflow/dags/create_market_table_dag.py
[2026-03-28T21:55:47.156+0000] {processor.py:840} INFO - DAG(s) 'create_market_table_dag' retrieved from /opt/airflow/dags/create_market_table_dag.py
[2026-03-28T21:55:47.184+0000] {logging_mixin.py:188} INFO - [2026-03-28T21:55:47.184+0000] {dag.py:3036} INFO - Sync 1 DAGs
[2026-03-28T21:55:47.198+0000] {logging_mixin.py:188} INFO - [2026-03-28T21:55:47.198+0000] {dag.py:3823} INFO - Setting next_dagrun for create_market_table_dag to None, run_after=None
[2026-03-28T21:55:47.216+0000] {processor.py:183} INFO - Processing /opt/airflow/dags/create_market_table_dag.py took 0.083 seconds
[2026-03-28T21:56:20.175+0000] {processor.py:161} INFO - Started process (PID=469) to work on /opt/airflow/dags/create_market_table_dag.py
[2026-03-28T21:56:20.176+0000] {processor.py:830} INFO - Processing file /opt/airflow/dags/create_market_table_dag.py for tasks to queue
[2026-03-28T21:56:20.177+0000] {logging_mixin.py:188} INFO - [2026-03-28T21:56:20.177+0000] {dagbag.py:538} INFO - Filling up the DagBag from /opt/airflow/dags/create_market_table_dag.py
[2026-03-28T21:56:20.196+0000] {processor.py:840} INFO - DAG(s) 'create_market_table_dag' retrieved from /opt/airflow/dags/create_market_table_dag.py
[2026-03-28T21:56:20.222+0000] {logging_mixin.py:188} INFO - [2026-03-28T21:56:20.222+0000] {dag.py:3036} INFO - Sync 1 DAGs
[2026-03-28T21:56:20.235+0000] {logging_mixin.py:188} INFO - [2026-03-28T21:56:20.235+0000] {dag.py:3823} INFO - Setting next_dagrun for create_market_table_dag to None, run_after=None
[2026-03-28T21:56:20.256+0000] {processor.py:183} INFO - Processing /opt/airflow/dags/create_market_table_dag.py took 0.085 seconds
[2026-03-28T21:56:52.227+0000] {processor.py:161} INFO - Started process (PID=479) to work on /opt/airflow/dags/create_market_table_dag.py
[2026-03-28T21:56:52.228+0000] {processor.py:830} INFO - Processing file /opt/airflow/dags/create_market_table_dag.py for tasks to queue
[2026-03-28T21:56:52.229+0000] {logging_mixin.py:188} INFO - [2026-03-28T21:56:52.229+0000] {dagbag.py:538} INFO - Filling up the DagBag from /opt/airflow/dags/create_market_table_dag.py
[2026-03-28T21:56:52.251+0000] {processor.py:840} INFO - DAG(s) 'create_market_table_dag' retrieved from /opt/airflow/dags/create_market_table_dag.py
[2026-03-28T21:56:52.279+0000] {logging_mixin.py:188} INFO - [2026-03-28T21:56:52.279+0000] {dag.py:3036} INFO - Sync 1 DAGs
[2026-03-28T21:56:52.291+0000] {logging_mixin.py:188} INFO - [2026-03-28T21:56:52.291+0000] {dag.py:3823} INFO - Setting next_dagrun for create_market_table_dag to None, run_after=None
[2026-03-28T21:56:52.308+0000] {processor.py:183} INFO - Processing /opt/airflow/dags/create_market_table_dag.py took 0.084 seconds
[2026-03-28T21:57:25.287+0000] {processor.py:161} INFO - Started process (PID=491) to work on /opt/airflow/dags/create_market_table_dag.py
[2026-03-28T21:57:25.289+0000] {processor.py:830} INFO - Processing file /opt/airflow/dags/create_market_table_dag.py for tasks to queue
[2026-03-28T21:57:25.290+0000] {logging_mixin.py:188} INFO - [2026-03-28T21:57:25.289+0000] {dagbag.py:538} INFO - Filling up the DagBag from /opt/airflow/dags/create_market_table_dag.py
[2026-03-28T21:57:25.307+0000] {processor.py:840} INFO - DAG(s) 'create_market_table_dag' retrieved from /opt/airflow/dags/create_market_table_dag.py
[2026-03-28T21:57:25.334+0000] {logging_mixin.py:188} INFO - [2026-03-28T21:57:25.334+0000] {dag.py:3036} INFO - Sync 1 DAGs
[2026-03-28T21:57:25.346+0000] {logging_mixin.py:188} INFO - [2026-03-28T21:57:25.346+0000] {dag.py:3823} INFO - Setting next_dagrun for create_market_table_dag to None, run_after=None
[2026-03-28T21:57:25.364+0000] {processor.py:183} INFO - Processing /opt/airflow/dags/create_market_table_dag.py took 0.081 seconds
[2026-03-28T21:57:58.309+0000] {processor.py:161} INFO - Started process (PID=501) to work on /opt/airflow/dags/create_market_table_dag.py
[2026-03-28T21:57:58.311+0000] {processor.py:830} INFO - Processing file /opt/airflow/dags/create_market_table_dag.py for tasks to queue
[2026-03-28T21:57:58.313+0000] {logging_mixin.py:188} INFO - [2026-03-28T21:57:58.312+0000] {dagbag.py:538} INFO - Filling up the DagBag from /opt/airflow/dags/create_market_table_dag.py
[2026-03-28T21:57:58.334+0000] {processor.py:840} INFO - DAG(s) 'create_market_table_dag' retrieved from /opt/airflow/dags/create_market_table_dag.py
[2026-03-28T21:57:58.366+0000] {logging_mixin.py:188} INFO - [2026-03-28T21:57:58.365+0000] {dag.py:3036} INFO - Sync 1 DAGs
[2026-03-28T21:57:58.383+0000] {logging_mixin.py:188} INFO - [2026-03-28T21:57:58.382+0000] {dag.py:3823} INFO - Setting next_dagrun for create_market_table_dag to None, run_after=None
[2026-03-28T21:57:58.405+0000] {processor.py:183} INFO - Processing /opt/airflow/dags/create_market_table_dag.py took 0.100 seconds
[2026-03-28T21:58:30.392+0000] {processor.py:161} INFO - Started process (PID=511) to work on /opt/airflow/dags/create_market_table_dag.py
[2026-03-28T21:58:30.393+0000] {processor.py:830} INFO - Processing file /opt/airflow/dags/create_market_table_dag.py for tasks to queue
[2026-03-28T21:58:30.394+0000] {logging_mixin.py:188} INFO - [2026-03-28T21:58:30.394+0000] {dagbag.py:538} INFO - Filling up the DagBag from /opt/airflow/dags/create_market_table_dag.py
[2026-03-28T21:58:30.413+0000] {processor.py:840} INFO - DAG(s) 'create_market_table_dag' retrieved from /opt/airflow/dags/create_market_table_dag.py
[2026-03-28T21:58:30.443+0000] {logging_mixin.py:188} INFO - [2026-03-28T21:58:30.443+0000] {dag.py:3036} INFO - Sync 1 DAGs
[2026-03-28T21:58:30.458+0000] {logging_mixin.py:188} INFO - [2026-03-28T21:58:30.458+0000] {dag.py:3823} INFO - Setting next_dagrun for create_market_table_dag to None, run_after=None
[2026-03-28T21:58:30.473+0000] {processor.py:183} INFO - Processing /opt/airflow/dags/create_market_table_dag.py took 0.086 seconds
[2026-03-28T21:59:03.434+0000] {processor.py:161} INFO - Started process (PID=521) to work on /opt/airflow/dags/create_market_table_dag.py
[2026-03-28T21:59:03.435+0000] {processor.py:830} INFO - Processing file /opt/airflow/dags/create_market_table_dag.py for tasks to queue
[2026-03-28T21:59:03.436+0000] {logging_mixin.py:188} INFO - [2026-03-28T21:59:03.436+0000] {dagbag.py:538} INFO - Filling up the DagBag from /opt/airflow/dags/create_market_table_dag.py
[2026-03-28T21:59:03.454+0000] {processor.py:840} INFO - DAG(s) 'create_market_table_dag' retrieved from /opt/airflow/dags/create_market_table_dag.py
[2026-03-28T21:59:03.483+0000] {logging_mixin.py:188} INFO - [2026-03-28T21:59:03.483+0000] {dag.py:3036} INFO - Sync 1 DAGs
[2026-03-28T21:59:03.496+0000] {logging_mixin.py:188} INFO - [2026-03-28T21:59:03.496+0000] {dag.py:3823} INFO - Setting next_dagrun for create_market_table_dag to None, run_after=None
[2026-03-28T21:59:03.513+0000] {processor.py:183} INFO - Processing /opt/airflow/dags/create_market_table_dag.py took 0.083 seconds
[2026-03-28T21:59:36.514+0000] {processor.py:161} INFO - Started process (PID=531) to work on /opt/airflow/dags/create_market_table_dag.py
[2026-03-28T21:59:36.516+0000] {processor.py:830} INFO - Processing file /opt/airflow/dags/create_market_table_dag.py for tasks to queue
[2026-03-28T21:59:36.518+0000] {logging_mixin.py:188} INFO - [2026-03-28T21:59:36.518+0000] {dagbag.py:538} INFO - Filling up the DagBag from /opt/airflow/dags/create_market_table_dag.py
[2026-03-28T21:59:36.541+0000] {processor.py:840} INFO - DAG(s) 'create_market_table_dag' retrieved from /opt/airflow/dags/create_market_table_dag.py
[2026-03-28T21:59:36.566+0000] {logging_mixin.py:188} INFO - [2026-03-28T21:59:36.565+0000] {dag.py:3036} INFO - Sync 1 DAGs
[2026-03-28T21:59:36.578+0000] {logging_mixin.py:188} INFO - [2026-03-28T21:59:36.578+0000] {dag.py:3823} INFO - Setting next_dagrun for create_market_table_dag to None, run_after=None
[2026-03-28T21:59:36.596+0000] {processor.py:183} INFO - Processing /opt/airflow/dags/create_market_table_dag.py took 0.088 seconds
[2026-03-28T22:00:08.658+0000] {processor.py:161} INFO - Started process (PID=543) to work on /opt/airflow/dags/create_market_table_dag.py
[2026-03-28T22:00:08.659+0000] {processor.py:830} INFO - Processing file /opt/airflow/dags/create_market_table_dag.py for tasks to queue
[2026-03-28T22:00:08.661+0000] {logging_mixin.py:188} INFO - [2026-03-28T22:00:08.660+0000] {dagbag.py:538} INFO - Filling up the DagBag from /opt/airflow/dags/create_market_table_dag.py
[2026-03-28T22:00:08.686+0000] {processor.py:840} INFO - DAG(s) 'create_market_table_dag' retrieved from /opt/airflow/dags/create_market_table_dag.py
[2026-03-28T22:00:08.725+0000] {logging_mixin.py:188} INFO - [2026-03-28T22:00:08.725+0000] {dag.py:3036} INFO - Sync 1 DAGs
[2026-03-28T22:00:08.781+0000] {logging_mixin.py:188} INFO - [2026-03-28T22:00:08.781+0000] {dag.py:3823} INFO - Setting next_dagrun for create_market_table_dag to None, run_after=None
[2026-03-28T22:00:08.824+0000] {processor.py:183} INFO - Processing /opt/airflow/dags/create_market_table_dag.py took 0.170 seconds
[2026-03-28T22:00:41.878+0000] {processor.py:161} INFO - Started process (PID=553) to work on /opt/airflow/dags/create_market_table_dag.py
[2026-03-28T22:00:41.881+0000] {processor.py:830} INFO - Processing file /opt/airflow/dags/create_market_table_dag.py for tasks to queue
[2026-03-28T22:00:41.882+0000] {logging_mixin.py:188} INFO - [2026-03-28T22:00:41.882+0000] {dagbag.py:538} INFO - Filling up the DagBag from /opt/airflow/dags/create_market_table_dag.py
[2026-03-28T22:00:41.924+0000] {processor.py:840} INFO - DAG(s) 'create_market_table_dag' retrieved from /opt/airflow/dags/create_market_table_dag.py
[2026-03-28T22:00:42.043+0000] {logging_mixin.py:188} INFO - [2026-03-28T22:00:42.043+0000] {dag.py:3036} INFO - Sync 1 DAGs
[2026-03-28T22:00:42.113+0000] {logging_mixin.py:188} INFO - [2026-03-28T22:00:42.112+0000] {dag.py:3823} INFO - Setting next_dagrun for create_market_table_dag to None, run_after=None
[2026-03-28T22:00:42.207+0000] {processor.py:183} INFO - Processing /opt/airflow/dags/create_market_table_dag.py took 0.336 seconds
[2026-03-28T22:01:14.219+0000] {processor.py:161} INFO - Started process (PID=565) to work on /opt/airflow/dags/create_market_table_dag.py
[2026-03-28T22:01:14.221+0000] {processor.py:830} INFO - Processing file /opt/airflow/dags/create_market_table_dag.py for tasks to queue
[2026-03-28T22:01:14.222+0000] {logging_mixin.py:188} INFO - [2026-03-28T22:01:14.222+0000] {dagbag.py:538} INFO - Filling up the DagBag from /opt/airflow/dags/create_market_table_dag.py
[2026-03-28T22:01:14.326+0000] {processor.py:840} INFO - DAG(s) 'create_market_table_dag' retrieved from /opt/airflow/dags/create_market_table_dag.py
[2026-03-28T22:01:14.505+0000] {logging_mixin.py:188} INFO - [2026-03-28T22:01:14.505+0000] {dag.py:3036} INFO - Sync 1 DAGs
[2026-03-28T22:01:14.608+0000] {logging_mixin.py:188} INFO - [2026-03-28T22:01:14.603+0000] {dag.py:3823} INFO - Setting next_dagrun for create_market_table_dag to None, run_after=None
[2026-03-28T22:01:14.693+0000] {processor.py:183} INFO - Processing /opt/airflow/dags/create_market_table_dag.py took 0.479 seconds
[2026-03-28T22:01:47.436+0000] {processor.py:161} INFO - Started process (PID=575) to work on /opt/airflow/dags/create_market_table_dag.py
[2026-03-28T22:01:47.439+0000] {processor.py:830} INFO - Processing file /opt/airflow/dags/create_market_table_dag.py for tasks to queue
[2026-03-28T22:01:47.447+0000] {logging_mixin.py:188} INFO - [2026-03-28T22:01:47.445+0000] {dagbag.py:538} INFO - Filling up the DagBag from /opt/airflow/dags/create_market_table_dag.py
[2026-03-28T22:01:47.513+0000] {processor.py:840} INFO - DAG(s) 'create_market_table_dag' retrieved from /opt/airflow/dags/create_market_table_dag.py
[2026-03-28T22:01:47.589+0000] {logging_mixin.py:188} INFO - [2026-03-28T22:01:47.589+0000] {dag.py:3036} INFO - Sync 1 DAGs
[2026-03-28T22:01:47.639+0000] {logging_mixin.py:188} INFO - [2026-03-28T22:01:47.639+0000] {dag.py:3823} INFO - Setting next_dagrun for create_market_table_dag to None, run_after=None
[2026-03-28T22:01:47.689+0000] {processor.py:183} INFO - Processing /opt/airflow/dags/create_market_table_dag.py took 0.264 seconds
[2026-03-28T22:02:20.844+0000] {processor.py:161} INFO - Started process (PID=587) to work on /opt/airflow/dags/create_market_table_dag.py
[2026-03-28T22:02:20.847+0000] {processor.py:830} INFO - Processing file /opt/airflow/dags/create_market_table_dag.py for tasks to queue
[2026-03-28T22:02:20.849+0000] {logging_mixin.py:188} INFO - [2026-03-28T22:02:20.848+0000] {dagbag.py:538} INFO - Filling up the DagBag from /opt/airflow/dags/create_market_table_dag.py
[2026-03-28T22:02:20.882+0000] {processor.py:840} INFO - DAG(s) 'create_market_table_dag' retrieved from /opt/airflow/dags/create_market_table_dag.py
[2026-03-28T22:02:20.933+0000] {logging_mixin.py:188} INFO - [2026-03-28T22:02:20.933+0000] {dag.py:3036} INFO - Sync 1 DAGs
[2026-03-28T22:02:20.956+0000] {logging_mixin.py:188} INFO - [2026-03-28T22:02:20.955+0000] {dag.py:3823} INFO - Setting next_dagrun for create_market_table_dag to None, run_after=None
[2026-03-28T22:02:20.983+0000] {processor.py:183} INFO - Processing /opt/airflow/dags/create_market_table_dag.py took 0.146 seconds
[2026-03-28T22:02:53.185+0000] {processor.py:161} INFO - Started process (PID=597) to work on /opt/airflow/dags/create_market_table_dag.py
[2026-03-28T22:02:53.187+0000] {processor.py:830} INFO - Processing file /opt/airflow/dags/create_market_table_dag.py for tasks to queue
[2026-03-28T22:02:53.189+0000] {logging_mixin.py:188} INFO - [2026-03-28T22:02:53.189+0000] {dagbag.py:538} INFO - Filling up the DagBag from /opt/airflow/dags/create_market_table_dag.py
[2026-03-28T22:02:53.232+0000] {processor.py:840} INFO - DAG(s) 'create_market_table_dag' retrieved from /opt/airflow/dags/create_market_table_dag.py
[2026-03-28T22:02:53.285+0000] {logging_mixin.py:188} INFO - [2026-03-28T22:02:53.285+0000] {dag.py:3036} INFO - Sync 1 DAGs
[2026-03-28T22:02:53.306+0000] {logging_mixin.py:188} INFO - [2026-03-28T22:02:53.306+0000] {dag.py:3823} INFO - Setting next_dagrun for create_market_table_dag to None, run_after=None
[2026-03-28T22:02:53.342+0000] {processor.py:183} INFO - Processing /opt/airflow/dags/create_market_table_dag.py took 0.164 seconds
[2026-03-28T22:03:25.643+0000] {processor.py:161} INFO - Started process (PID=607) to work on /opt/airflow/dags/create_market_table_dag.py
[2026-03-28T22:03:25.649+0000] {processor.py:830} INFO - Processing file /opt/airflow/dags/create_market_table_dag.py for tasks to queue
[2026-03-28T22:03:25.653+0000] {logging_mixin.py:188} INFO - [2026-03-28T22:03:25.652+0000] {dagbag.py:538} INFO - Filling up the DagBag from /opt/airflow/dags/create_market_table_dag.py
[2026-03-28T22:03:25.715+0000] {processor.py:840} INFO - DAG(s) 'create_market_table_dag' retrieved from /opt/airflow/dags/create_market_table_dag.py
[2026-03-28T22:03:25.793+0000] {logging_mixin.py:188} INFO - [2026-03-28T22:03:25.793+0000] {dag.py:3036} INFO - Sync 1 DAGs
[2026-03-28T22:03:25.815+0000] {logging_mixin.py:188} INFO - [2026-03-28T22:03:25.814+0000] {dag.py:3823} INFO - Setting next_dagrun for create_market_table_dag to None, run_after=None
[2026-03-28T22:03:25.843+0000] {processor.py:183} INFO - Processing /opt/airflow/dags/create_market_table_dag.py took 0.220 seconds
[2026-03-28T22:03:58.808+0000] {processor.py:161} INFO - Started process (PID=617) to work on /opt/airflow/dags/create_market_table_dag.py
[2026-03-28T22:03:58.811+0000] {processor.py:830} INFO - Processing file /opt/airflow/dags/create_market_table_dag.py for tasks to queue
[2026-03-28T22:03:58.813+0000] {logging_mixin.py:188} INFO - [2026-03-28T22:03:58.813+0000] {dagbag.py:538} INFO - Filling up the DagBag from /opt/airflow/dags/create_market_table_dag.py
[2026-03-28T22:03:58.846+0000] {processor.py:840} INFO - DAG(s) 'create_market_table_dag' retrieved from /opt/airflow/dags/create_market_table_dag.py
[2026-03-28T22:03:58.892+0000] {logging_mixin.py:188} INFO - [2026-03-28T22:03:58.892+0000] {dag.py:3036} INFO - Sync 1 DAGs
[2026-03-28T22:03:58.910+0000] {logging_mixin.py:188} INFO - [2026-03-28T22:03:58.910+0000] {dag.py:3823} INFO - Setting next_dagrun for create_market_table_dag to None, run_after=None
[2026-03-28T22:03:58.947+0000] {processor.py:183} INFO - Processing /opt/airflow/dags/create_market_table_dag.py took 0.146 seconds
[2026-03-28T22:04:31.043+0000] {processor.py:161} INFO - Started process (PID=627) to work on /opt/airflow/dags/create_market_table_dag.py
[2026-03-28T22:04:31.046+0000] {processor.py:830} INFO - Processing file /opt/airflow/dags/create_market_table_dag.py for tasks to queue
[2026-03-28T22:04:31.048+0000] {logging_mixin.py:188} INFO - [2026-03-28T22:04:31.047+0000] {dagbag.py:538} INFO - Filling up the DagBag from /opt/airflow/dags/create_market_table_dag.py
[2026-03-28T22:04:31.091+0000] {processor.py:840} INFO - DAG(s) 'create_market_table_dag' retrieved from /opt/airflow/dags/create_market_table_dag.py
[2026-03-28T22:04:31.147+0000] {logging_mixin.py:188} INFO - [2026-03-28T22:04:31.147+0000] {dag.py:3036} INFO - Sync 1 DAGs
[2026-03-28T22:04:31.168+0000] {logging_mixin.py:188} INFO - [2026-03-28T22:04:31.167+0000] {dag.py:3823} INFO - Setting next_dagrun for create_market_table_dag to None, run_after=None
[2026-03-28T22:04:31.197+0000] {processor.py:183} INFO - Processing /opt/airflow/dags/create_market_table_dag.py took 0.162 seconds
[2026-03-28T22:05:04.160+0000] {processor.py:161} INFO - Started process (PID=639) to work on /opt/airflow/dags/create_market_table_dag.py
[2026-03-28T22:05:04.162+0000] {processor.py:830} INFO - Processing file /opt/airflow/dags/create_market_table_dag.py for tasks to queue
[2026-03-28T22:05:04.165+0000] {logging_mixin.py:188} INFO - [2026-03-28T22:05:04.164+0000] {dagbag.py:538} INFO - Filling up the DagBag from /opt/airflow/dags/create_market_table_dag.py
[2026-03-28T22:05:04.204+0000] {processor.py:840} INFO - DAG(s) 'create_market_table_dag' retrieved from /opt/airflow/dags/create_market_table_dag.py
[2026-03-28T22:05:04.259+0000] {logging_mixin.py:188} INFO - [2026-03-28T22:05:04.259+0000] {dag.py:3036} INFO - Sync 1 DAGs
[2026-03-28T22:05:04.278+0000] {logging_mixin.py:188} INFO - [2026-03-28T22:05:04.277+0000] {dag.py:3823} INFO - Setting next_dagrun for create_market_table_dag to None, run_after=None
[2026-03-28T22:05:04.318+0000] {processor.py:183} INFO - Processing /opt/airflow/dags/create_market_table_dag.py took 0.166 seconds
[2026-03-28T22:05:36.333+0000] {processor.py:161} INFO - Started process (PID=649) to work on /opt/airflow/dags/create_market_table_dag.py
[2026-03-28T22:05:36.338+0000] {processor.py:830} INFO - Processing file /opt/airflow/dags/create_market_table_dag.py for tasks to queue
[2026-03-28T22:05:36.341+0000] {logging_mixin.py:188} INFO - [2026-03-28T22:05:36.341+0000] {dagbag.py:538} INFO - Filling up the DagBag from /opt/airflow/dags/create_market_table_dag.py
[2026-03-28T22:05:36.380+0000] {processor.py:840} INFO - DAG(s) 'create_market_table_dag' retrieved from /opt/airflow/dags/create_market_table_dag.py
[2026-03-28T22:05:36.426+0000] {logging_mixin.py:188} INFO - [2026-03-28T22:05:36.425+0000] {dag.py:3036} INFO - Sync 1 DAGs
[2026-03-28T22:05:36.442+0000] {logging_mixin.py:188} INFO - [2026-03-28T22:05:36.442+0000] {dag.py:3823} INFO - Setting next_dagrun for create_market_table_dag to None, run_after=None
[2026-03-28T22:05:36.476+0000] {processor.py:183} INFO - Processing /opt/airflow/dags/create_market_table_dag.py took 0.149 seconds
[2026-03-28T22:06:09.596+0000] {processor.py:161} INFO - Started process (PID=661) to work on /opt/airflow/dags/create_market_table_dag.py
[2026-03-28T22:06:09.598+0000] {processor.py:830} INFO - Processing file /opt/airflow/dags/create_market_table_dag.py for tasks to queue
[2026-03-28T22:06:09.600+0000] {logging_mixin.py:188} INFO - [2026-03-28T22:06:09.599+0000] {dagbag.py:538} INFO - Filling up the DagBag from /opt/airflow/dags/create_market_table_dag.py
[2026-03-28T22:06:09.637+0000] {processor.py:840} INFO - DAG(s) 'create_market_table_dag' retrieved from /opt/airflow/dags/create_market_table_dag.py
[2026-03-28T22:06:09.685+0000] {logging_mixin.py:188} INFO - [2026-03-28T22:06:09.685+0000] {dag.py:3036} INFO - Sync 1 DAGs
[2026-03-28T22:06:09.703+0000] {logging_mixin.py:188} INFO - [2026-03-28T22:06:09.703+0000] {dag.py:3823} INFO - Setting next_dagrun for create_market_table_dag to None, run_after=None
[2026-03-28T22:06:09.735+0000] {processor.py:183} INFO - Processing /opt/airflow/dags/create_market_table_dag.py took 0.146 seconds
[2026-03-28T22:06:41.762+0000] {processor.py:161} INFO - Started process (PID=671) to work on /opt/airflow/dags/create_market_table_dag.py
[2026-03-28T22:06:41.765+0000] {processor.py:830} INFO - Processing file /opt/airflow/dags/create_market_table_dag.py for tasks to queue
[2026-03-28T22:06:41.767+0000] {logging_mixin.py:188} INFO - [2026-03-28T22:06:41.766+0000] {dagbag.py:538} INFO - Filling up the DagBag from /opt/airflow/dags/create_market_table_dag.py
[2026-03-28T22:06:41.799+0000] {processor.py:840} INFO - DAG(s) 'create_market_table_dag' retrieved from /opt/airflow/dags/create_market_table_dag.py
[2026-03-28T22:06:41.851+0000] {logging_mixin.py:188} INFO - [2026-03-28T22:06:41.851+0000] {dag.py:3036} INFO - Sync 1 DAGs
[2026-03-28T22:06:41.871+0000] {logging_mixin.py:188} INFO - [2026-03-28T22:06:41.871+0000] {dag.py:3823} INFO - Setting next_dagrun for create_market_table_dag to None, run_after=None
[2026-03-28T22:06:41.898+0000] {processor.py:183} INFO - Processing /opt/airflow/dags/create_market_table_dag.py took 0.143 seconds
[2026-03-28T22:07:15.017+0000] {processor.py:161} INFO - Started process (PID=683) to work on /opt/airflow/dags/create_market_table_dag.py
[2026-03-28T22:07:15.019+0000] {processor.py:830} INFO - Processing file /opt/airflow/dags/create_market_table_dag.py for tasks to queue
[2026-03-28T22:07:15.021+0000] {logging_mixin.py:188} INFO - [2026-03-28T22:07:15.020+0000] {dagbag.py:538} INFO - Filling up the DagBag from /opt/airflow/dags/create_market_table_dag.py
[2026-03-28T22:07:15.052+0000] {processor.py:840} INFO - DAG(s) 'create_market_table_dag' retrieved from /opt/airflow/dags/create_market_table_dag.py
[2026-03-28T22:07:15.101+0000] {logging_mixin.py:188} INFO - [2026-03-28T22:07:15.100+0000] {dag.py:3036} INFO - Sync 1 DAGs
[2026-03-28T22:07:15.125+0000] {logging_mixin.py:188} INFO - [2026-03-28T22:07:15.125+0000] {dag.py:3823} INFO - Setting next_dagrun for create_market_table_dag to None, run_after=None
[2026-03-28T22:07:15.161+0000] {processor.py:183} INFO - Processing /opt/airflow/dags/create_market_table_dag.py took 0.150 seconds
[2026-03-28T22:07:47.188+0000] {processor.py:161} INFO - Started process (PID=693) to work on /opt/airflow/dags/create_market_table_dag.py
[2026-03-28T22:07:47.190+0000] {processor.py:830} INFO - Processing file /opt/airflow/dags/create_market_table_dag.py for tasks to queue
[2026-03-28T22:07:47.191+0000] {logging_mixin.py:188} INFO - [2026-03-28T22:07:47.191+0000] {dagbag.py:538} INFO - Filling up the DagBag from /opt/airflow/dags/create_market_table_dag.py
[2026-03-28T22:07:47.226+0000] {processor.py:840} INFO - DAG(s) 'create_market_table_dag' retrieved from /opt/airflow/dags/create_market_table_dag.py
[2026-03-28T22:07:47.275+0000] {logging_mixin.py:188} INFO - [2026-03-28T22:07:47.275+0000] {dag.py:3036} INFO - Sync 1 DAGs
[2026-03-28T22:07:47.294+0000] {logging_mixin.py:188} INFO - [2026-03-28T22:07:47.293+0000] {dag.py:3823} INFO - Setting next_dagrun for create_market_table_dag to None, run_after=None
[2026-03-28T22:07:47.324+0000] {processor.py:183} INFO - Processing /opt/airflow/dags/create_market_table_dag.py took 0.144 seconds
[2026-03-28T22:08:20.404+0000] {processor.py:161} INFO - Started process (PID=703) to work on /opt/airflow/dags/create_market_table_dag.py
[2026-03-28T22:08:20.406+0000] {processor.py:830} INFO - Processing file /opt/airflow/dags/create_market_table_dag.py for tasks to queue
[2026-03-28T22:08:20.408+0000] {logging_mixin.py:188} INFO - [2026-03-28T22:08:20.407+0000] {dagbag.py:538} INFO - Filling up the DagBag from /opt/airflow/dags/create_market_table_dag.py
[2026-03-28T22:08:20.439+0000] {processor.py:840} INFO - DAG(s) 'create_market_table_dag' retrieved from /opt/airflow/dags/create_market_table_dag.py
[2026-03-28T22:08:20.492+0000] {logging_mixin.py:188} INFO - [2026-03-28T22:08:20.492+0000] {dag.py:3036} INFO - Sync 1 DAGs
[2026-03-28T22:08:20.513+0000] {logging_mixin.py:188} INFO - [2026-03-28T22:08:20.513+0000] {dag.py:3823} INFO - Setting next_dagrun for create_market_table_dag to None, run_after=None
[2026-03-28T22:08:20.547+0000] {processor.py:183} INFO - Processing /opt/airflow/dags/create_market_table_dag.py took 0.150 seconds
[2026-03-28T22:08:52.598+0000] {processor.py:161} INFO - Started process (PID=713) to work on /opt/airflow/dags/create_market_table_dag.py
[2026-03-28T22:08:52.601+0000] {processor.py:830} INFO - Processing file /opt/airflow/dags/create_market_table_dag.py for tasks to queue
[2026-03-28T22:08:52.605+0000] {logging_mixin.py:188} INFO - [2026-03-28T22:08:52.602+0000] {dagbag.py:538} INFO - Filling up the DagBag from /opt/airflow/dags/create_market_table_dag.py
[2026-03-28T22:08:52.638+0000] {processor.py:840} INFO - DAG(s) 'create_market_table_dag' retrieved from /opt/airflow/dags/create_market_table_dag.py
[2026-03-28T22:08:52.680+0000] {logging_mixin.py:188} INFO - [2026-03-28T22:08:52.680+0000] {dag.py:3036} INFO - Sync 1 DAGs
[2026-03-28T22:08:52.698+0000] {logging_mixin.py:188} INFO - [2026-03-28T22:08:52.697+0000] {dag.py:3823} INFO - Setting next_dagrun for create_market_table_dag to None, run_after=None
[2026-03-28T22:08:52.730+0000] {processor.py:183} INFO - Processing /opt/airflow/dags/create_market_table_dag.py took 0.137 seconds
[2026-03-28T22:09:25.796+0000] {processor.py:161} INFO - Started process (PID=723) to work on /opt/airflow/dags/create_market_table_dag.py
[2026-03-28T22:09:25.799+0000] {processor.py:830} INFO - Processing file /opt/airflow/dags/create_market_table_dag.py for tasks to queue
[2026-03-28T22:09:25.801+0000] {logging_mixin.py:188} INFO - [2026-03-28T22:09:25.800+0000] {dagbag.py:538} INFO - Filling up the DagBag from /opt/airflow/dags/create_market_table_dag.py
[2026-03-28T22:09:25.833+0000] {processor.py:840} INFO - DAG(s) 'create_market_table_dag' retrieved from /opt/airflow/dags/create_market_table_dag.py
[2026-03-28T22:09:25.883+0000] {logging_mixin.py:188} INFO - [2026-03-28T22:09:25.883+0000] {dag.py:3036} INFO - Sync 1 DAGs
[2026-03-28T22:09:25.903+0000] {logging_mixin.py:188} INFO - [2026-03-28T22:09:25.902+0000] {dag.py:3823} INFO - Setting next_dagrun for create_market_table_dag to None, run_after=None
[2026-03-28T22:09:25.931+0000] {processor.py:183} INFO - Processing /opt/airflow/dags/create_market_table_dag.py took 0.141 seconds
[2026-03-28T22:09:58.058+0000] {processor.py:161} INFO - Started process (PID=733) to work on /opt/airflow/dags/create_market_table_dag.py
[2026-03-28T22:09:58.062+0000] {processor.py:830} INFO - Processing file /opt/airflow/dags/create_market_table_dag.py for tasks to queue
[2026-03-28T22:09:58.064+0000] {logging_mixin.py:188} INFO - [2026-03-28T22:09:58.064+0000] {dagbag.py:538} INFO - Filling up the DagBag from /opt/airflow/dags/create_market_table_dag.py
[2026-03-28T22:09:58.100+0000] {processor.py:840} INFO - DAG(s) 'create_market_table_dag' retrieved from /opt/airflow/dags/create_market_table_dag.py
[2026-03-28T22:09:58.148+0000] {logging_mixin.py:188} INFO - [2026-03-28T22:09:58.148+0000] {dag.py:3036} INFO - Sync 1 DAGs
[2026-03-28T22:09:58.166+0000] {logging_mixin.py:188} INFO - [2026-03-28T22:09:58.166+0000] {dag.py:3823} INFO - Setting next_dagrun for create_market_table_dag to None, run_after=None
[2026-03-28T22:09:58.199+0000] {processor.py:183} INFO - Processing /opt/airflow/dags/create_market_table_dag.py took 0.148 seconds
[2026-03-28T22:10:31.282+0000] {processor.py:161} INFO - Started process (PID=745) to work on /opt/airflow/dags/create_market_table_dag.py
[2026-03-28T22:10:31.285+0000] {processor.py:830} INFO - Processing file /opt/airflow/dags/create_market_table_dag.py for tasks to queue
[2026-03-28T22:10:31.286+0000] {logging_mixin.py:188} INFO - [2026-03-28T22:10:31.286+0000] {dagbag.py:538} INFO - Filling up the DagBag from /opt/airflow/dags/create_market_table_dag.py
[2026-03-28T22:10:31.320+0000] {processor.py:840} INFO - DAG(s) 'create_market_table_dag' retrieved from /opt/airflow/dags/create_market_table_dag.py
[2026-03-28T22:10:31.367+0000] {logging_mixin.py:188} INFO - [2026-03-28T22:10:31.366+0000] {dag.py:3036} INFO - Sync 1 DAGs
[2026-03-28T22:10:31.385+0000] {logging_mixin.py:188} INFO - [2026-03-28T22:10:31.384+0000] {dag.py:3823} INFO - Setting next_dagrun for create_market_table_dag to None, run_after=None
[2026-03-28T22:10:31.414+0000] {processor.py:183} INFO - Processing /opt/airflow/dags/create_market_table_dag.py took 0.139 seconds
[2026-03-28T22:11:39.416+0000] {processor.py:161} INFO - Started process (PID=757) to work on /opt/airflow/dags/create_market_table_dag.py
[2026-03-28T22:11:39.428+0000] {processor.py:830} INFO - Processing file /opt/airflow/dags/create_market_table_dag.py for tasks to queue
[2026-03-28T22:11:39.450+0000] {logging_mixin.py:188} INFO - [2026-03-28T22:11:39.448+0000] {dagbag.py:538} INFO - Filling up the DagBag from /opt/airflow/dags/create_market_table_dag.py
[2026-03-28T22:11:39.617+0000] {processor.py:840} INFO - DAG(s) 'create_market_table_dag' retrieved from /opt/airflow/dags/create_market_table_dag.py
[2026-03-28T22:11:39.778+0000] {logging_mixin.py:188} INFO - [2026-03-28T22:11:39.769+0000] {dag.py:3036} INFO - Sync 1 DAGs
[2026-03-28T22:11:39.900+0000] {logging_mixin.py:188} INFO - [2026-03-28T22:11:39.899+0000] {dag.py:3823} INFO - Setting next_dagrun for create_market_table_dag to None, run_after=None
[2026-03-28T22:11:40.052+0000] {processor.py:183} INFO - Processing /opt/airflow/dags/create_market_table_dag.py took 0.646 seconds
[2026-03-28T22:12:10.791+0000] {processor.py:161} INFO - Started process (PID=769) to work on /opt/airflow/dags/create_market_table_dag.py
[2026-03-28T22:12:10.796+0000] {processor.py:830} INFO - Processing file /opt/airflow/dags/create_market_table_dag.py for tasks to queue
[2026-03-28T22:12:10.802+0000] {logging_mixin.py:188} INFO - [2026-03-28T22:12:10.800+0000] {dagbag.py:538} INFO - Filling up the DagBag from /opt/airflow/dags/create_market_table_dag.py
[2026-03-28T22:12:10.890+0000] {processor.py:840} INFO - DAG(s) 'create_market_table_dag' retrieved from /opt/airflow/dags/create_market_table_dag.py
[2026-03-28T22:12:10.997+0000] {logging_mixin.py:188} INFO - [2026-03-28T22:12:10.997+0000] {dag.py:3036} INFO - Sync 1 DAGs
[2026-03-28T22:12:11.030+0000] {logging_mixin.py:188} INFO - [2026-03-28T22:12:11.029+0000] {dag.py:3823} INFO - Setting next_dagrun for create_market_table_dag to None, run_after=None
[2026-03-28T22:12:11.074+0000] {processor.py:183} INFO - Processing /opt/airflow/dags/create_market_table_dag.py took 0.314 seconds
[2026-03-28T22:12:41.921+0000] {processor.py:161} INFO - Started process (PID=779) to work on /opt/airflow/dags/create_market_table_dag.py
[2026-03-28T22:12:41.929+0000] {processor.py:830} INFO - Processing file /opt/airflow/dags/create_market_table_dag.py for tasks to queue
[2026-03-28T22:12:41.936+0000] {logging_mixin.py:188} INFO - [2026-03-28T22:12:41.934+0000] {dagbag.py:538} INFO - Filling up the DagBag from /opt/airflow/dags/create_market_table_dag.py
[2026-03-28T22:12:42.018+0000] {processor.py:840} INFO - DAG(s) 'create_market_table_dag' retrieved from /opt/airflow/dags/create_market_table_dag.py
[2026-03-28T22:12:42.210+0000] {logging_mixin.py:188} INFO - [2026-03-28T22:12:42.210+0000] {dag.py:3036} INFO - Sync 1 DAGs
[2026-03-28T22:12:42.236+0000] {logging_mixin.py:188} INFO - [2026-03-28T22:12:42.236+0000] {dag.py:3823} INFO - Setting next_dagrun for create_market_table_dag to None, run_after=None
[2026-03-28T22:12:42.309+0000] {processor.py:183} INFO - Processing /opt/airflow/dags/create_market_table_dag.py took 0.422 seconds
[2026-03-28T22:13:12.674+0000] {processor.py:161} INFO - Started process (PID=791) to work on /opt/airflow/dags/create_market_table_dag.py
[2026-03-28T22:13:12.677+0000] {processor.py:830} INFO - Processing file /opt/airflow/dags/create_market_table_dag.py for tasks to queue
[2026-03-28T22:13:12.682+0000] {logging_mixin.py:188} INFO - [2026-03-28T22:13:12.679+0000] {dagbag.py:538} INFO - Filling up the DagBag from /opt/airflow/dags/create_market_table_dag.py
[2026-03-28T22:13:12.731+0000] {processor.py:840} INFO - DAG(s) 'create_market_table_dag' retrieved from /opt/airflow/dags/create_market_table_dag.py
[2026-03-28T22:13:12.807+0000] {logging_mixin.py:188} INFO - [2026-03-28T22:13:12.806+0000] {dag.py:3036} INFO - Sync 1 DAGs
[2026-03-28T22:13:12.833+0000] {logging_mixin.py:188} INFO - [2026-03-28T22:13:12.832+0000] {dag.py:3823} INFO - Setting next_dagrun for create_market_table_dag to None, run_after=None
[2026-03-28T22:13:12.871+0000] {processor.py:183} INFO - Processing /opt/airflow/dags/create_market_table_dag.py took 0.215 seconds
[2026-03-28T22:13:45.036+0000] {processor.py:161} INFO - Started process (PID=803) to work on /opt/airflow/dags/create_market_table_dag.py
[2026-03-28T22:13:45.037+0000] {processor.py:830} INFO - Processing file /opt/airflow/dags/create_market_table_dag.py for tasks to queue
[2026-03-28T22:13:45.039+0000] {logging_mixin.py:188} INFO - [2026-03-28T22:13:45.038+0000] {dagbag.py:538} INFO - Filling up the DagBag from /opt/airflow/dags/create_market_table_dag.py
[2026-03-28T22:13:45.071+0000] {processor.py:840} INFO - DAG(s) 'create_market_table_dag' retrieved from /opt/airflow/dags/create_market_table_dag.py
[2026-03-28T22:13:45.113+0000] {logging_mixin.py:188} INFO - [2026-03-28T22:13:45.112+0000] {dag.py:3036} INFO - Sync 1 DAGs
[2026-03-28T22:13:45.131+0000] {logging_mixin.py:188} INFO - [2026-03-28T22:13:45.130+0000] {dag.py:3823} INFO - Setting next_dagrun for create_market_table_dag to None, run_after=None
[2026-03-28T22:13:45.159+0000] {processor.py:183} INFO - Processing /opt/airflow/dags/create_market_table_dag.py took 0.131 seconds
[2026-03-28T22:14:16.922+0000] {processor.py:161} INFO - Started process (PID=813) to work on /opt/airflow/dags/create_market_table_dag.py
[2026-03-28T22:14:16.925+0000] {processor.py:830} INFO - Processing file /opt/airflow/dags/create_market_table_dag.py for tasks to queue
[2026-03-28T22:14:16.927+0000] {logging_mixin.py:188} INFO - [2026-03-28T22:14:16.926+0000] {dagbag.py:538} INFO - Filling up the DagBag from /opt/airflow/dags/create_market_table_dag.py
[2026-03-28T22:14:16.965+0000] {processor.py:840} INFO - DAG(s) 'create_market_table_dag' retrieved from /opt/airflow/dags/create_market_table_dag.py
[2026-03-28T22:14:17.023+0000] {logging_mixin.py:188} INFO - [2026-03-28T22:14:17.023+0000] {dag.py:3036} INFO - Sync 1 DAGs
[2026-03-28T22:14:17.052+0000] {logging_mixin.py:188} INFO - [2026-03-28T22:14:17.051+0000] {dag.py:3823} INFO - Setting next_dagrun for create_market_table_dag to None, run_after=None
[2026-03-28T22:14:17.094+0000] {processor.py:183} INFO - Processing /opt/airflow/dags/create_market_table_dag.py took 0.179 seconds
[2026-03-28T22:14:50.274+0000] {processor.py:161} INFO - Started process (PID=825) to work on /opt/airflow/dags/create_market_table_dag.py
[2026-03-28T22:14:50.287+0000] {processor.py:830} INFO - Processing file /opt/airflow/dags/create_market_table_dag.py for tasks to queue
[2026-03-28T22:14:50.295+0000] {logging_mixin.py:188} INFO - [2026-03-28T22:14:50.293+0000] {dagbag.py:538} INFO - Filling up the DagBag from /opt/airflow/dags/create_market_table_dag.py
[2026-03-28T22:14:50.428+0000] {processor.py:840} INFO - DAG(s) 'create_market_table_dag' retrieved from /opt/airflow/dags/create_market_table_dag.py
[2026-03-28T22:14:50.589+0000] {logging_mixin.py:188} INFO - [2026-03-28T22:14:50.589+0000] {dag.py:3036} INFO - Sync 1 DAGs
[2026-03-28T22:14:50.665+0000] {logging_mixin.py:188} INFO - [2026-03-28T22:14:50.664+0000] {dag.py:3823} INFO - Setting next_dagrun for create_market_table_dag to None, run_after=None
[2026-03-28T22:14:50.732+0000] {processor.py:183} INFO - Processing /opt/airflow/dags/create_market_table_dag.py took 0.517 seconds
[2026-03-28T22:15:22.815+0000] {processor.py:161} INFO - Started process (PID=837) to work on /opt/airflow/dags/create_market_table_dag.py
[2026-03-28T22:15:22.817+0000] {processor.py:830} INFO - Processing file /opt/airflow/dags/create_market_table_dag.py for tasks to queue
[2026-03-28T22:15:22.819+0000] {logging_mixin.py:188} INFO - [2026-03-28T22:15:22.819+0000] {dagbag.py:538} INFO - Filling up the DagBag from /opt/airflow/dags/create_market_table_dag.py
[2026-03-28T22:15:22.858+0000] {processor.py:840} INFO - DAG(s) 'create_market_table_dag' retrieved from /opt/airflow/dags/create_market_table_dag.py
[2026-03-28T22:15:22.901+0000] {logging_mixin.py:188} INFO - [2026-03-28T22:15:22.901+0000] {dag.py:3036} INFO - Sync 1 DAGs
[2026-03-28T22:15:22.920+0000] {logging_mixin.py:188} INFO - [2026-03-28T22:15:22.920+0000] {dag.py:3823} INFO - Setting next_dagrun for create_market_table_dag to None, run_after=None
[2026-03-28T22:15:22.950+0000] {processor.py:183} INFO - Processing /opt/airflow/dags/create_market_table_dag.py took 0.141 seconds
[2026-03-28T22:15:54.672+0000] {processor.py:161} INFO - Started process (PID=849) to work on /opt/airflow/dags/create_market_table_dag.py
[2026-03-28T22:15:54.674+0000] {processor.py:830} INFO - Processing file /opt/airflow/dags/create_market_table_dag.py for tasks to queue
[2026-03-28T22:15:54.677+0000] {logging_mixin.py:188} INFO - [2026-03-28T22:15:54.676+0000] {dagbag.py:538} INFO - Filling up the DagBag from /opt/airflow/dags/create_market_table_dag.py
[2026-03-28T22:15:54.715+0000] {processor.py:840} INFO - DAG(s) 'create_market_table_dag' retrieved from /opt/airflow/dags/create_market_table_dag.py
[2026-03-28T22:15:54.769+0000] {logging_mixin.py:188} INFO - [2026-03-28T22:15:54.769+0000] {dag.py:3036} INFO - Sync 1 DAGs
[2026-03-28T22:15:54.791+0000] {logging_mixin.py:188} INFO - [2026-03-28T22:15:54.791+0000] {dag.py:3823} INFO - Setting next_dagrun for create_market_table_dag to None, run_after=None
[2026-03-28T22:15:54.823+0000] {processor.py:183} INFO - Processing /opt/airflow/dags/create_market_table_dag.py took 0.159 seconds
[2026-03-28T22:16:27.759+0000] {processor.py:161} INFO - Started process (PID=861) to work on /opt/airflow/dags/create_market_table_dag.py
[2026-03-28T22:16:27.763+0000] {processor.py:830} INFO - Processing file /opt/airflow/dags/create_market_table_dag.py for tasks to queue
[2026-03-28T22:16:27.765+0000] {logging_mixin.py:188} INFO - [2026-03-28T22:16:27.764+0000] {dagbag.py:538} INFO - Filling up the DagBag from /opt/airflow/dags/create_market_table_dag.py
[2026-03-28T22:16:27.804+0000] {processor.py:840} INFO - DAG(s) 'create_market_table_dag' retrieved from /opt/airflow/dags/create_market_table_dag.py
[2026-03-28T22:16:27.890+0000] {logging_mixin.py:188} INFO - [2026-03-28T22:16:27.889+0000] {dag.py:3036} INFO - Sync 1 DAGs
[2026-03-28T22:16:27.990+0000] {logging_mixin.py:188} INFO - [2026-03-28T22:16:27.989+0000] {dag.py:3823} INFO - Setting next_dagrun for create_market_table_dag to None, run_after=None
[2026-03-28T22:16:28.044+0000] {processor.py:183} INFO - Processing /opt/airflow/dags/create_market_table_dag.py took 0.296 seconds
[2026-03-28T22:17:00.165+0000] {processor.py:161} INFO - Started process (PID=871) to work on /opt/airflow/dags/create_market_table_dag.py
[2026-03-28T22:17:00.167+0000] {processor.py:830} INFO - Processing file /opt/airflow/dags/create_market_table_dag.py for tasks to queue
[2026-03-28T22:17:00.169+0000] {logging_mixin.py:188} INFO - [2026-03-28T22:17:00.168+0000] {dagbag.py:538} INFO - Filling up the DagBag from /opt/airflow/dags/create_market_table_dag.py
[2026-03-28T22:17:00.205+0000] {processor.py:840} INFO - DAG(s) 'create_market_table_dag' retrieved from /opt/airflow/dags/create_market_table_dag.py
[2026-03-28T22:17:00.249+0000] {logging_mixin.py:188} INFO - [2026-03-28T22:17:00.249+0000] {dag.py:3036} INFO - Sync 1 DAGs
[2026-03-28T22:17:00.270+0000] {logging_mixin.py:188} INFO - [2026-03-28T22:17:00.270+0000] {dag.py:3823} INFO - Setting next_dagrun for create_market_table_dag to None, run_after=None
[2026-03-28T22:17:00.300+0000] {processor.py:183} INFO - Processing /opt/airflow/dags/create_market_table_dag.py took 0.142 seconds
[2026-03-28T22:17:33.413+0000] {processor.py:161} INFO - Started process (PID=883) to work on /opt/airflow/dags/create_market_table_dag.py
[2026-03-28T22:17:33.417+0000] {processor.py:830} INFO - Processing file /opt/airflow/dags/create_market_table_dag.py for tasks to queue
[2026-03-28T22:17:33.420+0000] {logging_mixin.py:188} INFO - [2026-03-28T22:17:33.419+0000] {dagbag.py:538} INFO - Filling up the DagBag from /opt/airflow/dags/create_market_table_dag.py
[2026-03-28T22:17:33.453+0000] {processor.py:840} INFO - DAG(s) 'create_market_table_dag' retrieved from /opt/airflow/dags/create_market_table_dag.py
[2026-03-28T22:17:33.512+0000] {logging_mixin.py:188} INFO - [2026-03-28T22:17:33.512+0000] {dag.py:3036} INFO - Sync 1 DAGs
[2026-03-28T22:17:33.547+0000] {logging_mixin.py:188} INFO - [2026-03-28T22:17:33.546+0000] {dag.py:3823} INFO - Setting next_dagrun for create_market_table_dag to None, run_after=None
[2026-03-28T22:17:33.599+0000] {processor.py:183} INFO - Processing /opt/airflow/dags/create_market_table_dag.py took 0.193 seconds
[2026-03-28T22:18:05.485+0000] {processor.py:161} INFO - Started process (PID=893) to work on /opt/airflow/dags/create_market_table_dag.py
[2026-03-28T22:18:05.489+0000] {processor.py:830} INFO - Processing file /opt/airflow/dags/create_market_table_dag.py for tasks to queue
[2026-03-28T22:18:05.492+0000] {logging_mixin.py:188} INFO - [2026-03-28T22:18:05.491+0000] {dagbag.py:538} INFO - Filling up the DagBag from /opt/airflow/dags/create_market_table_dag.py
[2026-03-28T22:18:05.528+0000] {processor.py:840} INFO - DAG(s) 'create_market_table_dag' retrieved from /opt/airflow/dags/create_market_table_dag.py
[2026-03-28T22:18:05.571+0000] {logging_mixin.py:188} INFO - [2026-03-28T22:18:05.571+0000] {dag.py:3036} INFO - Sync 1 DAGs
[2026-03-28T22:18:05.592+0000] {logging_mixin.py:188} INFO - [2026-03-28T22:18:05.591+0000] {dag.py:3823} INFO - Setting next_dagrun for create_market_table_dag to None, run_after=None
[2026-03-28T22:18:05.621+0000] {processor.py:183} INFO - Processing /opt/airflow/dags/create_market_table_dag.py took 0.144 seconds
[2026-03-28T22:18:38.581+0000] {processor.py:161} INFO - Started process (PID=903) to work on /opt/airflow/dags/create_market_table_dag.py
[2026-03-28T22:18:38.583+0000] {processor.py:830} INFO - Processing file /opt/airflow/dags/create_market_table_dag.py for tasks to queue
[2026-03-28T22:18:38.585+0000] {logging_mixin.py:188} INFO - [2026-03-28T22:18:38.585+0000] {dagbag.py:538} INFO - Filling up the DagBag from /opt/airflow/dags/create_market_table_dag.py
[2026-03-28T22:18:38.622+0000] {processor.py:840} INFO - DAG(s) 'create_market_table_dag' retrieved from /opt/airflow/dags/create_market_table_dag.py
[2026-03-28T22:18:38.670+0000] {logging_mixin.py:188} INFO - [2026-03-28T22:18:38.670+0000] {dag.py:3036} INFO - Sync 1 DAGs
[2026-03-28T22:18:38.690+0000] {logging_mixin.py:188} INFO - [2026-03-28T22:18:38.690+0000] {dag.py:3823} INFO - Setting next_dagrun for create_market_table_dag to None, run_after=None
[2026-03-28T22:18:38.720+0000] {processor.py:183} INFO - Processing /opt/airflow/dags/create_market_table_dag.py took 0.147 seconds
[2026-03-28T22:19:10.767+0000] {processor.py:161} INFO - Started process (PID=913) to work on /opt/airflow/dags/create_market_table_dag.py
[2026-03-28T22:19:10.771+0000] {processor.py:830} INFO - Processing file /opt/airflow/dags/create_market_table_dag.py for tasks to queue
[2026-03-28T22:19:10.773+0000] {logging_mixin.py:188} INFO - [2026-03-28T22:19:10.773+0000] {dagbag.py:538} INFO - Filling up the DagBag from /opt/airflow/dags/create_market_table_dag.py
[2026-03-28T22:19:10.817+0000] {processor.py:840} INFO - DAG(s) 'create_market_table_dag' retrieved from /opt/airflow/dags/create_market_table_dag.py
[2026-03-28T22:19:10.880+0000] {logging_mixin.py:188} INFO - [2026-03-28T22:19:10.880+0000] {dag.py:3036} INFO - Sync 1 DAGs
[2026-03-28T22:19:10.903+0000] {logging_mixin.py:188} INFO - [2026-03-28T22:19:10.903+0000] {dag.py:3823} INFO - Setting next_dagrun for create_market_table_dag to None, run_after=None
[2026-03-28T22:19:10.940+0000] {processor.py:183} INFO - Processing /opt/airflow/dags/create_market_table_dag.py took 0.182 seconds
[2026-03-28T22:19:43.974+0000] {processor.py:161} INFO - Started process (PID=923) to work on /opt/airflow/dags/create_market_table_dag.py
[2026-03-28T22:19:43.976+0000] {processor.py:830} INFO - Processing file /opt/airflow/dags/create_market_table_dag.py for tasks to queue
[2026-03-28T22:19:43.981+0000] {logging_mixin.py:188} INFO - [2026-03-28T22:19:43.979+0000] {dagbag.py:538} INFO - Filling up the DagBag from /opt/airflow/dags/create_market_table_dag.py
[2026-03-28T22:19:44.041+0000] {processor.py:840} INFO - DAG(s) 'create_market_table_dag' retrieved from /opt/airflow/dags/create_market_table_dag.py
[2026-03-28T22:19:44.095+0000] {logging_mixin.py:188} INFO - [2026-03-28T22:19:44.094+0000] {dag.py:3036} INFO - Sync 1 DAGs
[2026-03-28T22:19:44.119+0000] {logging_mixin.py:188} INFO - [2026-03-28T22:19:44.118+0000] {dag.py:3823} INFO - Setting next_dagrun for create_market_table_dag to None, run_after=None
[2026-03-28T22:19:44.159+0000] {processor.py:183} INFO - Processing /opt/airflow/dags/create_market_table_dag.py took 0.193 seconds
[2026-03-28T22:20:16.063+0000] {processor.py:161} INFO - Started process (PID=935) to work on /opt/airflow/dags/create_market_table_dag.py
[2026-03-28T22:20:16.066+0000] {processor.py:830} INFO - Processing file /opt/airflow/dags/create_market_table_dag.py for tasks to queue
[2026-03-28T22:20:16.069+0000] {logging_mixin.py:188} INFO - [2026-03-28T22:20:16.068+0000] {dagbag.py:538} INFO - Filling up the DagBag from /opt/airflow/dags/create_market_table_dag.py
[2026-03-28T22:20:16.109+0000] {processor.py:840} INFO - DAG(s) 'create_market_table_dag' retrieved from /opt/airflow/dags/create_market_table_dag.py
[2026-03-28T22:20:16.163+0000] {logging_mixin.py:188} INFO - [2026-03-28T22:20:16.162+0000] {dag.py:3036} INFO - Sync 1 DAGs
[2026-03-28T22:20:16.188+0000] {logging_mixin.py:188} INFO - [2026-03-28T22:20:16.188+0000] {dag.py:3823} INFO - Setting next_dagrun for create_market_table_dag to None, run_after=None
[2026-03-28T22:20:16.232+0000] {processor.py:183} INFO - Processing /opt/airflow/dags/create_market_table_dag.py took 0.182 seconds
[2026-03-28T22:20:49.280+0000] {processor.py:161} INFO - Started process (PID=947) to work on /opt/airflow/dags/create_market_table_dag.py
[2026-03-28T22:20:49.282+0000] {processor.py:830} INFO - Processing file /opt/airflow/dags/create_market_table_dag.py for tasks to queue
[2026-03-28T22:20:49.284+0000] {logging_mixin.py:188} INFO - [2026-03-28T22:20:49.284+0000] {dagbag.py:538} INFO - Filling up the DagBag from /opt/airflow/dags/create_market_table_dag.py
[2026-03-28T22:20:49.321+0000] {processor.py:840} INFO - DAG(s) 'create_market_table_dag' retrieved from /opt/airflow/dags/create_market_table_dag.py
[2026-03-28T22:20:49.367+0000] {logging_mixin.py:188} INFO - [2026-03-28T22:20:49.366+0000] {dag.py:3036} INFO - Sync 1 DAGs
[2026-03-28T22:20:49.385+0000] {logging_mixin.py:188} INFO - [2026-03-28T22:20:49.384+0000] {dag.py:3823} INFO - Setting next_dagrun for create_market_table_dag to None, run_after=None
[2026-03-28T22:20:49.424+0000] {processor.py:183} INFO - Processing /opt/airflow/dags/create_market_table_dag.py took 0.151 seconds
[2026-03-28T22:21:21.515+0000] {processor.py:161} INFO - Started process (PID=959) to work on /opt/airflow/dags/create_market_table_dag.py
[2026-03-28T22:21:21.517+0000] {processor.py:830} INFO - Processing file /opt/airflow/dags/create_market_table_dag.py for tasks to queue
[2026-03-28T22:21:21.519+0000] {logging_mixin.py:188} INFO - [2026-03-28T22:21:21.519+0000] {dagbag.py:538} INFO - Filling up the DagBag from /opt/airflow/dags/create_market_table_dag.py
[2026-03-28T22:21:21.557+0000] {processor.py:840} INFO - DAG(s) 'create_market_table_dag' retrieved from /opt/airflow/dags/create_market_table_dag.py
[2026-03-28T22:21:21.600+0000] {logging_mixin.py:188} INFO - [2026-03-28T22:21:21.599+0000] {dag.py:3036} INFO - Sync 1 DAGs
[2026-03-28T22:21:21.619+0000] {logging_mixin.py:188} INFO - [2026-03-28T22:21:21.619+0000] {dag.py:3823} INFO - Setting next_dagrun for create_market_table_dag to None, run_after=None
[2026-03-28T22:21:21.647+0000] {processor.py:183} INFO - Processing /opt/airflow/dags/create_market_table_dag.py took 0.138 seconds
[2026-03-28T22:21:53.686+0000] {processor.py:161} INFO - Started process (PID=969) to work on /opt/airflow/dags/create_market_table_dag.py
[2026-03-28T22:21:53.688+0000] {processor.py:830} INFO - Processing file /opt/airflow/dags/create_market_table_dag.py for tasks to queue
[2026-03-28T22:21:53.691+0000] {logging_mixin.py:188} INFO - [2026-03-28T22:21:53.690+0000] {dagbag.py:538} INFO - Filling up the DagBag from /opt/airflow/dags/create_market_table_dag.py
[2026-03-28T22:21:53.725+0000] {processor.py:840} INFO - DAG(s) 'create_market_table_dag' retrieved from /opt/airflow/dags/create_market_table_dag.py
[2026-03-28T22:21:53.774+0000] {logging_mixin.py:188} INFO - [2026-03-28T22:21:53.773+0000] {dag.py:3036} INFO - Sync 1 DAGs
[2026-03-28T22:21:53.794+0000] {logging_mixin.py:188} INFO - [2026-03-28T22:21:53.794+0000] {dag.py:3823} INFO - Setting next_dagrun for create_market_table_dag to None, run_after=None
[2026-03-28T22:21:53.828+0000] {processor.py:183} INFO - Processing /opt/airflow/dags/create_market_table_dag.py took 0.151 seconds
[2026-03-28T22:22:26.926+0000] {processor.py:161} INFO - Started process (PID=981) to work on /opt/airflow/dags/create_market_table_dag.py
[2026-03-28T22:22:26.932+0000] {processor.py:830} INFO - Processing file /opt/airflow/dags/create_market_table_dag.py for tasks to queue
[2026-03-28T22:22:26.934+0000] {logging_mixin.py:188} INFO - [2026-03-28T22:22:26.933+0000] {dagbag.py:538} INFO - Filling up the DagBag from /opt/airflow/dags/create_market_table_dag.py
[2026-03-28T22:22:26.971+0000] {processor.py:840} INFO - DAG(s) 'create_market_table_dag' retrieved from /opt/airflow/dags/create_market_table_dag.py
[2026-03-28T22:22:27.041+0000] {logging_mixin.py:188} INFO - [2026-03-28T22:22:27.040+0000] {dag.py:3036} INFO - Sync 1 DAGs
[2026-03-28T22:22:27.062+0000] {logging_mixin.py:188} INFO - [2026-03-28T22:22:27.061+0000] {dag.py:3823} INFO - Setting next_dagrun for create_market_table_dag to None, run_after=None
[2026-03-28T22:22:27.095+0000] {processor.py:183} INFO - Processing /opt/airflow/dags/create_market_table_dag.py took 0.177 seconds
[2026-03-28T22:22:35.329+0000] {processor.py:161} INFO - Started process (PID=991) to work on /opt/airflow/dags/create_market_table_dag.py
[2026-03-28T22:22:35.331+0000] {processor.py:830} INFO - Processing file /opt/airflow/dags/create_market_table_dag.py for tasks to queue
[2026-03-28T22:22:35.334+0000] {logging_mixin.py:188} INFO - [2026-03-28T22:22:35.333+0000] {dagbag.py:538} INFO - Filling up the DagBag from /opt/airflow/dags/create_market_table_dag.py
[2026-03-28T22:22:35.391+0000] {processor.py:840} INFO - DAG(s) 'create_market_table_dag' retrieved from /opt/airflow/dags/create_market_table_dag.py
[2026-03-28T22:22:35.438+0000] {logging_mixin.py:188} INFO - [2026-03-28T22:22:35.438+0000] {dag.py:3036} INFO - Sync 1 DAGs
[2026-03-28T22:22:35.461+0000] {logging_mixin.py:188} INFO - [2026-03-28T22:22:35.460+0000] {dag.py:3823} INFO - Setting next_dagrun for create_market_table_dag to None, run_after=None
[2026-03-28T22:22:35.513+0000] {processor.py:183} INFO - Processing /opt/airflow/dags/create_market_table_dag.py took 0.192 seconds
[2026-03-28T22:23:06.523+0000] {processor.py:161} INFO - Started process (PID=1002) to work on /opt/airflow/dags/create_market_table_dag.py
[2026-03-28T22:23:06.525+0000] {processor.py:830} INFO - Processing file /opt/airflow/dags/create_market_table_dag.py for tasks to queue
[2026-03-28T22:23:06.526+0000] {logging_mixin.py:188} INFO - [2026-03-28T22:23:06.526+0000] {dagbag.py:538} INFO - Filling up the DagBag from /opt/airflow/dags/create_market_table_dag.py
[2026-03-28T22:23:06.563+0000] {processor.py:840} INFO - DAG(s) 'create_market_table_dag' retrieved from /opt/airflow/dags/create_market_table_dag.py
[2026-03-28T22:23:06.617+0000] {logging_mixin.py:188} INFO - [2026-03-28T22:23:06.617+0000] {dag.py:3036} INFO - Sync 1 DAGs
[2026-03-28T22:23:06.651+0000] {logging_mixin.py:188} INFO - [2026-03-28T22:23:06.651+0000] {dag.py:3823} INFO - Setting next_dagrun for create_market_table_dag to None, run_after=None
[2026-03-28T22:23:06.692+0000] {processor.py:183} INFO - Processing /opt/airflow/dags/create_market_table_dag.py took 0.175 seconds
[2026-03-28T22:23:36.813+0000] {processor.py:161} INFO - Started process (PID=1015) to work on /opt/airflow/dags/create_market_table_dag.py
[2026-03-28T22:23:36.816+0000] {processor.py:830} INFO - Processing file /opt/airflow/dags/create_market_table_dag.py for tasks to queue
[2026-03-28T22:23:36.817+0000] {logging_mixin.py:188} INFO - [2026-03-28T22:23:36.817+0000] {dagbag.py:538} INFO - Filling up the DagBag from /opt/airflow/dags/create_market_table_dag.py
[2026-03-28T22:23:36.860+0000] {processor.py:840} INFO - DAG(s) 'create_market_table_dag' retrieved from /opt/airflow/dags/create_market_table_dag.py
[2026-03-28T22:23:36.917+0000] {logging_mixin.py:188} INFO - [2026-03-28T22:23:36.917+0000] {dag.py:3036} INFO - Sync 1 DAGs
[2026-03-28T22:23:36.942+0000] {logging_mixin.py:188} INFO - [2026-03-28T22:23:36.941+0000] {dag.py:3823} INFO - Setting next_dagrun for create_market_table_dag to None, run_after=None
[2026-03-28T22:23:36.978+0000] {processor.py:183} INFO - Processing /opt/airflow/dags/create_market_table_dag.py took 0.172 seconds
[2026-03-28T22:24:07.092+0000] {processor.py:161} INFO - Started process (PID=1027) to work on /opt/airflow/dags/create_market_table_dag.py
[2026-03-28T22:24:07.095+0000] {processor.py:830} INFO - Processing file /opt/airflow/dags/create_market_table_dag.py for tasks to queue
[2026-03-28T22:24:07.096+0000] {logging_mixin.py:188} INFO - [2026-03-28T22:24:07.096+0000] {dagbag.py:538} INFO - Filling up the DagBag from /opt/airflow/dags/create_market_table_dag.py
[2026-03-28T22:24:07.132+0000] {processor.py:840} INFO - DAG(s) 'create_market_table_dag' retrieved from /opt/airflow/dags/create_market_table_dag.py
[2026-03-28T22:24:07.179+0000] {logging_mixin.py:188} INFO - [2026-03-28T22:24:07.178+0000] {dag.py:3036} INFO - Sync 1 DAGs
[2026-03-28T22:24:07.200+0000] {logging_mixin.py:188} INFO - [2026-03-28T22:24:07.199+0000] {dag.py:3823} INFO - Setting next_dagrun for create_market_table_dag to None, run_after=None
[2026-03-28T22:24:07.234+0000] {processor.py:183} INFO - Processing /opt/airflow/dags/create_market_table_dag.py took 0.148 seconds
[2026-03-28T22:24:38.274+0000] {processor.py:161} INFO - Started process (PID=1032) to work on /opt/airflow/dags/create_market_table_dag.py
[2026-03-28T22:24:38.281+0000] {processor.py:830} INFO - Processing file /opt/airflow/dags/create_market_table_dag.py for tasks to queue
[2026-03-28T22:24:38.287+0000] {logging_mixin.py:188} INFO - [2026-03-28T22:24:38.285+0000] {dagbag.py:538} INFO - Filling up the DagBag from /opt/airflow/dags/create_market_table_dag.py
[2026-03-28T22:24:38.346+0000] {processor.py:840} INFO - DAG(s) 'create_market_table_dag' retrieved from /opt/airflow/dags/create_market_table_dag.py
[2026-03-28T22:24:38.417+0000] {logging_mixin.py:188} INFO - [2026-03-28T22:24:38.416+0000] {dag.py:3036} INFO - Sync 1 DAGs
[2026-03-28T22:24:38.442+0000] {logging_mixin.py:188} INFO - [2026-03-28T22:24:38.441+0000] {dag.py:3823} INFO - Setting next_dagrun for create_market_table_dag to None, run_after=None
[2026-03-28T22:24:38.481+0000] {processor.py:183} INFO - Processing /opt/airflow/dags/create_market_table_dag.py took 0.228 seconds
[2026-03-28T22:25:10.544+0000] {processor.py:161} INFO - Started process (PID=1046) to work on /opt/airflow/dags/create_market_table_dag.py
[2026-03-28T22:25:10.546+0000] {processor.py:830} INFO - Processing file /opt/airflow/dags/create_market_table_dag.py for tasks to queue
[2026-03-28T22:25:10.548+0000] {logging_mixin.py:188} INFO - [2026-03-28T22:25:10.548+0000] {dagbag.py:538} INFO - Filling up the DagBag from /opt/airflow/dags/create_market_table_dag.py
[2026-03-28T22:25:10.595+0000] {processor.py:840} INFO - DAG(s) 'create_market_table_dag' retrieved from /opt/airflow/dags/create_market_table_dag.py
[2026-03-28T22:25:10.642+0000] {logging_mixin.py:188} INFO - [2026-03-28T22:25:10.642+0000] {dag.py:3036} INFO - Sync 1 DAGs
[2026-03-28T22:25:10.663+0000] {logging_mixin.py:188} INFO - [2026-03-28T22:25:10.663+0000] {dag.py:3823} INFO - Setting next_dagrun for create_market_table_dag to None, run_after=None
[2026-03-28T22:25:10.697+0000] {processor.py:183} INFO - Processing /opt/airflow/dags/create_market_table_dag.py took 0.161 seconds
[2026-03-28T22:25:42.751+0000] {processor.py:161} INFO - Started process (PID=1056) to work on /opt/airflow/dags/create_market_table_dag.py
[2026-03-28T22:25:42.753+0000] {processor.py:830} INFO - Processing file /opt/airflow/dags/create_market_table_dag.py for tasks to queue
[2026-03-28T22:25:42.755+0000] {logging_mixin.py:188} INFO - [2026-03-28T22:25:42.755+0000] {dagbag.py:538} INFO - Filling up the DagBag from /opt/airflow/dags/create_market_table_dag.py
[2026-03-28T22:25:42.789+0000] {processor.py:840} INFO - DAG(s) 'create_market_table_dag' retrieved from /opt/airflow/dags/create_market_table_dag.py
[2026-03-28T22:25:42.843+0000] {logging_mixin.py:188} INFO - [2026-03-28T22:25:42.842+0000] {dag.py:3036} INFO - Sync 1 DAGs
[2026-03-28T22:25:42.866+0000] {logging_mixin.py:188} INFO - [2026-03-28T22:25:42.865+0000] {dag.py:3823} INFO - Setting next_dagrun for create_market_table_dag to None, run_after=None
[2026-03-28T22:25:42.903+0000] {processor.py:183} INFO - Processing /opt/airflow/dags/create_market_table_dag.py took 0.159 seconds
[2026-03-28T22:26:15.989+0000] {processor.py:161} INFO - Started process (PID=1070) to work on /opt/airflow/dags/create_market_table_dag.py
[2026-03-28T22:26:15.991+0000] {processor.py:830} INFO - Processing file /opt/airflow/dags/create_market_table_dag.py for tasks to queue
[2026-03-28T22:26:15.993+0000] {logging_mixin.py:188} INFO - [2026-03-28T22:26:15.992+0000] {dagbag.py:538} INFO - Filling up the DagBag from /opt/airflow/dags/create_market_table_dag.py
[2026-03-28T22:26:16.033+0000] {processor.py:840} INFO - DAG(s) 'create_market_table_dag' retrieved from /opt/airflow/dags/create_market_table_dag.py
[2026-03-28T22:26:16.086+0000] {logging_mixin.py:188} INFO - [2026-03-28T22:26:16.086+0000] {dag.py:3036} INFO - Sync 1 DAGs
[2026-03-28T22:26:16.110+0000] {logging_mixin.py:188} INFO - [2026-03-28T22:26:16.109+0000] {dag.py:3823} INFO - Setting next_dagrun for create_market_table_dag to None, run_after=None
[2026-03-28T22:26:16.144+0000] {processor.py:183} INFO - Processing /opt/airflow/dags/create_market_table_dag.py took 0.162 seconds
[2026-03-28T22:26:49.224+0000] {processor.py:161} INFO - Started process (PID=1080) to work on /opt/airflow/dags/create_market_table_dag.py
[2026-03-28T22:26:49.226+0000] {processor.py:830} INFO - Processing file /opt/airflow/dags/create_market_table_dag.py for tasks to queue
[2026-03-28T22:26:49.228+0000] {logging_mixin.py:188} INFO - [2026-03-28T22:26:49.228+0000] {dagbag.py:538} INFO - Filling up the DagBag from /opt/airflow/dags/create_market_table_dag.py
[2026-03-28T22:26:49.261+0000] {processor.py:840} INFO - DAG(s) 'create_market_table_dag' retrieved from /opt/airflow/dags/create_market_table_dag.py
[2026-03-28T22:26:49.307+0000] {logging_mixin.py:188} INFO - [2026-03-28T22:26:49.306+0000] {dag.py:3036} INFO - Sync 1 DAGs
[2026-03-28T22:26:49.327+0000] {logging_mixin.py:188} INFO - [2026-03-28T22:26:49.327+0000] {dag.py:3823} INFO - Setting next_dagrun for create_market_table_dag to None, run_after=None
[2026-03-28T22:26:49.358+0000] {processor.py:183} INFO - Processing /opt/airflow/dags/create_market_table_dag.py took 0.140 seconds
[2026-03-28T22:27:21.471+0000] {processor.py:161} INFO - Started process (PID=1092) to work on /opt/airflow/dags/create_market_table_dag.py
[2026-03-28T22:27:21.474+0000] {processor.py:830} INFO - Processing file /opt/airflow/dags/create_market_table_dag.py for tasks to queue
[2026-03-28T22:27:21.476+0000] {logging_mixin.py:188} INFO - [2026-03-28T22:27:21.475+0000] {dagbag.py:538} INFO - Filling up the DagBag from /opt/airflow/dags/create_market_table_dag.py
[2026-03-28T22:27:21.524+0000] {processor.py:840} INFO - DAG(s) 'create_market_table_dag' retrieved from /opt/airflow/dags/create_market_table_dag.py
[2026-03-28T22:27:21.588+0000] {logging_mixin.py:188} INFO - [2026-03-28T22:27:21.587+0000] {dag.py:3036} INFO - Sync 1 DAGs
[2026-03-28T22:27:21.613+0000] {logging_mixin.py:188} INFO - [2026-03-28T22:27:21.612+0000] {dag.py:3823} INFO - Setting next_dagrun for create_market_table_dag to None, run_after=None
[2026-03-28T22:27:21.644+0000] {processor.py:183} INFO - Processing /opt/airflow/dags/create_market_table_dag.py took 0.185 seconds
