[2026-03-28T22:16:01.813+0000] {taskinstance.py:1956} INFO - Dependencies all met for dep_context=non-requeueable deps ti=<TaskInstance: market_etl_pipeline.run_etl scheduled__2026-03-28T22:10:00+00:00 [queued]>
[2026-03-28T22:16:01.827+0000] {taskinstance.py:1956} INFO - Dependencies all met for dep_context=requeueable deps ti=<TaskInstance: market_etl_pipeline.run_etl scheduled__2026-03-28T22:10:00+00:00 [queued]>
[2026-03-28T22:16:01.828+0000] {taskinstance.py:2170} INFO - Starting attempt 2 of 3
[2026-03-28T22:16:01.848+0000] {taskinstance.py:2191} INFO - Executing <Task(PythonOperator): run_etl> on 2026-03-28 22:10:00+00:00
[2026-03-28T22:16:01.862+0000] {standard_task_runner.py:60} INFO - Started process 860 to run task
[2026-03-28T22:16:01.866+0000] {standard_task_runner.py:87} INFO - Running: ['***', 'tasks', 'run', 'market_etl_pipeline', 'run_etl', 'scheduled__2026-03-28T22:10:00+00:00', '--job-id', '25', '--raw', '--subdir', 'DAGS_FOLDER/etl_dag.py', '--cfg-path', '/tmp/tmpf7hj03h9']
[2026-03-28T22:16:01.871+0000] {standard_task_runner.py:88} INFO - Job 25: Subtask run_etl
[2026-03-28T22:16:02.006+0000] {task_command.py:423} INFO - Running <TaskInstance: market_etl_pipeline.run_etl scheduled__2026-03-28T22:10:00+00:00 [running]> on host f100b222ca3f
[2026-03-28T22:16:02.134+0000] {taskinstance.py:2480} INFO - Exporting env vars: AIRFLOW_CTX_DAG_OWNER='***' AIRFLOW_CTX_DAG_ID='market_etl_pipeline' AIRFLOW_CTX_TASK_ID='run_etl' AIRFLOW_CTX_EXECUTION_DATE='2026-03-28T22:10:00+00:00' AIRFLOW_CTX_TRY_NUMBER='2' AIRFLOW_CTX_DAG_RUN_ID='scheduled__2026-03-28T22:10:00+00:00'
[2026-03-28T22:16:02.148+0000] {extract.py:23} INFO - Extracted 10 records
[2026-03-28T22:16:02.150+0000] {logging_mixin.py:188} INFO - [{'instrument_id': 'BTC-USD', 'price': 23664.66, 'volume': 56.07, 'timestamp': '2026-03-28T22:16:02.146530'}, {'instrument_id': 'GOOG', 'price': 49174.77, 'volume': 858.84, 'timestamp': '2026-03-28T22:16:02.146545'}, {'instrument_id': 'GOOG', 'price': 38730.86, 'volume': 950.6, 'timestamp': '2026-03-28T22:16:02.146550'}, {'instrument_id': 'GOOG', 'price': 'invalid', 'volume': 163.81, 'timestamp': '2026-03-28T22:16:02.146554'}, {'instrument_id': 'ETH-USD', 'price': 23826.28, 'volume': 335.17, 'timestamp': '2026-03-28T22:16:02.146557'}, {'instrument_id': 'ETH-USD', 'price': 12125.82, 'volume': 898.94, 'timestamp': '2026-03-28T22:16:02.146561'}, {'instrument_id': 'ETH-USD', 'price': 38753.72, 'volume': 914.67, 'timestamp': '2026-03-28T22:16:02.146564'}, {'instrument_id': 'GOOG', 'price': 13171.49, 'volume': 968.17, 'timestamp': '2026-03-28T22:16:02.146567'}, {'instrument_id': 'GOOG', 'price': 38444.78, 'volume': 958.22, 'timestamp': '2026-03-28T22:16:02.146570'}, {'instrument_id': 'BTC-USD', 'price': 1649.77, 'volume': 923.78, 'timestamp': '2026-03-28T22:16:02.146574'}]
[2026-03-28T22:16:02.151+0000] {validate.py:23} WARNING - Validation failed: 1 validation error for MarketData
price
  Input should be a valid number, unable to parse string as a number [type=float_parsing, input_value='invalid', input_type=str]
    For further information visit https://errors.pydantic.dev/2.5/v/float_parsing
[2026-03-28T22:16:02.152+0000] {validate.py:26} INFO - Valid records: 9, Dropped: 1
[2026-03-28T22:16:02.162+0000] {taskinstance.py:2698} ERROR - Task failed with exception
Traceback (most recent call last):
  File "/home/airflow/.local/lib/python3.8/site-packages/airflow/models/taskinstance.py", line 433, in _execute_task
    result = execute_callable(context=context, **execute_callable_kwargs)
  File "/home/airflow/.local/lib/python3.8/site-packages/airflow/operators/python.py", line 199, in execute
    return_value = self.execute_callable()
  File "/home/airflow/.local/lib/python3.8/site-packages/airflow/operators/python.py", line 216, in execute_callable
    return self.python_callable(*self.op_args, **self.op_kwargs)
  File "/opt/airflow/dags/etl_dag.py", line 22, in run_etl
    load_data(transformed_data)
  File "/opt/airflow/etl/load.py", line 43, in load_data
    execute_values(cursor, query, values)
  File "/home/airflow/.local/lib/python3.8/site-packages/psycopg2/extras.py", line 1299, in execute_values
    cur.execute(b''.join(parts))
psycopg2.errors.UndefinedColumn: column "instrument_id" of relation "market_data" does not exist
LINE 3:         instrument_id, price, volume, timestamp, vwap, is_ou...
                ^

[2026-03-28T22:16:02.196+0000] {taskinstance.py:1138} INFO - Marking task as UP_FOR_RETRY. dag_id=market_etl_pipeline, task_id=run_etl, execution_date=20260328T221000, start_date=20260328T221601, end_date=20260328T221602
[2026-03-28T22:16:02.214+0000] {standard_task_runner.py:107} ERROR - Failed to execute job 25 for task run_etl (column "instrument_id" of relation "market_data" does not exist
LINE 3:         instrument_id, price, volume, timestamp, vwap, is_ou...
                ^
; 860)
[2026-03-28T22:16:02.240+0000] {local_task_job_runner.py:234} INFO - Task exited with return code 1
[2026-03-28T22:16:02.268+0000] {taskinstance.py:3280} INFO - 0 downstream tasks scheduled from follow-on schedule check
