[2026-03-28T22:15:00.997+0000] {taskinstance.py:1956} INFO - Dependencies all met for dep_context=non-requeueable deps ti=<TaskInstance: market_etl_pipeline.run_etl scheduled__2026-03-28T22:10:00+00:00 [queued]>
[2026-03-28T22:15:01.009+0000] {taskinstance.py:1956} INFO - Dependencies all met for dep_context=requeueable deps ti=<TaskInstance: market_etl_pipeline.run_etl scheduled__2026-03-28T22:10:00+00:00 [queued]>
[2026-03-28T22:15:01.010+0000] {taskinstance.py:2170} INFO - Starting attempt 1 of 3
[2026-03-28T22:15:01.026+0000] {taskinstance.py:2191} INFO - Executing <Task(PythonOperator): run_etl> on 2026-03-28 22:10:00+00:00
[2026-03-28T22:15:01.035+0000] {standard_task_runner.py:60} INFO - Started process 836 to run task
[2026-03-28T22:15:01.040+0000] {standard_task_runner.py:87} INFO - Running: ['***', 'tasks', 'run', 'market_etl_pipeline', 'run_etl', 'scheduled__2026-03-28T22:10:00+00:00', '--job-id', '23', '--raw', '--subdir', 'DAGS_FOLDER/etl_dag.py', '--cfg-path', '/tmp/tmpps0sfxwt']
[2026-03-28T22:15:01.043+0000] {standard_task_runner.py:88} INFO - Job 23: Subtask run_etl
[2026-03-28T22:15:01.141+0000] {task_command.py:423} INFO - Running <TaskInstance: market_etl_pipeline.run_etl scheduled__2026-03-28T22:10:00+00:00 [running]> on host f100b222ca3f
[2026-03-28T22:15:01.260+0000] {taskinstance.py:2480} INFO - Exporting env vars: AIRFLOW_CTX_DAG_OWNER='***' AIRFLOW_CTX_DAG_ID='market_etl_pipeline' AIRFLOW_CTX_TASK_ID='run_etl' AIRFLOW_CTX_EXECUTION_DATE='2026-03-28T22:10:00+00:00' AIRFLOW_CTX_TRY_NUMBER='1' AIRFLOW_CTX_DAG_RUN_ID='scheduled__2026-03-28T22:10:00+00:00'
[2026-03-28T22:15:01.272+0000] {extract.py:23} INFO - Extracted 10 records
[2026-03-28T22:15:01.273+0000] {logging_mixin.py:188} INFO - [{'instrument_id': 'GOOG', 'price': 18128.1, 'volume': 846.06, 'timestamp': '2026-03-28T22:15:01.269818'}, {'instrument_id': 'ETH-USD', 'price': 9710.65, 'volume': 890.54, 'timestamp': '2026-03-28T22:15:01.269830'}, {'instrument_id': 'AAPL', 'price': 'invalid', 'volume': 628.29, 'timestamp': '2026-03-28T22:15:01.269833'}, {'instrument_id': 'AAPL', 'price': 10481.59, 'volume': 483.01, 'timestamp': '2026-03-28T22:15:01.269837'}, {'instrument_id': 'GOOG', 'price': 'invalid', 'volume': 627.67, 'timestamp': '2026-03-28T22:15:01.269840'}, {'instrument_id': 'AAPL', 'price': 28540.04, 'volume': 230.34, 'timestamp': '2026-03-28T22:15:01.269843'}, {'instrument_id': 'ETH-USD', 'price': 9175.23, 'volume': 891.74, 'timestamp': '2026-03-28T22:15:01.269847'}, {'instrument_id': 'BTC-USD', 'price': 39880.39, 'volume': 792.81, 'timestamp': '2026-03-28T22:15:01.269850'}, {'instrument_id': 'BTC-USD', 'price': 'invalid', 'volume': 88.74, 'timestamp': '2026-03-28T22:15:01.269852'}, {'instrument_id': 'GOOG', 'price': 44997.72, 'volume': 933.92, 'timestamp': '2026-03-28T22:15:01.269856'}]
[2026-03-28T22:15:01.280+0000] {validate.py:23} WARNING - Validation failed: 1 validation error for MarketData
price
  Input should be a valid number, unable to parse string as a number [type=float_parsing, input_value='invalid', input_type=str]
    For further information visit https://errors.pydantic.dev/2.5/v/float_parsing
[2026-03-28T22:15:01.282+0000] {validate.py:23} WARNING - Validation failed: 1 validation error for MarketData
price
  Input should be a valid number, unable to parse string as a number [type=float_parsing, input_value='invalid', input_type=str]
    For further information visit https://errors.pydantic.dev/2.5/v/float_parsing
[2026-03-28T22:15:01.283+0000] {validate.py:23} WARNING - Validation failed: 1 validation error for MarketData
price
  Input should be a valid number, unable to parse string as a number [type=float_parsing, input_value='invalid', input_type=str]
    For further information visit https://errors.pydantic.dev/2.5/v/float_parsing
[2026-03-28T22:15:01.283+0000] {validate.py:26} INFO - Valid records: 7, Dropped: 3
[2026-03-28T22:15:01.294+0000] {taskinstance.py:2698} ERROR - Task failed with exception
Traceback (most recent call last):
  File "/home/airflow/.local/lib/python3.8/site-packages/airflow/models/taskinstance.py", line 433, in _execute_task
    result = execute_callable(context=context, **execute_callable_kwargs)
  File "/home/airflow/.local/lib/python3.8/site-packages/airflow/operators/python.py", line 199, in execute
    return_value = self.execute_callable()
  File "/home/airflow/.local/lib/python3.8/site-packages/airflow/operators/python.py", line 216, in execute_callable
    return self.python_callable(*self.op_args, **self.op_kwargs)
  File "/opt/airflow/dags/etl_dag.py", line 22, in run_etl
    load_data(transformed_data)
  File "/opt/airflow/etl/load.py", line 43, in load_data
    execute_values(cursor, query, values)
  File "/home/airflow/.local/lib/python3.8/site-packages/psycopg2/extras.py", line 1299, in execute_values
    cur.execute(b''.join(parts))
psycopg2.errors.UndefinedColumn: column "instrument_id" of relation "market_data" does not exist
LINE 3:         instrument_id, price, volume, timestamp, vwap, is_ou...
                ^

[2026-03-28T22:15:01.323+0000] {taskinstance.py:1138} INFO - Marking task as UP_FOR_RETRY. dag_id=market_etl_pipeline, task_id=run_etl, execution_date=20260328T221000, start_date=20260328T221500, end_date=20260328T221501
[2026-03-28T22:15:01.339+0000] {standard_task_runner.py:107} ERROR - Failed to execute job 23 for task run_etl (column "instrument_id" of relation "market_data" does not exist
LINE 3:         instrument_id, price, volume, timestamp, vwap, is_ou...
                ^
; 836)
[2026-03-28T22:15:01.373+0000] {local_task_job_runner.py:234} INFO - Task exited with return code 1
[2026-03-28T22:15:01.430+0000] {taskinstance.py:3280} INFO - 0 downstream tasks scheduled from follow-on schedule check
