[2026-03-28T22:17:02.873+0000] {taskinstance.py:1956} INFO - Dependencies all met for dep_context=non-requeueable deps ti=<TaskInstance: market_etl_pipeline.run_etl scheduled__2026-03-28T22:10:00+00:00 [queued]>
[2026-03-28T22:17:02.885+0000] {taskinstance.py:1956} INFO - Dependencies all met for dep_context=requeueable deps ti=<TaskInstance: market_etl_pipeline.run_etl scheduled__2026-03-28T22:10:00+00:00 [queued]>
[2026-03-28T22:17:02.886+0000] {taskinstance.py:2170} INFO - Starting attempt 3 of 3
[2026-03-28T22:17:02.902+0000] {taskinstance.py:2191} INFO - Executing <Task(PythonOperator): run_etl> on 2026-03-28 22:10:00+00:00
[2026-03-28T22:17:02.911+0000] {standard_task_runner.py:60} INFO - Started process 882 to run task
[2026-03-28T22:17:02.916+0000] {standard_task_runner.py:87} INFO - Running: ['***', 'tasks', 'run', 'market_etl_pipeline', 'run_etl', 'scheduled__2026-03-28T22:10:00+00:00', '--job-id', '26', '--raw', '--subdir', 'DAGS_FOLDER/etl_dag.py', '--cfg-path', '/tmp/tmpk03ei6ho']
[2026-03-28T22:17:02.919+0000] {standard_task_runner.py:88} INFO - Job 26: Subtask run_etl
[2026-03-28T22:17:03.006+0000] {task_command.py:423} INFO - Running <TaskInstance: market_etl_pipeline.run_etl scheduled__2026-03-28T22:10:00+00:00 [running]> on host f100b222ca3f
[2026-03-28T22:17:03.117+0000] {taskinstance.py:2480} INFO - Exporting env vars: AIRFLOW_CTX_DAG_OWNER='***' AIRFLOW_CTX_DAG_ID='market_etl_pipeline' AIRFLOW_CTX_TASK_ID='run_etl' AIRFLOW_CTX_EXECUTION_DATE='2026-03-28T22:10:00+00:00' AIRFLOW_CTX_TRY_NUMBER='3' AIRFLOW_CTX_DAG_RUN_ID='scheduled__2026-03-28T22:10:00+00:00'
[2026-03-28T22:17:03.133+0000] {extract.py:23} INFO - Extracted 10 records
[2026-03-28T22:17:03.134+0000] {logging_mixin.py:188} INFO - [{'instrument_id': 'AAPL', 'price': 21046.37, 'volume': 655.66, 'timestamp': '2026-03-28T22:17:03.130670'}, {'instrument_id': 'AAPL', 'price': 42855.97, 'volume': 202.29, 'timestamp': '2026-03-28T22:17:03.130682'}, {'instrument_id': 'AAPL', 'price': 'invalid', 'volume': 868.89, 'timestamp': '2026-03-28T22:17:03.130686'}, {'instrument_id': 'AAPL', 'price': 21864.02, 'volume': 782.72, 'timestamp': '2026-03-28T22:17:03.130719'}, {'instrument_id': 'BTC-USD', 'price': 9969.8, 'volume': 905.44, 'timestamp': '2026-03-28T22:17:03.130725'}, {'instrument_id': 'GOOG', 'price': 43234.14, 'volume': 904.42, 'timestamp': '2026-03-28T22:17:03.130729'}, {'instrument_id': 'AAPL', 'price': 19604.34, 'volume': 171.97, 'timestamp': '2026-03-28T22:17:03.130732'}, {'instrument_id': 'ETH-USD', 'price': 'invalid', 'volume': 24.89, 'timestamp': '2026-03-28T22:17:03.130735'}, {'instrument_id': 'AAPL', 'price': 12487.54, 'volume': 454.27, 'timestamp': '2026-03-28T22:17:03.130738'}, {'instrument_id': 'BTC-USD', 'price': 10774.99, 'volume': 526.0, 'timestamp': '2026-03-28T22:17:03.130742'}]
[2026-03-28T22:17:03.135+0000] {validate.py:23} WARNING - Validation failed: 1 validation error for MarketData
price
  Input should be a valid number, unable to parse string as a number [type=float_parsing, input_value='invalid', input_type=str]
    For further information visit https://errors.pydantic.dev/2.5/v/float_parsing
[2026-03-28T22:17:03.136+0000] {validate.py:23} WARNING - Validation failed: 1 validation error for MarketData
price
  Input should be a valid number, unable to parse string as a number [type=float_parsing, input_value='invalid', input_type=str]
    For further information visit https://errors.pydantic.dev/2.5/v/float_parsing
[2026-03-28T22:17:03.137+0000] {validate.py:26} INFO - Valid records: 8, Dropped: 2
[2026-03-28T22:17:03.146+0000] {taskinstance.py:2698} ERROR - Task failed with exception
Traceback (most recent call last):
  File "/home/airflow/.local/lib/python3.8/site-packages/airflow/models/taskinstance.py", line 433, in _execute_task
    result = execute_callable(context=context, **execute_callable_kwargs)
  File "/home/airflow/.local/lib/python3.8/site-packages/airflow/operators/python.py", line 199, in execute
    return_value = self.execute_callable()
  File "/home/airflow/.local/lib/python3.8/site-packages/airflow/operators/python.py", line 216, in execute_callable
    return self.python_callable(*self.op_args, **self.op_kwargs)
  File "/opt/airflow/dags/etl_dag.py", line 22, in run_etl
    load_data(transformed_data)
  File "/opt/airflow/etl/load.py", line 43, in load_data
    execute_values(cursor, query, values)
  File "/home/airflow/.local/lib/python3.8/site-packages/psycopg2/extras.py", line 1299, in execute_values
    cur.execute(b''.join(parts))
psycopg2.errors.UndefinedColumn: column "instrument_id" of relation "market_data" does not exist
LINE 3:         instrument_id, price, volume, timestamp, vwap, is_ou...
                ^

[2026-03-28T22:17:03.208+0000] {taskinstance.py:1138} INFO - Marking task as FAILED. dag_id=market_etl_pipeline, task_id=run_etl, execution_date=20260328T221000, start_date=20260328T221702, end_date=20260328T221703
[2026-03-28T22:17:03.225+0000] {standard_task_runner.py:107} ERROR - Failed to execute job 26 for task run_etl (column "instrument_id" of relation "market_data" does not exist
LINE 3:         instrument_id, price, volume, timestamp, vwap, is_ou...
                ^
; 882)
[2026-03-28T22:17:03.249+0000] {local_task_job_runner.py:234} INFO - Task exited with return code 1
[2026-03-28T22:17:03.273+0000] {taskinstance.py:3280} INFO - 0 downstream tasks scheduled from follow-on schedule check
