[2026-03-28T22:02:04.768+0000] {taskinstance.py:1956} INFO - Dependencies all met for dep_context=non-requeueable deps ti=<TaskInstance: market_etl_pipeline.run_etl scheduled__2026-03-28T21:55:00+00:00 [queued]>
[2026-03-28T22:02:04.782+0000] {taskinstance.py:1956} INFO - Dependencies all met for dep_context=requeueable deps ti=<TaskInstance: market_etl_pipeline.run_etl scheduled__2026-03-28T21:55:00+00:00 [queued]>
[2026-03-28T22:02:04.783+0000] {taskinstance.py:2170} INFO - Starting attempt 3 of 3
[2026-03-28T22:02:04.799+0000] {taskinstance.py:2191} INFO - Executing <Task(PythonOperator): run_etl> on 2026-03-28 21:55:00+00:00
[2026-03-28T22:02:04.811+0000] {standard_task_runner.py:60} INFO - Started process 586 to run task
[2026-03-28T22:02:04.820+0000] {standard_task_runner.py:87} INFO - Running: ['***', 'tasks', 'run', 'market_etl_pipeline', 'run_etl', 'scheduled__2026-03-28T21:55:00+00:00', '--job-id', '14', '--raw', '--subdir', 'DAGS_FOLDER/etl_dag.py', '--cfg-path', '/tmp/tmpl0022yng']
[2026-03-28T22:02:04.827+0000] {standard_task_runner.py:88} INFO - Job 14: Subtask run_etl
[2026-03-28T22:02:04.942+0000] {task_command.py:423} INFO - Running <TaskInstance: market_etl_pipeline.run_etl scheduled__2026-03-28T21:55:00+00:00 [running]> on host f100b222ca3f
[2026-03-28T22:02:05.078+0000] {taskinstance.py:2480} INFO - Exporting env vars: AIRFLOW_CTX_DAG_OWNER='***' AIRFLOW_CTX_DAG_ID='market_etl_pipeline' AIRFLOW_CTX_TASK_ID='run_etl' AIRFLOW_CTX_EXECUTION_DATE='2026-03-28T21:55:00+00:00' AIRFLOW_CTX_TRY_NUMBER='3' AIRFLOW_CTX_DAG_RUN_ID='scheduled__2026-03-28T21:55:00+00:00'
[2026-03-28T22:02:05.095+0000] {extract.py:23} INFO - Extracted 10 records
[2026-03-28T22:02:05.099+0000] {validate.py:23} WARNING - Validation failed: 1 validation error for MarketData
price
  Input should be a valid number, unable to parse string as a number [type=float_parsing, input_value='invalid', input_type=str]
    For further information visit https://errors.pydantic.dev/2.5/v/float_parsing
[2026-03-28T22:02:05.100+0000] {validate.py:26} INFO - Valid records: 9, Dropped: 1
[2026-03-28T22:02:05.110+0000] {taskinstance.py:2698} ERROR - Task failed with exception
Traceback (most recent call last):
  File "/home/airflow/.local/lib/python3.8/site-packages/airflow/models/taskinstance.py", line 433, in _execute_task
    result = execute_callable(context=context, **execute_callable_kwargs)
  File "/home/airflow/.local/lib/python3.8/site-packages/airflow/operators/python.py", line 199, in execute
    return_value = self.execute_callable()
  File "/home/airflow/.local/lib/python3.8/site-packages/airflow/operators/python.py", line 216, in execute_callable
    return self.python_callable(*self.op_args, **self.op_kwargs)
  File "/opt/airflow/dags/etl_dag.py", line 22, in run_etl
    load_data(transformed_data)
  File "/opt/airflow/etl/load.py", line 43, in load_data
    execute_values(cursor, query, values)
  File "/home/airflow/.local/lib/python3.8/site-packages/psycopg2/extras.py", line 1299, in execute_values
    cur.execute(b''.join(parts))
psycopg2.errors.UndefinedColumn: column "instrument_id" of relation "market_data" does not exist
LINE 3:         instrument_id, price, volume, timestamp, vwap, is_ou...
                ^

[2026-03-28T22:02:05.141+0000] {taskinstance.py:1138} INFO - Marking task as FAILED. dag_id=market_etl_pipeline, task_id=run_etl, execution_date=20260328T215500, start_date=20260328T220204, end_date=20260328T220205
[2026-03-28T22:02:05.158+0000] {standard_task_runner.py:107} ERROR - Failed to execute job 14 for task run_etl (column "instrument_id" of relation "market_data" does not exist
LINE 3:         instrument_id, price, volume, timestamp, vwap, is_ou...
                ^
; 586)
[2026-03-28T22:02:05.192+0000] {local_task_job_runner.py:234} INFO - Task exited with return code 1
[2026-03-28T22:02:05.217+0000] {taskinstance.py:3280} INFO - 0 downstream tasks scheduled from follow-on schedule check
