[2026-03-30T02:50:01.063+0000] {taskinstance.py:1956} INFO - Dependencies all met for dep_context=non-requeueable deps ti=<TaskInstance: market_etl_pipeline.run_etl scheduled__2026-03-30T02:45:00+00:00 [queued]>
[2026-03-30T02:50:01.075+0000] {taskinstance.py:1956} INFO - Dependencies all met for dep_context=requeueable deps ti=<TaskInstance: market_etl_pipeline.run_etl scheduled__2026-03-30T02:45:00+00:00 [queued]>
[2026-03-30T02:50:01.076+0000] {taskinstance.py:2170} INFO - Starting attempt 1 of 3
[2026-03-30T02:50:01.097+0000] {taskinstance.py:2191} INFO - Executing <Task(PythonOperator): run_etl> on 2026-03-30 02:45:00+00:00
[2026-03-30T02:50:01.106+0000] {standard_task_runner.py:60} INFO - Started process 344 to run task
[2026-03-30T02:50:01.112+0000] {standard_task_runner.py:87} INFO - Running: ['***', 'tasks', 'run', 'market_etl_pipeline', 'run_etl', 'scheduled__2026-03-30T02:45:00+00:00', '--job-id', '78', '--raw', '--subdir', 'DAGS_FOLDER/etl_dag.py', '--cfg-path', '/tmp/tmp95452m6j']
[2026-03-30T02:50:01.116+0000] {standard_task_runner.py:88} INFO - Job 78: Subtask run_etl
[2026-03-30T02:50:01.230+0000] {task_command.py:423} INFO - Running <TaskInstance: market_etl_pipeline.run_etl scheduled__2026-03-30T02:45:00+00:00 [running]> on host f100b222ca3f
[2026-03-30T02:50:01.359+0000] {taskinstance.py:2480} INFO - Exporting env vars: AIRFLOW_CTX_DAG_OWNER='***' AIRFLOW_CTX_DAG_ID='market_etl_pipeline' AIRFLOW_CTX_TASK_ID='run_etl' AIRFLOW_CTX_EXECUTION_DATE='2026-03-30T02:45:00+00:00' AIRFLOW_CTX_TRY_NUMBER='1' AIRFLOW_CTX_DAG_RUN_ID='scheduled__2026-03-30T02:45:00+00:00'
[2026-03-30T02:50:01.442+0000] {extract.py:23} INFO - Extracted 10 records
[2026-03-30T02:50:01.443+0000] {logging_mixin.py:188} INFO - [{'instrument_id': 'GOOG', 'price': 22469.74, 'volume': 57.79, 'timestamp': '2026-03-30T02:50:01.426911'}, {'instrument_id': 'BTC-USD', 'price': 29112.02, 'volume': 73.65, 'timestamp': '2026-03-30T02:50:01.427095'}, {'instrument_id': 'AAPL', 'price': 16279.69, 'volume': 207.3, 'timestamp': '2026-03-30T02:50:01.427102'}, {'instrument_id': 'AAPL', 'price': 7260.65, 'volume': 409.23, 'timestamp': '2026-03-30T02:50:01.427105'}, {'instrument_id': 'BTC-USD', 'price': 33784.86, 'volume': 898.94, 'timestamp': '2026-03-30T02:50:01.427109'}, {'instrument_id': 'ETH-USD', 'price': 26867.18, 'volume': 970.88, 'timestamp': '2026-03-30T02:50:01.427112'}, {'instrument_id': 'GOOG', 'price': 36231.47, 'volume': 832.33, 'timestamp': '2026-03-30T02:50:01.427116'}, {'instrument_id': 'AAPL', 'price': 12108.95, 'volume': 345.56, 'timestamp': '2026-03-30T02:50:01.427119'}, {'instrument_id': 'ETH-USD', 'price': 30963.57, 'volume': 193.24, 'timestamp': '2026-03-30T02:50:01.427123'}, {'instrument_id': 'ETH-USD', 'price': 31613.16, 'volume': 16.78, 'timestamp': '2026-03-30T02:50:01.427126'}]
[2026-03-30T02:50:01.450+0000] {validate.py:26} INFO - Valid records: 10, Dropped: 0
[2026-03-30T02:50:01.478+0000] {taskinstance.py:2698} ERROR - Task failed with exception
Traceback (most recent call last):
  File "/home/airflow/.local/lib/python3.8/site-packages/airflow/models/taskinstance.py", line 433, in _execute_task
    result = execute_callable(context=context, **execute_callable_kwargs)
  File "/home/airflow/.local/lib/python3.8/site-packages/airflow/operators/python.py", line 199, in execute
    return_value = self.execute_callable()
  File "/home/airflow/.local/lib/python3.8/site-packages/airflow/operators/python.py", line 216, in execute_callable
    return self.python_callable(*self.op_args, **self.op_kwargs)
  File "/opt/airflow/dags/etl_dag.py", line 22, in run_etl
    load_data(transformed_data)
  File "/opt/airflow/etl/load.py", line 43, in load_data
    execute_values(cursor, query, values)
  File "/home/airflow/.local/lib/python3.8/site-packages/psycopg2/extras.py", line 1299, in execute_values
    cur.execute(b''.join(parts))
psycopg2.errors.InvalidColumnReference: there is no unique or exclusion constraint matching the ON CONFLICT specification

[2026-03-30T02:50:01.531+0000] {taskinstance.py:1138} INFO - Marking task as UP_FOR_RETRY. dag_id=market_etl_pipeline, task_id=run_etl, execution_date=20260330T024500, start_date=20260330T025001, end_date=20260330T025001
[2026-03-30T02:50:01.556+0000] {standard_task_runner.py:107} ERROR - Failed to execute job 78 for task run_etl (there is no unique or exclusion constraint matching the ON CONFLICT specification
; 344)
[2026-03-30T02:50:01.608+0000] {local_task_job_runner.py:234} INFO - Task exited with return code 1
[2026-03-30T02:50:01.636+0000] {taskinstance.py:3280} INFO - 0 downstream tasks scheduled from follow-on schedule check
