[2026-03-30T02:52:03.969+0000] {taskinstance.py:1956} INFO - Dependencies all met for dep_context=non-requeueable deps ti=<TaskInstance: market_etl_pipeline.run_etl scheduled__2026-03-30T02:45:00+00:00 [queued]>
[2026-03-30T02:52:03.980+0000] {taskinstance.py:1956} INFO - Dependencies all met for dep_context=requeueable deps ti=<TaskInstance: market_etl_pipeline.run_etl scheduled__2026-03-30T02:45:00+00:00 [queued]>
[2026-03-30T02:52:03.981+0000] {taskinstance.py:2170} INFO - Starting attempt 3 of 3
[2026-03-30T02:52:04.006+0000] {taskinstance.py:2191} INFO - Executing <Task(PythonOperator): run_etl> on 2026-03-30 02:45:00+00:00
[2026-03-30T02:52:04.015+0000] {standard_task_runner.py:60} INFO - Started process 388 to run task
[2026-03-30T02:52:04.022+0000] {standard_task_runner.py:87} INFO - Running: ['***', 'tasks', 'run', 'market_etl_pipeline', 'run_etl', 'scheduled__2026-03-30T02:45:00+00:00', '--job-id', '80', '--raw', '--subdir', 'DAGS_FOLDER/etl_dag.py', '--cfg-path', '/tmp/tmp12ax4owj']
[2026-03-30T02:52:04.026+0000] {standard_task_runner.py:88} INFO - Job 80: Subtask run_etl
[2026-03-30T02:52:04.148+0000] {task_command.py:423} INFO - Running <TaskInstance: market_etl_pipeline.run_etl scheduled__2026-03-30T02:45:00+00:00 [running]> on host f100b222ca3f
[2026-03-30T02:52:04.270+0000] {taskinstance.py:2480} INFO - Exporting env vars: AIRFLOW_CTX_DAG_OWNER='***' AIRFLOW_CTX_DAG_ID='market_etl_pipeline' AIRFLOW_CTX_TASK_ID='run_etl' AIRFLOW_CTX_EXECUTION_DATE='2026-03-30T02:45:00+00:00' AIRFLOW_CTX_TRY_NUMBER='3' AIRFLOW_CTX_DAG_RUN_ID='scheduled__2026-03-30T02:45:00+00:00'
[2026-03-30T02:52:04.297+0000] {extract.py:23} INFO - Extracted 10 records
[2026-03-30T02:52:04.298+0000] {logging_mixin.py:188} INFO - [{'instrument_id': 'GOOG', 'price': 1430.5, 'volume': 496.63, 'timestamp': '2026-03-30T02:52:04.291311'}, {'instrument_id': 'GOOG', 'price': 'invalid', 'volume': 301.88, 'timestamp': '2026-03-30T02:52:04.291368'}, {'instrument_id': 'GOOG', 'price': 4530.32, 'volume': 618.72, 'timestamp': '2026-03-30T02:52:04.291379'}, {'instrument_id': 'GOOG', 'price': 12923.45, 'volume': 242.78, 'timestamp': '2026-03-30T02:52:04.291386'}, {'instrument_id': 'BTC-USD', 'price': 'invalid', 'volume': 407.21, 'timestamp': '2026-03-30T02:52:04.291391'}, {'instrument_id': 'AAPL', 'price': 1768.37, 'volume': 383.07, 'timestamp': '2026-03-30T02:52:04.291397'}, {'instrument_id': 'ETH-USD', 'price': 29455.01, 'volume': 560.57, 'timestamp': '2026-03-30T02:52:04.291402'}, {'instrument_id': 'ETH-USD', 'price': 44480.85, 'volume': 228.87, 'timestamp': '2026-03-30T02:52:04.291407'}, {'instrument_id': 'AAPL', 'price': 18310.66, 'volume': 901.99, 'timestamp': '2026-03-30T02:52:04.291414'}, {'instrument_id': 'BTC-USD', 'price': 43351.54, 'volume': 433.43, 'timestamp': '2026-03-30T02:52:04.291421'}]
[2026-03-30T02:52:04.300+0000] {validate.py:23} WARNING - Validation failed: 1 validation error for MarketData
price
  Input should be a valid number, unable to parse string as a number [type=float_parsing, input_value='invalid', input_type=str]
    For further information visit https://errors.pydantic.dev/2.5/v/float_parsing
[2026-03-30T02:52:04.301+0000] {validate.py:23} WARNING - Validation failed: 1 validation error for MarketData
price
  Input should be a valid number, unable to parse string as a number [type=float_parsing, input_value='invalid', input_type=str]
    For further information visit https://errors.pydantic.dev/2.5/v/float_parsing
[2026-03-30T02:52:04.301+0000] {validate.py:26} INFO - Valid records: 8, Dropped: 2
[2026-03-30T02:52:04.312+0000] {taskinstance.py:2698} ERROR - Task failed with exception
Traceback (most recent call last):
  File "/home/airflow/.local/lib/python3.8/site-packages/airflow/models/taskinstance.py", line 433, in _execute_task
    result = execute_callable(context=context, **execute_callable_kwargs)
  File "/home/airflow/.local/lib/python3.8/site-packages/airflow/operators/python.py", line 199, in execute
    return_value = self.execute_callable()
  File "/home/airflow/.local/lib/python3.8/site-packages/airflow/operators/python.py", line 216, in execute_callable
    return self.python_callable(*self.op_args, **self.op_kwargs)
  File "/opt/airflow/dags/etl_dag.py", line 22, in run_etl
    load_data(transformed_data)
  File "/opt/airflow/etl/load.py", line 43, in load_data
    execute_values(cursor, query, values)
  File "/home/airflow/.local/lib/python3.8/site-packages/psycopg2/extras.py", line 1299, in execute_values
    cur.execute(b''.join(parts))
psycopg2.errors.InvalidColumnReference: there is no unique or exclusion constraint matching the ON CONFLICT specification

[2026-03-30T02:52:04.335+0000] {taskinstance.py:1138} INFO - Marking task as FAILED. dag_id=market_etl_pipeline, task_id=run_etl, execution_date=20260330T024500, start_date=20260330T025203, end_date=20260330T025204
[2026-03-30T02:52:04.352+0000] {standard_task_runner.py:107} ERROR - Failed to execute job 80 for task run_etl (there is no unique or exclusion constraint matching the ON CONFLICT specification
; 388)
[2026-03-30T02:52:04.394+0000] {local_task_job_runner.py:234} INFO - Task exited with return code 1
[2026-03-30T02:52:04.423+0000] {taskinstance.py:3280} INFO - 0 downstream tasks scheduled from follow-on schedule check
