[2026-03-28T21:50:00.614+0000] {taskinstance.py:1956} INFO - Dependencies all met for dep_context=non-requeueable deps ti=<TaskInstance: market_etl_pipeline.run_etl scheduled__2026-03-28T21:45:00+00:00 [queued]>
[2026-03-28T21:50:00.620+0000] {taskinstance.py:1956} INFO - Dependencies all met for dep_context=requeueable deps ti=<TaskInstance: market_etl_pipeline.run_etl scheduled__2026-03-28T21:45:00+00:00 [queued]>
[2026-03-28T21:50:00.621+0000] {taskinstance.py:2170} INFO - Starting attempt 1 of 3
[2026-03-28T21:50:00.630+0000] {taskinstance.py:2191} INFO - Executing <Task(PythonOperator): run_etl> on 2026-03-28 21:45:00+00:00
[2026-03-28T21:50:00.637+0000] {standard_task_runner.py:60} INFO - Started process 350 to run task
[2026-03-28T21:50:00.642+0000] {standard_task_runner.py:87} INFO - Running: ['***', 'tasks', 'run', 'market_etl_pipeline', 'run_etl', 'scheduled__2026-03-28T21:45:00+00:00', '--job-id', '6', '--raw', '--subdir', 'DAGS_FOLDER/etl_dag.py', '--cfg-path', '/tmp/tmpklu09zkq']
[2026-03-28T21:50:00.644+0000] {standard_task_runner.py:88} INFO - Job 6: Subtask run_etl
[2026-03-28T21:50:00.707+0000] {task_command.py:423} INFO - Running <TaskInstance: market_etl_pipeline.run_etl scheduled__2026-03-28T21:45:00+00:00 [running]> on host f100b222ca3f
[2026-03-28T21:50:00.770+0000] {taskinstance.py:2480} INFO - Exporting env vars: AIRFLOW_CTX_DAG_OWNER='***' AIRFLOW_CTX_DAG_ID='market_etl_pipeline' AIRFLOW_CTX_TASK_ID='run_etl' AIRFLOW_CTX_EXECUTION_DATE='2026-03-28T21:45:00+00:00' AIRFLOW_CTX_TRY_NUMBER='1' AIRFLOW_CTX_DAG_RUN_ID='scheduled__2026-03-28T21:45:00+00:00'
[2026-03-28T21:50:00.780+0000] {extract.py:23} INFO - Extracted 10 records
[2026-03-28T21:50:00.781+0000] {validate.py:26} INFO - Valid records: 10, Dropped: 0
[2026-03-28T21:50:00.786+0000] {taskinstance.py:2698} ERROR - Task failed with exception
Traceback (most recent call last):
  File "/home/airflow/.local/lib/python3.8/site-packages/airflow/models/taskinstance.py", line 433, in _execute_task
    result = execute_callable(context=context, **execute_callable_kwargs)
  File "/home/airflow/.local/lib/python3.8/site-packages/airflow/operators/python.py", line 199, in execute
    return_value = self.execute_callable()
  File "/home/airflow/.local/lib/python3.8/site-packages/airflow/operators/python.py", line 216, in execute_callable
    return self.python_callable(*self.op_args, **self.op_kwargs)
  File "/opt/airflow/dags/etl_dag.py", line 22, in run_etl
    load_data(transformed_data)
  File "/opt/airflow/etl/load.py", line 43, in load_data
    execute_values(cursor, query, values)
  File "/home/airflow/.local/lib/python3.8/site-packages/psycopg2/extras.py", line 1299, in execute_values
    cur.execute(b''.join(parts))
psycopg2.errors.UndefinedColumn: column "instrument_id" of relation "market_data" does not exist
LINE 3:         instrument_id, price, volume, timestamp, vwap, is_ou...
                ^

[2026-03-28T21:50:00.801+0000] {taskinstance.py:1138} INFO - Marking task as UP_FOR_RETRY. dag_id=market_etl_pipeline, task_id=run_etl, execution_date=20260328T214500, start_date=20260328T215000, end_date=20260328T215000
[2026-03-28T21:50:00.812+0000] {standard_task_runner.py:107} ERROR - Failed to execute job 6 for task run_etl (column "instrument_id" of relation "market_data" does not exist
LINE 3:         instrument_id, price, volume, timestamp, vwap, is_ou...
                ^
; 350)
[2026-03-28T21:50:00.853+0000] {local_task_job_runner.py:234} INFO - Task exited with return code 1
[2026-03-28T21:50:00.872+0000] {taskinstance.py:3280} INFO - 0 downstream tasks scheduled from follow-on schedule check
