[2026-03-28T22:26:02.892+0000] {taskinstance.py:1956} INFO - Dependencies all met for dep_context=non-requeueable deps ti=<TaskInstance: market_etl_pipeline.run_etl scheduled__2026-03-28T22:20:00+00:00 [queued]>
[2026-03-28T22:26:02.904+0000] {taskinstance.py:1956} INFO - Dependencies all met for dep_context=requeueable deps ti=<TaskInstance: market_etl_pipeline.run_etl scheduled__2026-03-28T22:20:00+00:00 [queued]>
[2026-03-28T22:26:02.905+0000] {taskinstance.py:2170} INFO - Starting attempt 2 of 3
[2026-03-28T22:26:02.923+0000] {taskinstance.py:2191} INFO - Executing <Task(PythonOperator): run_etl> on 2026-03-28 22:20:00+00:00
[2026-03-28T22:26:02.934+0000] {standard_task_runner.py:60} INFO - Started process 1069 to run task
[2026-03-28T22:26:02.940+0000] {standard_task_runner.py:87} INFO - Running: ['***', 'tasks', 'run', 'market_etl_pipeline', 'run_etl', 'scheduled__2026-03-28T22:20:00+00:00', '--job-id', '37', '--raw', '--subdir', 'DAGS_FOLDER/etl_dag.py', '--cfg-path', '/tmp/tmpwav3pnio']
[2026-03-28T22:26:02.944+0000] {standard_task_runner.py:88} INFO - Job 37: Subtask run_etl
[2026-03-28T22:26:03.044+0000] {task_command.py:423} INFO - Running <TaskInstance: market_etl_pipeline.run_etl scheduled__2026-03-28T22:20:00+00:00 [running]> on host f100b222ca3f
[2026-03-28T22:26:03.156+0000] {taskinstance.py:2480} INFO - Exporting env vars: AIRFLOW_CTX_DAG_OWNER='***' AIRFLOW_CTX_DAG_ID='market_etl_pipeline' AIRFLOW_CTX_TASK_ID='run_etl' AIRFLOW_CTX_EXECUTION_DATE='2026-03-28T22:20:00+00:00' AIRFLOW_CTX_TRY_NUMBER='2' AIRFLOW_CTX_DAG_RUN_ID='scheduled__2026-03-28T22:20:00+00:00'
[2026-03-28T22:26:03.170+0000] {extract.py:23} INFO - Extracted 10 records
[2026-03-28T22:26:03.171+0000] {logging_mixin.py:188} INFO - [{'instrument_id': 'BTC-USD', 'price': 40266.58, 'volume': 112.58, 'timestamp': '2026-03-28T22:26:03.168590'}, {'instrument_id': 'GOOG', 'price': 41357.28, 'volume': 850.61, 'timestamp': '2026-03-28T22:26:03.168602'}, {'instrument_id': 'BTC-USD', 'price': 2162.42, 'volume': 489.42, 'timestamp': '2026-03-28T22:26:03.168606'}, {'instrument_id': 'AAPL', 'price': 18342.73, 'volume': 815.78, 'timestamp': '2026-03-28T22:26:03.168610'}, {'instrument_id': 'AAPL', 'price': 18946.82, 'volume': 206.97, 'timestamp': '2026-03-28T22:26:03.168613'}, {'instrument_id': 'GOOG', 'price': 23101.68, 'volume': 276.95, 'timestamp': '2026-03-28T22:26:03.168617'}, {'instrument_id': 'GOOG', 'price': 25265.92, 'volume': 880.85, 'timestamp': '2026-03-28T22:26:03.168620'}, {'instrument_id': 'AAPL', 'price': 13050.32, 'volume': 196.85, 'timestamp': '2026-03-28T22:26:03.168623'}, {'instrument_id': 'GOOG', 'price': 29354.44, 'volume': 344.36, 'timestamp': '2026-03-28T22:26:03.168626'}, {'instrument_id': 'ETH-USD', 'price': 212.69, 'volume': 993.86, 'timestamp': '2026-03-28T22:26:03.168630'}]
[2026-03-28T22:26:03.173+0000] {validate.py:26} INFO - Valid records: 10, Dropped: 0
[2026-03-28T22:26:03.182+0000] {taskinstance.py:2698} ERROR - Task failed with exception
Traceback (most recent call last):
  File "/home/airflow/.local/lib/python3.8/site-packages/airflow/models/taskinstance.py", line 433, in _execute_task
    result = execute_callable(context=context, **execute_callable_kwargs)
  File "/home/airflow/.local/lib/python3.8/site-packages/airflow/operators/python.py", line 199, in execute
    return_value = self.execute_callable()
  File "/home/airflow/.local/lib/python3.8/site-packages/airflow/operators/python.py", line 216, in execute_callable
    return self.python_callable(*self.op_args, **self.op_kwargs)
  File "/opt/airflow/dags/etl_dag.py", line 22, in run_etl
    load_data(transformed_data)
  File "/opt/airflow/etl/load.py", line 43, in load_data
    execute_values(cursor, query, values)
  File "/home/airflow/.local/lib/python3.8/site-packages/psycopg2/extras.py", line 1299, in execute_values
    cur.execute(b''.join(parts))
psycopg2.errors.InvalidColumnReference: there is no unique or exclusion constraint matching the ON CONFLICT specification

[2026-03-28T22:26:03.204+0000] {taskinstance.py:1138} INFO - Marking task as UP_FOR_RETRY. dag_id=market_etl_pipeline, task_id=run_etl, execution_date=20260328T222000, start_date=20260328T222602, end_date=20260328T222603
[2026-03-28T22:26:03.219+0000] {standard_task_runner.py:107} ERROR - Failed to execute job 37 for task run_etl (there is no unique or exclusion constraint matching the ON CONFLICT specification
; 1069)
[2026-03-28T22:26:03.273+0000] {local_task_job_runner.py:234} INFO - Task exited with return code 1
[2026-03-28T22:26:03.297+0000] {taskinstance.py:3280} INFO - 0 downstream tasks scheduled from follow-on schedule check
