[2026-03-28T22:27:04.800+0000] {taskinstance.py:1956} INFO - Dependencies all met for dep_context=non-requeueable deps ti=<TaskInstance: market_etl_pipeline.run_etl scheduled__2026-03-28T22:20:00+00:00 [queued]>
[2026-03-28T22:27:04.818+0000] {taskinstance.py:1956} INFO - Dependencies all met for dep_context=requeueable deps ti=<TaskInstance: market_etl_pipeline.run_etl scheduled__2026-03-28T22:20:00+00:00 [queued]>
[2026-03-28T22:27:04.820+0000] {taskinstance.py:2170} INFO - Starting attempt 3 of 3
[2026-03-28T22:27:04.842+0000] {taskinstance.py:2191} INFO - Executing <Task(PythonOperator): run_etl> on 2026-03-28 22:20:00+00:00
[2026-03-28T22:27:04.854+0000] {standard_task_runner.py:60} INFO - Started process 1091 to run task
[2026-03-28T22:27:04.862+0000] {standard_task_runner.py:87} INFO - Running: ['***', 'tasks', 'run', 'market_etl_pipeline', 'run_etl', 'scheduled__2026-03-28T22:20:00+00:00', '--job-id', '38', '--raw', '--subdir', 'DAGS_FOLDER/etl_dag.py', '--cfg-path', '/tmp/tmp06zl3llz']
[2026-03-28T22:27:04.867+0000] {standard_task_runner.py:88} INFO - Job 38: Subtask run_etl
[2026-03-28T22:27:04.975+0000] {task_command.py:423} INFO - Running <TaskInstance: market_etl_pipeline.run_etl scheduled__2026-03-28T22:20:00+00:00 [running]> on host f100b222ca3f
[2026-03-28T22:27:05.094+0000] {taskinstance.py:2480} INFO - Exporting env vars: AIRFLOW_CTX_DAG_OWNER='***' AIRFLOW_CTX_DAG_ID='market_etl_pipeline' AIRFLOW_CTX_TASK_ID='run_etl' AIRFLOW_CTX_EXECUTION_DATE='2026-03-28T22:20:00+00:00' AIRFLOW_CTX_TRY_NUMBER='3' AIRFLOW_CTX_DAG_RUN_ID='scheduled__2026-03-28T22:20:00+00:00'
[2026-03-28T22:27:05.107+0000] {extract.py:23} INFO - Extracted 10 records
[2026-03-28T22:27:05.108+0000] {logging_mixin.py:188} INFO - [{'instrument_id': 'ETH-USD', 'price': 3985.24, 'volume': 825.69, 'timestamp': '2026-03-28T22:27:05.105046'}, {'instrument_id': 'AAPL', 'price': 46475.31, 'volume': 986.62, 'timestamp': '2026-03-28T22:27:05.105057'}, {'instrument_id': 'BTC-USD', 'price': 10032.16, 'volume': 704.77, 'timestamp': '2026-03-28T22:27:05.105062'}, {'instrument_id': 'AAPL', 'price': 24416.89, 'volume': 101.05, 'timestamp': '2026-03-28T22:27:05.105065'}, {'instrument_id': 'GOOG', 'price': 15548.81, 'volume': 642.47, 'timestamp': '2026-03-28T22:27:05.105068'}, {'instrument_id': 'AAPL', 'price': 6062.33, 'volume': 149.86, 'timestamp': '2026-03-28T22:27:05.105072'}, {'instrument_id': 'GOOG', 'price': 14652.52, 'volume': 531.78, 'timestamp': '2026-03-28T22:27:05.105075'}, {'instrument_id': 'AAPL', 'price': 43683.54, 'volume': 974.69, 'timestamp': '2026-03-28T22:27:05.105079'}, {'instrument_id': 'GOOG', 'price': 11771.68, 'volume': 584.21, 'timestamp': '2026-03-28T22:27:05.105081'}, {'instrument_id': 'ETH-USD', 'price': 12614.74, 'volume': 284.89, 'timestamp': '2026-03-28T22:27:05.105085'}]
[2026-03-28T22:27:05.110+0000] {validate.py:26} INFO - Valid records: 10, Dropped: 0
[2026-03-28T22:27:05.121+0000] {taskinstance.py:2698} ERROR - Task failed with exception
Traceback (most recent call last):
  File "/home/airflow/.local/lib/python3.8/site-packages/airflow/models/taskinstance.py", line 433, in _execute_task
    result = execute_callable(context=context, **execute_callable_kwargs)
  File "/home/airflow/.local/lib/python3.8/site-packages/airflow/operators/python.py", line 199, in execute
    return_value = self.execute_callable()
  File "/home/airflow/.local/lib/python3.8/site-packages/airflow/operators/python.py", line 216, in execute_callable
    return self.python_callable(*self.op_args, **self.op_kwargs)
  File "/opt/airflow/dags/etl_dag.py", line 22, in run_etl
    load_data(transformed_data)
  File "/opt/airflow/etl/load.py", line 43, in load_data
    execute_values(cursor, query, values)
  File "/home/airflow/.local/lib/python3.8/site-packages/psycopg2/extras.py", line 1299, in execute_values
    cur.execute(b''.join(parts))
psycopg2.errors.InvalidColumnReference: there is no unique or exclusion constraint matching the ON CONFLICT specification

[2026-03-28T22:27:05.148+0000] {taskinstance.py:1138} INFO - Marking task as FAILED. dag_id=market_etl_pipeline, task_id=run_etl, execution_date=20260328T222000, start_date=20260328T222704, end_date=20260328T222705
[2026-03-28T22:27:05.164+0000] {standard_task_runner.py:107} ERROR - Failed to execute job 38 for task run_etl (there is no unique or exclusion constraint matching the ON CONFLICT specification
; 1091)
[2026-03-28T22:27:05.194+0000] {local_task_job_runner.py:234} INFO - Task exited with return code 1
[2026-03-28T22:27:05.220+0000] {taskinstance.py:3280} INFO - 0 downstream tasks scheduled from follow-on schedule check
