[2026-03-30T03:35:01.437+0000] {taskinstance.py:1956} INFO - Dependencies all met for dep_context=non-requeueable deps ti=<TaskInstance: market_etl_pipeline.run_etl scheduled__2026-03-30T03:30:00+00:00 [queued]>
[2026-03-30T03:35:01.450+0000] {taskinstance.py:1956} INFO - Dependencies all met for dep_context=requeueable deps ti=<TaskInstance: market_etl_pipeline.run_etl scheduled__2026-03-30T03:30:00+00:00 [queued]>
[2026-03-30T03:35:01.451+0000] {taskinstance.py:2170} INFO - Starting attempt 1 of 3
[2026-03-30T03:35:01.477+0000] {taskinstance.py:2191} INFO - Executing <Task(PythonOperator): run_etl> on 2026-03-30 03:30:00+00:00
[2026-03-30T03:35:01.489+0000] {standard_task_runner.py:60} INFO - Started process 1211 to run task
[2026-03-30T03:35:01.495+0000] {standard_task_runner.py:87} INFO - Running: ['***', 'tasks', 'run', 'market_etl_pipeline', 'run_etl', 'scheduled__2026-03-30T03:30:00+00:00', '--job-id', '94', '--raw', '--subdir', 'DAGS_FOLDER/etl_dag.py', '--cfg-path', '/tmp/tmpj368mjd_']
[2026-03-30T03:35:01.499+0000] {standard_task_runner.py:88} INFO - Job 94: Subtask run_etl
[2026-03-30T03:35:01.680+0000] {task_command.py:423} INFO - Running <TaskInstance: market_etl_pipeline.run_etl scheduled__2026-03-30T03:30:00+00:00 [running]> on host f100b222ca3f
[2026-03-30T03:35:01.831+0000] {taskinstance.py:2480} INFO - Exporting env vars: AIRFLOW_CTX_DAG_OWNER='***' AIRFLOW_CTX_DAG_ID='market_etl_pipeline' AIRFLOW_CTX_TASK_ID='run_etl' AIRFLOW_CTX_EXECUTION_DATE='2026-03-30T03:30:00+00:00' AIRFLOW_CTX_TRY_NUMBER='1' AIRFLOW_CTX_DAG_RUN_ID='scheduled__2026-03-30T03:30:00+00:00'
[2026-03-30T03:35:01.915+0000] {extract.py:31} WARNING - Attempt 1 failed: Invalid response format
[2026-03-30T03:35:03.927+0000] {extract.py:25} INFO - Extracted 10 records
[2026-03-30T03:35:03.928+0000] {extract.py:26} INFO - Sample: [{'instrument_id': 'GOOG', 'price': 11691.69, 'volume': 778.75, 'timestamp': '2026-03-30T03:35:03.923850'}, {'instrument_id': 'AAPL', 'price': 21634.3, 'volume': 423.14, 'timestamp': '2026-03-30T03:35:03.924120'}]
[2026-03-30T03:35:03.935+0000] {validate.py:23} WARNING - Validation failed: 1 validation error for MarketData
price
  Input should be a valid number, unable to parse string as a number [type=float_parsing, input_value='invalid', input_type=str]
    For further information visit https://errors.pydantic.dev/2.5/v/float_parsing
[2026-03-30T03:35:03.936+0000] {validate.py:26} INFO - Valid records: 9, Dropped: 1
[2026-03-30T03:35:03.954+0000] {python.py:201} INFO - Done. Returned value was: None
[2026-03-30T03:35:03.971+0000] {taskinstance.py:1138} INFO - Marking task as SUCCESS. dag_id=market_etl_pipeline, task_id=run_etl, execution_date=20260330T033000, start_date=20260330T033501, end_date=20260330T033503
[2026-03-30T03:35:04.043+0000] {local_task_job_runner.py:234} INFO - Task exited with return code 0
[2026-03-30T03:35:04.071+0000] {taskinstance.py:3280} INFO - 0 downstream tasks scheduled from follow-on schedule check
