[2026-03-30T02:43:53.624+0000] {taskinstance.py:1956} INFO - Dependencies all met for dep_context=non-requeueable deps ti=<TaskInstance: market_etl_pipeline.run_etl scheduled__2026-03-30T02:35:00+00:00 [queued]>
[2026-03-30T02:43:53.643+0000] {taskinstance.py:1956} INFO - Dependencies all met for dep_context=requeueable deps ti=<TaskInstance: market_etl_pipeline.run_etl scheduled__2026-03-30T02:35:00+00:00 [queued]>
[2026-03-30T02:43:53.644+0000] {taskinstance.py:2170} INFO - Starting attempt 2 of 3
[2026-03-30T02:43:53.669+0000] {taskinstance.py:2191} INFO - Executing <Task(PythonOperator): run_etl> on 2026-03-30 02:35:00+00:00
[2026-03-30T02:43:53.681+0000] {standard_task_runner.py:60} INFO - Started process 214 to run task
[2026-03-30T02:43:53.697+0000] {standard_task_runner.py:87} INFO - Running: ['***', 'tasks', 'run', 'market_etl_pipeline', 'run_etl', 'scheduled__2026-03-30T02:35:00+00:00', '--job-id', '73', '--raw', '--subdir', 'DAGS_FOLDER/etl_dag.py', '--cfg-path', '/tmp/tmp3mizlcgb']
[2026-03-30T02:43:53.717+0000] {standard_task_runner.py:88} INFO - Job 73: Subtask run_etl
[2026-03-30T02:43:53.968+0000] {task_command.py:423} INFO - Running <TaskInstance: market_etl_pipeline.run_etl scheduled__2026-03-30T02:35:00+00:00 [running]> on host f100b222ca3f
[2026-03-30T02:43:54.165+0000] {taskinstance.py:2480} INFO - Exporting env vars: AIRFLOW_CTX_DAG_OWNER='***' AIRFLOW_CTX_DAG_ID='market_etl_pipeline' AIRFLOW_CTX_TASK_ID='run_etl' AIRFLOW_CTX_EXECUTION_DATE='2026-03-30T02:35:00+00:00' AIRFLOW_CTX_TRY_NUMBER='2' AIRFLOW_CTX_DAG_RUN_ID='scheduled__2026-03-30T02:35:00+00:00'
[2026-03-30T02:43:54.184+0000] {extract.py:23} INFO - Extracted 10 records
[2026-03-30T02:43:54.185+0000] {logging_mixin.py:188} INFO - [{'instrument_id': 'ETH-USD', 'price': 43807.03, 'volume': 681.41, 'timestamp': '2026-03-30T02:43:54.179611'}, {'instrument_id': 'BTC-USD', 'price': 24161.84, 'volume': 449.68, 'timestamp': '2026-03-30T02:43:54.179625'}, {'instrument_id': 'GOOG', 'price': 13803.48, 'volume': 832.7, 'timestamp': '2026-03-30T02:43:54.179632'}, {'instrument_id': 'ETH-USD', 'price': 8872.78, 'volume': 742.68, 'timestamp': '2026-03-30T02:43:54.179636'}, {'instrument_id': 'AAPL', 'price': 39438.34, 'volume': 412.91, 'timestamp': '2026-03-30T02:43:54.179641'}, {'instrument_id': 'ETH-USD', 'price': 38254.64, 'volume': 244.73, 'timestamp': '2026-03-30T02:43:54.179646'}, {'instrument_id': 'BTC-USD', 'price': 12710.6, 'volume': 496.03, 'timestamp': '2026-03-30T02:43:54.179651'}, {'instrument_id': 'ETH-USD', 'price': 16340.45, 'volume': 389.87, 'timestamp': '2026-03-30T02:43:54.179655'}, {'instrument_id': 'BTC-USD', 'price': 11248.56, 'volume': 700.45, 'timestamp': '2026-03-30T02:43:54.179660'}, {'instrument_id': 'BTC-USD', 'price': 24294.91, 'volume': 615.09, 'timestamp': '2026-03-30T02:43:54.179664'}]
[2026-03-30T02:43:54.187+0000] {validate.py:26} INFO - Valid records: 10, Dropped: 0
[2026-03-30T02:43:54.202+0000] {taskinstance.py:2698} ERROR - Task failed with exception
Traceback (most recent call last):
  File "/home/airflow/.local/lib/python3.8/site-packages/airflow/models/taskinstance.py", line 433, in _execute_task
    result = execute_callable(context=context, **execute_callable_kwargs)
  File "/home/airflow/.local/lib/python3.8/site-packages/airflow/operators/python.py", line 199, in execute
    return_value = self.execute_callable()
  File "/home/airflow/.local/lib/python3.8/site-packages/airflow/operators/python.py", line 216, in execute_callable
    return self.python_callable(*self.op_args, **self.op_kwargs)
  File "/opt/airflow/dags/etl_dag.py", line 22, in run_etl
    load_data(transformed_data)
  File "/opt/airflow/etl/load.py", line 43, in load_data
    execute_values(cursor, query, values)
  File "/home/airflow/.local/lib/python3.8/site-packages/psycopg2/extras.py", line 1299, in execute_values
    cur.execute(b''.join(parts))
psycopg2.errors.InvalidColumnReference: there is no unique or exclusion constraint matching the ON CONFLICT specification

[2026-03-30T02:43:54.252+0000] {taskinstance.py:1138} INFO - Marking task as UP_FOR_RETRY. dag_id=market_etl_pipeline, task_id=run_etl, execution_date=20260330T023500, start_date=20260330T024353, end_date=20260330T024354
[2026-03-30T02:43:54.290+0000] {standard_task_runner.py:107} ERROR - Failed to execute job 73 for task run_etl (there is no unique or exclusion constraint matching the ON CONFLICT specification
; 214)
[2026-03-30T02:43:54.314+0000] {local_task_job_runner.py:234} INFO - Task exited with return code 1
[2026-03-30T02:43:54.344+0000] {taskinstance.py:3280} INFO - 0 downstream tasks scheduled from follow-on schedule check
