[2026-03-30T02:42:52.001+0000] {taskinstance.py:1956} INFO - Dependencies all met for dep_context=non-requeueable deps ti=<TaskInstance: market_etl_pipeline.run_etl scheduled__2026-03-30T02:35:00+00:00 [queued]>
[2026-03-30T02:42:52.012+0000] {taskinstance.py:1956} INFO - Dependencies all met for dep_context=requeueable deps ti=<TaskInstance: market_etl_pipeline.run_etl scheduled__2026-03-30T02:35:00+00:00 [queued]>
[2026-03-30T02:42:52.013+0000] {taskinstance.py:2170} INFO - Starting attempt 1 of 3
[2026-03-30T02:42:52.029+0000] {taskinstance.py:2191} INFO - Executing <Task(PythonOperator): run_etl> on 2026-03-30 02:35:00+00:00
[2026-03-30T02:42:52.039+0000] {standard_task_runner.py:60} INFO - Started process 202 to run task
[2026-03-30T02:42:52.043+0000] {standard_task_runner.py:87} INFO - Running: ['***', 'tasks', 'run', 'market_etl_pipeline', 'run_etl', 'scheduled__2026-03-30T02:35:00+00:00', '--job-id', '72', '--raw', '--subdir', 'DAGS_FOLDER/etl_dag.py', '--cfg-path', '/tmp/tmpcj8k29ej']
[2026-03-30T02:42:52.047+0000] {standard_task_runner.py:88} INFO - Job 72: Subtask run_etl
[2026-03-30T02:42:52.169+0000] {task_command.py:423} INFO - Running <TaskInstance: market_etl_pipeline.run_etl scheduled__2026-03-30T02:35:00+00:00 [running]> on host f100b222ca3f
[2026-03-30T02:42:52.271+0000] {taskinstance.py:2480} INFO - Exporting env vars: AIRFLOW_CTX_DAG_OWNER='***' AIRFLOW_CTX_DAG_ID='market_etl_pipeline' AIRFLOW_CTX_TASK_ID='run_etl' AIRFLOW_CTX_EXECUTION_DATE='2026-03-30T02:35:00+00:00' AIRFLOW_CTX_TRY_NUMBER='1' AIRFLOW_CTX_DAG_RUN_ID='scheduled__2026-03-30T02:35:00+00:00'
[2026-03-30T02:42:52.344+0000] {extract.py:23} INFO - Extracted 10 records
[2026-03-30T02:42:52.345+0000] {logging_mixin.py:188} INFO - [{'instrument_id': 'ETH-USD', 'price': 32450.07, 'volume': 745.1, 'timestamp': '2026-03-30T02:42:52.339363'}, {'instrument_id': 'GOOG', 'price': 48382.88, 'volume': 648.6, 'timestamp': '2026-03-30T02:42:52.339406'}, {'instrument_id': 'BTC-USD', 'price': 40170.08, 'volume': 264.99, 'timestamp': '2026-03-30T02:42:52.339410'}, {'instrument_id': 'GOOG', 'price': 42976.17, 'volume': 723.67, 'timestamp': '2026-03-30T02:42:52.339413'}, {'instrument_id': 'ETH-USD', 'price': 32528.08, 'volume': 689.96, 'timestamp': '2026-03-30T02:42:52.339416'}, {'instrument_id': 'AAPL', 'price': 31338.13, 'volume': 298.49, 'timestamp': '2026-03-30T02:42:52.339419'}, {'instrument_id': 'BTC-USD', 'price': 17793.96, 'volume': 723.67, 'timestamp': '2026-03-30T02:42:52.339422'}, {'instrument_id': 'ETH-USD', 'price': 12997.16, 'volume': 997.04, 'timestamp': '2026-03-30T02:42:52.339425'}, {'instrument_id': 'ETH-USD', 'price': 27056.79, 'volume': 729.95, 'timestamp': '2026-03-30T02:42:52.339428'}, {'instrument_id': 'ETH-USD', 'price': 9322.6, 'volume': 680.78, 'timestamp': '2026-03-30T02:42:52.339431'}]
[2026-03-30T02:42:52.347+0000] {validate.py:26} INFO - Valid records: 10, Dropped: 0
[2026-03-30T02:42:52.359+0000] {taskinstance.py:2698} ERROR - Task failed with exception
Traceback (most recent call last):
  File "/home/airflow/.local/lib/python3.8/site-packages/airflow/models/taskinstance.py", line 433, in _execute_task
    result = execute_callable(context=context, **execute_callable_kwargs)
  File "/home/airflow/.local/lib/python3.8/site-packages/airflow/operators/python.py", line 199, in execute
    return_value = self.execute_callable()
  File "/home/airflow/.local/lib/python3.8/site-packages/airflow/operators/python.py", line 216, in execute_callable
    return self.python_callable(*self.op_args, **self.op_kwargs)
  File "/opt/airflow/dags/etl_dag.py", line 22, in run_etl
    load_data(transformed_data)
  File "/opt/airflow/etl/load.py", line 43, in load_data
    execute_values(cursor, query, values)
  File "/home/airflow/.local/lib/python3.8/site-packages/psycopg2/extras.py", line 1299, in execute_values
    cur.execute(b''.join(parts))
psycopg2.errors.InvalidColumnReference: there is no unique or exclusion constraint matching the ON CONFLICT specification

[2026-03-30T02:42:52.380+0000] {taskinstance.py:1138} INFO - Marking task as UP_FOR_RETRY. dag_id=market_etl_pipeline, task_id=run_etl, execution_date=20260330T023500, start_date=20260330T024252, end_date=20260330T024252
[2026-03-30T02:42:52.399+0000] {standard_task_runner.py:107} ERROR - Failed to execute job 72 for task run_etl (there is no unique or exclusion constraint matching the ON CONFLICT specification
; 202)
[2026-03-30T02:42:52.419+0000] {local_task_job_runner.py:234} INFO - Task exited with return code 1
[2026-03-30T02:42:52.443+0000] {taskinstance.py:3280} INFO - 0 downstream tasks scheduled from follow-on schedule check
