[2026-03-30T02:44:55.195+0000] {taskinstance.py:1956} INFO - Dependencies all met for dep_context=non-requeueable deps ti=<TaskInstance: market_etl_pipeline.run_etl scheduled__2026-03-30T02:35:00+00:00 [queued]>
[2026-03-30T02:44:55.208+0000] {taskinstance.py:1956} INFO - Dependencies all met for dep_context=requeueable deps ti=<TaskInstance: market_etl_pipeline.run_etl scheduled__2026-03-30T02:35:00+00:00 [queued]>
[2026-03-30T02:44:55.210+0000] {taskinstance.py:2170} INFO - Starting attempt 3 of 3
[2026-03-30T02:44:55.232+0000] {taskinstance.py:2191} INFO - Executing <Task(PythonOperator): run_etl> on 2026-03-30 02:35:00+00:00
[2026-03-30T02:44:55.243+0000] {standard_task_runner.py:60} INFO - Started process 236 to run task
[2026-03-30T02:44:55.250+0000] {standard_task_runner.py:87} INFO - Running: ['***', 'tasks', 'run', 'market_etl_pipeline', 'run_etl', 'scheduled__2026-03-30T02:35:00+00:00', '--job-id', '74', '--raw', '--subdir', 'DAGS_FOLDER/etl_dag.py', '--cfg-path', '/tmp/tmpd3uk11ce']
[2026-03-30T02:44:55.255+0000] {standard_task_runner.py:88} INFO - Job 74: Subtask run_etl
[2026-03-30T02:44:55.458+0000] {task_command.py:423} INFO - Running <TaskInstance: market_etl_pipeline.run_etl scheduled__2026-03-30T02:35:00+00:00 [running]> on host f100b222ca3f
[2026-03-30T02:44:55.641+0000] {taskinstance.py:2480} INFO - Exporting env vars: AIRFLOW_CTX_DAG_OWNER='***' AIRFLOW_CTX_DAG_ID='market_etl_pipeline' AIRFLOW_CTX_TASK_ID='run_etl' AIRFLOW_CTX_EXECUTION_DATE='2026-03-30T02:35:00+00:00' AIRFLOW_CTX_TRY_NUMBER='3' AIRFLOW_CTX_DAG_RUN_ID='scheduled__2026-03-30T02:35:00+00:00'
[2026-03-30T02:44:55.711+0000] {extract.py:23} INFO - Extracted 10 records
[2026-03-30T02:44:55.712+0000] {logging_mixin.py:188} INFO - [{'instrument_id': 'BTC-USD', 'price': 16970.57, 'volume': 319.85, 'timestamp': '2026-03-30T02:44:55.696972'}, {'instrument_id': 'BTC-USD', 'price': 10109.83, 'volume': 235.76, 'timestamp': '2026-03-30T02:44:55.697195'}, {'instrument_id': 'BTC-USD', 'price': 17692.26, 'volume': 431.12, 'timestamp': '2026-03-30T02:44:55.697204'}, {'instrument_id': 'ETH-USD', 'price': 48550.18, 'volume': 900.21, 'timestamp': '2026-03-30T02:44:55.697212'}, {'instrument_id': 'ETH-USD', 'price': 28726.31, 'volume': 716.22, 'timestamp': '2026-03-30T02:44:55.697219'}, {'instrument_id': 'BTC-USD', 'price': 42276.87, 'volume': 699.14, 'timestamp': '2026-03-30T02:44:55.697225'}, {'instrument_id': 'AAPL', 'price': 18706.26, 'volume': 847.99, 'timestamp': '2026-03-30T02:44:55.697231'}, {'instrument_id': 'BTC-USD', 'price': 4199.56, 'volume': 831.1, 'timestamp': '2026-03-30T02:44:55.697235'}, {'instrument_id': 'ETH-USD', 'price': 23847.33, 'volume': 732.34, 'timestamp': '2026-03-30T02:44:55.697239'}, {'instrument_id': 'BTC-USD', 'price': 14013.66, 'volume': 53.19, 'timestamp': '2026-03-30T02:44:55.697242'}]
[2026-03-30T02:44:55.716+0000] {validate.py:26} INFO - Valid records: 10, Dropped: 0
[2026-03-30T02:44:55.730+0000] {taskinstance.py:2698} ERROR - Task failed with exception
Traceback (most recent call last):
  File "/home/airflow/.local/lib/python3.8/site-packages/airflow/models/taskinstance.py", line 433, in _execute_task
    result = execute_callable(context=context, **execute_callable_kwargs)
  File "/home/airflow/.local/lib/python3.8/site-packages/airflow/operators/python.py", line 199, in execute
    return_value = self.execute_callable()
  File "/home/airflow/.local/lib/python3.8/site-packages/airflow/operators/python.py", line 216, in execute_callable
    return self.python_callable(*self.op_args, **self.op_kwargs)
  File "/opt/airflow/dags/etl_dag.py", line 22, in run_etl
    load_data(transformed_data)
  File "/opt/airflow/etl/load.py", line 43, in load_data
    execute_values(cursor, query, values)
  File "/home/airflow/.local/lib/python3.8/site-packages/psycopg2/extras.py", line 1299, in execute_values
    cur.execute(b''.join(parts))
psycopg2.errors.InvalidColumnReference: there is no unique or exclusion constraint matching the ON CONFLICT specification

[2026-03-30T02:44:55.769+0000] {taskinstance.py:1138} INFO - Marking task as FAILED. dag_id=market_etl_pipeline, task_id=run_etl, execution_date=20260330T023500, start_date=20260330T024455, end_date=20260330T024455
[2026-03-30T02:44:55.795+0000] {standard_task_runner.py:107} ERROR - Failed to execute job 74 for task run_etl (there is no unique or exclusion constraint matching the ON CONFLICT specification
; 236)
[2026-03-30T02:44:55.825+0000] {local_task_job_runner.py:234} INFO - Task exited with return code 1
[2026-03-30T02:44:55.851+0000] {taskinstance.py:3280} INFO - 0 downstream tasks scheduled from follow-on schedule check
