[2026-03-30T02:57:04.871+0000] {taskinstance.py:1956} INFO - Dependencies all met for dep_context=non-requeueable deps ti=<TaskInstance: market_etl_pipeline.run_etl scheduled__2026-03-30T02:50:00+00:00 [queued]>
[2026-03-30T02:57:04.884+0000] {taskinstance.py:1956} INFO - Dependencies all met for dep_context=requeueable deps ti=<TaskInstance: market_etl_pipeline.run_etl scheduled__2026-03-30T02:50:00+00:00 [queued]>
[2026-03-30T02:57:04.885+0000] {taskinstance.py:2170} INFO - Starting attempt 3 of 3
[2026-03-30T02:57:04.904+0000] {taskinstance.py:2191} INFO - Executing <Task(PythonOperator): run_etl> on 2026-03-30 02:50:00+00:00
[2026-03-30T02:57:04.914+0000] {standard_task_runner.py:60} INFO - Started process 484 to run task
[2026-03-30T02:57:04.919+0000] {standard_task_runner.py:87} INFO - Running: ['***', 'tasks', 'run', 'market_etl_pipeline', 'run_etl', 'scheduled__2026-03-30T02:50:00+00:00', '--job-id', '83', '--raw', '--subdir', 'DAGS_FOLDER/etl_dag.py', '--cfg-path', '/tmp/tmptocg01_9']
[2026-03-30T02:57:04.923+0000] {standard_task_runner.py:88} INFO - Job 83: Subtask run_etl
[2026-03-30T02:57:05.039+0000] {task_command.py:423} INFO - Running <TaskInstance: market_etl_pipeline.run_etl scheduled__2026-03-30T02:50:00+00:00 [running]> on host f100b222ca3f
[2026-03-30T02:57:05.151+0000] {taskinstance.py:2480} INFO - Exporting env vars: AIRFLOW_CTX_DAG_OWNER='***' AIRFLOW_CTX_DAG_ID='market_etl_pipeline' AIRFLOW_CTX_TASK_ID='run_etl' AIRFLOW_CTX_EXECUTION_DATE='2026-03-30T02:50:00+00:00' AIRFLOW_CTX_TRY_NUMBER='3' AIRFLOW_CTX_DAG_RUN_ID='scheduled__2026-03-30T02:50:00+00:00'
[2026-03-30T02:57:05.189+0000] {extract.py:25} INFO - Extracted 10 records
[2026-03-30T02:57:05.191+0000] {extract.py:26} INFO - Sample: [{'instrument_id': 'BTC-USD', 'price': 42042.64, 'volume': 395.38, 'timestamp': '2026-03-30T02:57:05.181872'}, {'instrument_id': 'ETH-USD', 'price': 29224.63, 'volume': 385.16, 'timestamp': '2026-03-30T02:57:05.181929'}]
[2026-03-30T02:57:05.193+0000] {validate.py:26} INFO - Valid records: 10, Dropped: 0
[2026-03-30T02:57:05.204+0000] {taskinstance.py:2698} ERROR - Task failed with exception
Traceback (most recent call last):
  File "/home/airflow/.local/lib/python3.8/site-packages/airflow/models/taskinstance.py", line 433, in _execute_task
    result = execute_callable(context=context, **execute_callable_kwargs)
  File "/home/airflow/.local/lib/python3.8/site-packages/airflow/operators/python.py", line 199, in execute
    return_value = self.execute_callable()
  File "/home/airflow/.local/lib/python3.8/site-packages/airflow/operators/python.py", line 216, in execute_callable
    return self.python_callable(*self.op_args, **self.op_kwargs)
  File "/opt/airflow/dags/etl_dag.py", line 22, in run_etl
    load_data(transformed_data)
  File "/opt/airflow/etl/load.py", line 54, in load_data
    execute_values(cursor, query, values)
  File "/home/airflow/.local/lib/python3.8/site-packages/psycopg2/extras.py", line 1299, in execute_values
    cur.execute(b''.join(parts))
psycopg2.errors.InvalidColumnReference: there is no unique or exclusion constraint matching the ON CONFLICT specification

[2026-03-30T02:57:05.232+0000] {taskinstance.py:1138} INFO - Marking task as FAILED. dag_id=market_etl_pipeline, task_id=run_etl, execution_date=20260330T025000, start_date=20260330T025704, end_date=20260330T025705
[2026-03-30T02:57:05.248+0000] {standard_task_runner.py:107} ERROR - Failed to execute job 83 for task run_etl (there is no unique or exclusion constraint matching the ON CONFLICT specification
; 484)
[2026-03-30T02:57:05.293+0000] {local_task_job_runner.py:234} INFO - Task exited with return code 1
[2026-03-30T02:57:05.318+0000] {taskinstance.py:3280} INFO - 0 downstream tasks scheduled from follow-on schedule check
