[2026-03-30T02:47:03.673+0000] {taskinstance.py:1956} INFO - Dependencies all met for dep_context=non-requeueable deps ti=<TaskInstance: market_etl_pipeline.run_etl scheduled__2026-03-30T02:40:00+00:00 [queued]>
[2026-03-30T02:47:03.686+0000] {taskinstance.py:1956} INFO - Dependencies all met for dep_context=requeueable deps ti=<TaskInstance: market_etl_pipeline.run_etl scheduled__2026-03-30T02:40:00+00:00 [queued]>
[2026-03-30T02:47:03.687+0000] {taskinstance.py:2170} INFO - Starting attempt 3 of 3
[2026-03-30T02:47:03.706+0000] {taskinstance.py:2191} INFO - Executing <Task(PythonOperator): run_etl> on 2026-03-30 02:40:00+00:00
[2026-03-30T02:47:03.716+0000] {standard_task_runner.py:60} INFO - Started process 292 to run task
[2026-03-30T02:47:03.721+0000] {standard_task_runner.py:87} INFO - Running: ['***', 'tasks', 'run', 'market_etl_pipeline', 'run_etl', 'scheduled__2026-03-30T02:40:00+00:00', '--job-id', '77', '--raw', '--subdir', 'DAGS_FOLDER/etl_dag.py', '--cfg-path', '/tmp/tmpq_zhw4uq']
[2026-03-30T02:47:03.726+0000] {standard_task_runner.py:88} INFO - Job 77: Subtask run_etl
[2026-03-30T02:47:03.836+0000] {task_command.py:423} INFO - Running <TaskInstance: market_etl_pipeline.run_etl scheduled__2026-03-30T02:40:00+00:00 [running]> on host f100b222ca3f
[2026-03-30T02:47:03.955+0000] {taskinstance.py:2480} INFO - Exporting env vars: AIRFLOW_CTX_DAG_OWNER='***' AIRFLOW_CTX_DAG_ID='market_etl_pipeline' AIRFLOW_CTX_TASK_ID='run_etl' AIRFLOW_CTX_EXECUTION_DATE='2026-03-30T02:40:00+00:00' AIRFLOW_CTX_TRY_NUMBER='3' AIRFLOW_CTX_DAG_RUN_ID='scheduled__2026-03-30T02:40:00+00:00'
[2026-03-30T02:47:03.969+0000] {extract.py:23} INFO - Extracted 10 records
[2026-03-30T02:47:03.970+0000] {logging_mixin.py:188} INFO - [{'instrument_id': 'AAPL', 'price': 12574.76, 'volume': 892.09, 'timestamp': '2026-03-30T02:47:03.965601'}, {'instrument_id': 'AAPL', 'price': 2202.69, 'volume': 874.6, 'timestamp': '2026-03-30T02:47:03.965650'}, {'instrument_id': 'AAPL', 'price': 4516.18, 'volume': 610.27, 'timestamp': '2026-03-30T02:47:03.965654'}, {'instrument_id': 'ETH-USD', 'price': 41333.96, 'volume': 377.84, 'timestamp': '2026-03-30T02:47:03.965659'}, {'instrument_id': 'AAPL', 'price': 31505.12, 'volume': 942.68, 'timestamp': '2026-03-30T02:47:03.965662'}, {'instrument_id': 'AAPL', 'price': 'invalid', 'volume': 846.18, 'timestamp': '2026-03-30T02:47:03.965665'}, {'instrument_id': 'ETH-USD', 'price': 27748.62, 'volume': 466.52, 'timestamp': '2026-03-30T02:47:03.965669'}, {'instrument_id': 'ETH-USD', 'price': 18536.78, 'volume': 349.39, 'timestamp': '2026-03-30T02:47:03.965672'}, {'instrument_id': 'BTC-USD', 'price': 'invalid', 'volume': 288.55, 'timestamp': '2026-03-30T02:47:03.965674'}, {'instrument_id': 'AAPL', 'price': 38732.51, 'volume': 522.58, 'timestamp': '2026-03-30T02:47:03.965678'}]
[2026-03-30T02:47:03.975+0000] {validate.py:23} WARNING - Validation failed: 1 validation error for MarketData
price
  Input should be a valid number, unable to parse string as a number [type=float_parsing, input_value='invalid', input_type=str]
    For further information visit https://errors.pydantic.dev/2.5/v/float_parsing
[2026-03-30T02:47:03.976+0000] {validate.py:23} WARNING - Validation failed: 1 validation error for MarketData
price
  Input should be a valid number, unable to parse string as a number [type=float_parsing, input_value='invalid', input_type=str]
    For further information visit https://errors.pydantic.dev/2.5/v/float_parsing
[2026-03-30T02:47:03.977+0000] {validate.py:26} INFO - Valid records: 8, Dropped: 2
[2026-03-30T02:47:03.987+0000] {taskinstance.py:2698} ERROR - Task failed with exception
Traceback (most recent call last):
  File "/home/airflow/.local/lib/python3.8/site-packages/airflow/models/taskinstance.py", line 433, in _execute_task
    result = execute_callable(context=context, **execute_callable_kwargs)
  File "/home/airflow/.local/lib/python3.8/site-packages/airflow/operators/python.py", line 199, in execute
    return_value = self.execute_callable()
  File "/home/airflow/.local/lib/python3.8/site-packages/airflow/operators/python.py", line 216, in execute_callable
    return self.python_callable(*self.op_args, **self.op_kwargs)
  File "/opt/airflow/dags/etl_dag.py", line 22, in run_etl
    load_data(transformed_data)
  File "/opt/airflow/etl/load.py", line 43, in load_data
    execute_values(cursor, query, values)
  File "/home/airflow/.local/lib/python3.8/site-packages/psycopg2/extras.py", line 1299, in execute_values
    cur.execute(b''.join(parts))
psycopg2.errors.InvalidColumnReference: there is no unique or exclusion constraint matching the ON CONFLICT specification

[2026-03-30T02:47:04.010+0000] {taskinstance.py:1138} INFO - Marking task as FAILED. dag_id=market_etl_pipeline, task_id=run_etl, execution_date=20260330T024000, start_date=20260330T024703, end_date=20260330T024704
[2026-03-30T02:47:04.028+0000] {standard_task_runner.py:107} ERROR - Failed to execute job 77 for task run_etl (there is no unique or exclusion constraint matching the ON CONFLICT specification
; 292)
[2026-03-30T02:47:04.054+0000] {local_task_job_runner.py:234} INFO - Task exited with return code 1
[2026-03-30T02:47:04.083+0000] {taskinstance.py:3280} INFO - 0 downstream tasks scheduled from follow-on schedule check
