[2026-03-30T02:45:01.187+0000] {taskinstance.py:1956} INFO - Dependencies all met for dep_context=non-requeueable deps ti=<TaskInstance: market_etl_pipeline.run_etl scheduled__2026-03-30T02:40:00+00:00 [queued]>
[2026-03-30T02:45:01.200+0000] {taskinstance.py:1956} INFO - Dependencies all met for dep_context=requeueable deps ti=<TaskInstance: market_etl_pipeline.run_etl scheduled__2026-03-30T02:40:00+00:00 [queued]>
[2026-03-30T02:45:01.201+0000] {taskinstance.py:2170} INFO - Starting attempt 1 of 3
[2026-03-30T02:45:01.220+0000] {taskinstance.py:2191} INFO - Executing <Task(PythonOperator): run_etl> on 2026-03-30 02:40:00+00:00
[2026-03-30T02:45:01.231+0000] {standard_task_runner.py:60} INFO - Started process 248 to run task
[2026-03-30T02:45:01.237+0000] {standard_task_runner.py:87} INFO - Running: ['***', 'tasks', 'run', 'market_etl_pipeline', 'run_etl', 'scheduled__2026-03-30T02:40:00+00:00', '--job-id', '75', '--raw', '--subdir', 'DAGS_FOLDER/etl_dag.py', '--cfg-path', '/tmp/tmpmfa0a4b6']
[2026-03-30T02:45:01.241+0000] {standard_task_runner.py:88} INFO - Job 75: Subtask run_etl
[2026-03-30T02:45:01.369+0000] {task_command.py:423} INFO - Running <TaskInstance: market_etl_pipeline.run_etl scheduled__2026-03-30T02:40:00+00:00 [running]> on host f100b222ca3f
[2026-03-30T02:45:01.502+0000] {taskinstance.py:2480} INFO - Exporting env vars: AIRFLOW_CTX_DAG_OWNER='***' AIRFLOW_CTX_DAG_ID='market_etl_pipeline' AIRFLOW_CTX_TASK_ID='run_etl' AIRFLOW_CTX_EXECUTION_DATE='2026-03-30T02:40:00+00:00' AIRFLOW_CTX_TRY_NUMBER='1' AIRFLOW_CTX_DAG_RUN_ID='scheduled__2026-03-30T02:40:00+00:00'
[2026-03-30T02:45:01.517+0000] {extract.py:23} INFO - Extracted 10 records
[2026-03-30T02:45:01.518+0000] {logging_mixin.py:188} INFO - [{'instrument_id': 'GOOG', 'price': 903.72, 'volume': 736.17, 'timestamp': '2026-03-30T02:45:01.513717'}, {'instrument_id': 'AAPL', 'price': 15628.16, 'volume': 389.99, 'timestamp': '2026-03-30T02:45:01.513735'}, {'instrument_id': 'ETH-USD', 'price': 22230.19, 'volume': 131.01, 'timestamp': '2026-03-30T02:45:01.513741'}, {'instrument_id': 'AAPL', 'price': 12357.89, 'volume': 940.4, 'timestamp': '2026-03-30T02:45:01.513745'}, {'instrument_id': 'GOOG', 'price': 44424.32, 'volume': 953.74, 'timestamp': '2026-03-30T02:45:01.513750'}, {'instrument_id': 'AAPL', 'price': 24498.75, 'volume': 274.71, 'timestamp': '2026-03-30T02:45:01.513754'}, {'instrument_id': 'GOOG', 'price': 9091.0, 'volume': 191.44, 'timestamp': '2026-03-30T02:45:01.513758'}, {'instrument_id': 'GOOG', 'price': 9367.15, 'volume': 378.56, 'timestamp': '2026-03-30T02:45:01.513762'}, {'instrument_id': 'GOOG', 'price': 36017.02, 'volume': 717.86, 'timestamp': '2026-03-30T02:45:01.513766'}, {'instrument_id': 'GOOG', 'price': 17190.98, 'volume': 33.51, 'timestamp': '2026-03-30T02:45:01.513770'}]
[2026-03-30T02:45:01.520+0000] {validate.py:26} INFO - Valid records: 10, Dropped: 0
[2026-03-30T02:45:01.532+0000] {taskinstance.py:2698} ERROR - Task failed with exception
Traceback (most recent call last):
  File "/home/airflow/.local/lib/python3.8/site-packages/airflow/models/taskinstance.py", line 433, in _execute_task
    result = execute_callable(context=context, **execute_callable_kwargs)
  File "/home/airflow/.local/lib/python3.8/site-packages/airflow/operators/python.py", line 199, in execute
    return_value = self.execute_callable()
  File "/home/airflow/.local/lib/python3.8/site-packages/airflow/operators/python.py", line 216, in execute_callable
    return self.python_callable(*self.op_args, **self.op_kwargs)
  File "/opt/airflow/dags/etl_dag.py", line 22, in run_etl
    load_data(transformed_data)
  File "/opt/airflow/etl/load.py", line 43, in load_data
    execute_values(cursor, query, values)
  File "/home/airflow/.local/lib/python3.8/site-packages/psycopg2/extras.py", line 1299, in execute_values
    cur.execute(b''.join(parts))
psycopg2.errors.InvalidColumnReference: there is no unique or exclusion constraint matching the ON CONFLICT specification

[2026-03-30T02:45:01.561+0000] {taskinstance.py:1138} INFO - Marking task as UP_FOR_RETRY. dag_id=market_etl_pipeline, task_id=run_etl, execution_date=20260330T024000, start_date=20260330T024501, end_date=20260330T024501
[2026-03-30T02:45:01.580+0000] {standard_task_runner.py:107} ERROR - Failed to execute job 75 for task run_etl (there is no unique or exclusion constraint matching the ON CONFLICT specification
; 248)
[2026-03-30T02:45:01.612+0000] {local_task_job_runner.py:234} INFO - Task exited with return code 1
[2026-03-30T02:45:01.645+0000] {taskinstance.py:3280} INFO - 0 downstream tasks scheduled from follow-on schedule check
