[2026-03-28T22:24:50.169+0000] {taskinstance.py:1956} INFO - Dependencies all met for dep_context=non-requeueable deps ti=<TaskInstance: market_etl_pipeline.run_etl manual__2026-03-28T22:23:47.154837+00:00 [queued]>
[2026-03-28T22:24:50.183+0000] {taskinstance.py:1956} INFO - Dependencies all met for dep_context=requeueable deps ti=<TaskInstance: market_etl_pipeline.run_etl manual__2026-03-28T22:23:47.154837+00:00 [queued]>
[2026-03-28T22:24:50.184+0000] {taskinstance.py:2170} INFO - Starting attempt 2 of 3
[2026-03-28T22:24:50.204+0000] {taskinstance.py:2191} INFO - Executing <Task(PythonOperator): run_etl> on 2026-03-28 22:23:47.154837+00:00
[2026-03-28T22:24:50.216+0000] {standard_task_runner.py:60} INFO - Started process 1043 to run task
[2026-03-28T22:24:50.223+0000] {standard_task_runner.py:87} INFO - Running: ['***', 'tasks', 'run', 'market_etl_pipeline', 'run_etl', 'manual__2026-03-28T22:23:47.154837+00:00', '--job-id', '34', '--raw', '--subdir', 'DAGS_FOLDER/etl_dag.py', '--cfg-path', '/tmp/tmp_joel8nf']
[2026-03-28T22:24:50.227+0000] {standard_task_runner.py:88} INFO - Job 34: Subtask run_etl
[2026-03-28T22:24:50.329+0000] {task_command.py:423} INFO - Running <TaskInstance: market_etl_pipeline.run_etl manual__2026-03-28T22:23:47.154837+00:00 [running]> on host f100b222ca3f
[2026-03-28T22:24:50.445+0000] {taskinstance.py:2480} INFO - Exporting env vars: AIRFLOW_CTX_DAG_OWNER='***' AIRFLOW_CTX_DAG_ID='market_etl_pipeline' AIRFLOW_CTX_TASK_ID='run_etl' AIRFLOW_CTX_EXECUTION_DATE='2026-03-28T22:23:47.154837+00:00' AIRFLOW_CTX_TRY_NUMBER='2' AIRFLOW_CTX_DAG_RUN_ID='manual__2026-03-28T22:23:47.154837+00:00'
[2026-03-28T22:24:50.459+0000] {extract.py:23} INFO - Extracted 10 records
[2026-03-28T22:24:50.460+0000] {logging_mixin.py:188} INFO - [{'instrument_id': 'AAPL', 'price': 26627.62, 'volume': 297.01, 'timestamp': '2026-03-28T22:24:50.457088'}, {'instrument_id': 'AAPL', 'price': 16745.12, 'volume': 913.38, 'timestamp': '2026-03-28T22:24:50.457113'}, {'instrument_id': 'GOOG', 'price': 18393.72, 'volume': 264.49, 'timestamp': '2026-03-28T22:24:50.457118'}, {'instrument_id': 'AAPL', 'price': 32994.04, 'volume': 895.88, 'timestamp': '2026-03-28T22:24:50.457121'}, {'instrument_id': 'GOOG', 'price': 44265.2, 'volume': 68.08, 'timestamp': '2026-03-28T22:24:50.457125'}, {'instrument_id': 'AAPL', 'price': 44360.5, 'volume': 296.99, 'timestamp': '2026-03-28T22:24:50.457128'}, {'instrument_id': 'ETH-USD', 'price': 16969.1, 'volume': 158.23, 'timestamp': '2026-03-28T22:24:50.457131'}, {'instrument_id': 'GOOG', 'price': 12543.27, 'volume': 480.26, 'timestamp': '2026-03-28T22:24:50.457135'}, {'instrument_id': 'ETH-USD', 'price': 19483.58, 'volume': 385.98, 'timestamp': '2026-03-28T22:24:50.457138'}, {'instrument_id': 'GOOG', 'price': 16358.34, 'volume': 853.07, 'timestamp': '2026-03-28T22:24:50.457141'}]
[2026-03-28T22:24:50.462+0000] {validate.py:26} INFO - Valid records: 10, Dropped: 0
[2026-03-28T22:24:50.472+0000] {taskinstance.py:2698} ERROR - Task failed with exception
Traceback (most recent call last):
  File "/home/airflow/.local/lib/python3.8/site-packages/airflow/models/taskinstance.py", line 433, in _execute_task
    result = execute_callable(context=context, **execute_callable_kwargs)
  File "/home/airflow/.local/lib/python3.8/site-packages/airflow/operators/python.py", line 199, in execute
    return_value = self.execute_callable()
  File "/home/airflow/.local/lib/python3.8/site-packages/airflow/operators/python.py", line 216, in execute_callable
    return self.python_callable(*self.op_args, **self.op_kwargs)
  File "/opt/airflow/dags/etl_dag.py", line 22, in run_etl
    load_data(transformed_data)
  File "/opt/airflow/etl/load.py", line 43, in load_data
    execute_values(cursor, query, values)
  File "/home/airflow/.local/lib/python3.8/site-packages/psycopg2/extras.py", line 1299, in execute_values
    cur.execute(b''.join(parts))
psycopg2.errors.InvalidColumnReference: there is no unique or exclusion constraint matching the ON CONFLICT specification

[2026-03-28T22:24:50.497+0000] {taskinstance.py:1138} INFO - Marking task as UP_FOR_RETRY. dag_id=market_etl_pipeline, task_id=run_etl, execution_date=20260328T222347, start_date=20260328T222450, end_date=20260328T222450
[2026-03-28T22:24:50.512+0000] {standard_task_runner.py:107} ERROR - Failed to execute job 34 for task run_etl (there is no unique or exclusion constraint matching the ON CONFLICT specification
; 1043)
[2026-03-28T22:24:50.555+0000] {local_task_job_runner.py:234} INFO - Task exited with return code 1
[2026-03-28T22:24:50.581+0000] {taskinstance.py:3280} INFO - 0 downstream tasks scheduled from follow-on schedule check
