[2026-03-28T22:23:48.910+0000] {taskinstance.py:1956} INFO - Dependencies all met for dep_context=non-requeueable deps ti=<TaskInstance: market_etl_pipeline.run_etl manual__2026-03-28T22:23:47.154837+00:00 [queued]>
[2026-03-28T22:23:48.927+0000] {taskinstance.py:1956} INFO - Dependencies all met for dep_context=requeueable deps ti=<TaskInstance: market_etl_pipeline.run_etl manual__2026-03-28T22:23:47.154837+00:00 [queued]>
[2026-03-28T22:23:48.929+0000] {taskinstance.py:2170} INFO - Starting attempt 1 of 3
[2026-03-28T22:23:48.951+0000] {taskinstance.py:2191} INFO - Executing <Task(PythonOperator): run_etl> on 2026-03-28 22:23:47.154837+00:00
[2026-03-28T22:23:48.962+0000] {standard_task_runner.py:60} INFO - Started process 1021 to run task
[2026-03-28T22:23:48.969+0000] {standard_task_runner.py:87} INFO - Running: ['***', 'tasks', 'run', 'market_etl_pipeline', 'run_etl', 'manual__2026-03-28T22:23:47.154837+00:00', '--job-id', '33', '--raw', '--subdir', 'DAGS_FOLDER/etl_dag.py', '--cfg-path', '/tmp/tmp4wk3pbyo']
[2026-03-28T22:23:48.974+0000] {standard_task_runner.py:88} INFO - Job 33: Subtask run_etl
[2026-03-28T22:23:49.118+0000] {task_command.py:423} INFO - Running <TaskInstance: market_etl_pipeline.run_etl manual__2026-03-28T22:23:47.154837+00:00 [running]> on host f100b222ca3f
[2026-03-28T22:23:49.246+0000] {taskinstance.py:2480} INFO - Exporting env vars: AIRFLOW_CTX_DAG_OWNER='***' AIRFLOW_CTX_DAG_ID='market_etl_pipeline' AIRFLOW_CTX_TASK_ID='run_etl' AIRFLOW_CTX_EXECUTION_DATE='2026-03-28T22:23:47.154837+00:00' AIRFLOW_CTX_TRY_NUMBER='1' AIRFLOW_CTX_DAG_RUN_ID='manual__2026-03-28T22:23:47.154837+00:00'
[2026-03-28T22:23:49.311+0000] {extract.py:23} INFO - Extracted 10 records
[2026-03-28T22:23:49.312+0000] {logging_mixin.py:188} INFO - [{'instrument_id': 'GOOG', 'price': 7289.76, 'volume': 552.11, 'timestamp': '2026-03-28T22:23:49.296400'}, {'instrument_id': 'ETH-USD', 'price': 49373.61, 'volume': 193.17, 'timestamp': '2026-03-28T22:23:49.296559'}, {'instrument_id': 'AAPL', 'price': 'invalid', 'volume': 858.76, 'timestamp': '2026-03-28T22:23:49.296570'}, {'instrument_id': 'GOOG', 'price': 25252.24, 'volume': 279.13, 'timestamp': '2026-03-28T22:23:49.296577'}, {'instrument_id': 'ETH-USD', 'price': 'invalid', 'volume': 896.99, 'timestamp': '2026-03-28T22:23:49.296616'}, {'instrument_id': 'AAPL', 'price': 184.02, 'volume': 265.85, 'timestamp': '2026-03-28T22:23:49.296621'}, {'instrument_id': 'ETH-USD', 'price': 46618.74, 'volume': 577.59, 'timestamp': '2026-03-28T22:23:49.296625'}, {'instrument_id': 'GOOG', 'price': 42049.8, 'volume': 422.02, 'timestamp': '2026-03-28T22:23:49.296628'}, {'instrument_id': 'ETH-USD', 'price': 32136.55, 'volume': 496.05, 'timestamp': '2026-03-28T22:23:49.296632'}, {'instrument_id': 'ETH-USD', 'price': 20396.0, 'volume': 286.04, 'timestamp': '2026-03-28T22:23:49.296636'}]
[2026-03-28T22:23:49.321+0000] {validate.py:23} WARNING - Validation failed: 1 validation error for MarketData
price
  Input should be a valid number, unable to parse string as a number [type=float_parsing, input_value='invalid', input_type=str]
    For further information visit https://errors.pydantic.dev/2.5/v/float_parsing
[2026-03-28T22:23:49.322+0000] {validate.py:23} WARNING - Validation failed: 1 validation error for MarketData
price
  Input should be a valid number, unable to parse string as a number [type=float_parsing, input_value='invalid', input_type=str]
    For further information visit https://errors.pydantic.dev/2.5/v/float_parsing
[2026-03-28T22:23:49.323+0000] {validate.py:26} INFO - Valid records: 8, Dropped: 2
[2026-03-28T22:23:49.339+0000] {taskinstance.py:2698} ERROR - Task failed with exception
Traceback (most recent call last):
  File "/home/airflow/.local/lib/python3.8/site-packages/airflow/models/taskinstance.py", line 433, in _execute_task
    result = execute_callable(context=context, **execute_callable_kwargs)
  File "/home/airflow/.local/lib/python3.8/site-packages/airflow/operators/python.py", line 199, in execute
    return_value = self.execute_callable()
  File "/home/airflow/.local/lib/python3.8/site-packages/airflow/operators/python.py", line 216, in execute_callable
    return self.python_callable(*self.op_args, **self.op_kwargs)
  File "/opt/airflow/dags/etl_dag.py", line 22, in run_etl
    load_data(transformed_data)
  File "/opt/airflow/etl/load.py", line 43, in load_data
    execute_values(cursor, query, values)
  File "/home/airflow/.local/lib/python3.8/site-packages/psycopg2/extras.py", line 1299, in execute_values
    cur.execute(b''.join(parts))
psycopg2.errors.InvalidColumnReference: there is no unique or exclusion constraint matching the ON CONFLICT specification

[2026-03-28T22:23:49.372+0000] {taskinstance.py:1138} INFO - Marking task as UP_FOR_RETRY. dag_id=market_etl_pipeline, task_id=run_etl, execution_date=20260328T222347, start_date=20260328T222348, end_date=20260328T222349
[2026-03-28T22:23:49.390+0000] {standard_task_runner.py:107} ERROR - Failed to execute job 33 for task run_etl (there is no unique or exclusion constraint matching the ON CONFLICT specification
; 1021)
[2026-03-28T22:23:49.423+0000] {local_task_job_runner.py:234} INFO - Task exited with return code 1
[2026-03-28T22:23:49.451+0000] {taskinstance.py:3280} INFO - 0 downstream tasks scheduled from follow-on schedule check
