[2026-03-30T02:42:51.661+0000] {processor.py:161} INFO - Started process (PID=193) to work on /opt/airflow/dags/etl_dag.py
[2026-03-30T02:42:51.663+0000] {processor.py:830} INFO - Processing file /opt/airflow/dags/etl_dag.py for tasks to queue
[2026-03-30T02:42:51.665+0000] {logging_mixin.py:188} INFO - [2026-03-30T02:42:51.664+0000] {dagbag.py:538} INFO - Filling up the DagBag from /opt/airflow/dags/etl_dag.py
[2026-03-30T02:42:51.738+0000] {processor.py:840} INFO - DAG(s) 'market_etl_pipeline' retrieved from /opt/airflow/dags/etl_dag.py
[2026-03-30T02:42:51.784+0000] {logging_mixin.py:188} INFO - [2026-03-30T02:42:51.783+0000] {dag.py:3036} INFO - Sync 1 DAGs
[2026-03-30T02:42:51.822+0000] {logging_mixin.py:188} INFO - [2026-03-30T02:42:51.822+0000] {dag.py:3823} INFO - Setting next_dagrun for market_etl_pipeline to 2026-03-30 02:40:00+00:00, run_after=2026-03-30 02:45:00+00:00
[2026-03-30T02:42:51.848+0000] {processor.py:183} INFO - Processing /opt/airflow/dags/etl_dag.py took 0.193 seconds
[2026-03-30T02:43:22.835+0000] {processor.py:161} INFO - Started process (PID=206) to work on /opt/airflow/dags/etl_dag.py
[2026-03-30T02:43:22.840+0000] {processor.py:830} INFO - Processing file /opt/airflow/dags/etl_dag.py for tasks to queue
[2026-03-30T02:43:22.843+0000] {logging_mixin.py:188} INFO - [2026-03-30T02:43:22.842+0000] {dagbag.py:538} INFO - Filling up the DagBag from /opt/airflow/dags/etl_dag.py
[2026-03-30T02:43:22.996+0000] {processor.py:840} INFO - DAG(s) 'market_etl_pipeline' retrieved from /opt/airflow/dags/etl_dag.py
[2026-03-30T02:43:23.416+0000] {logging_mixin.py:188} INFO - [2026-03-30T02:43:23.415+0000] {dag.py:3036} INFO - Sync 1 DAGs
[2026-03-30T02:43:23.499+0000] {logging_mixin.py:188} INFO - [2026-03-30T02:43:23.498+0000] {dag.py:3823} INFO - Setting next_dagrun for market_etl_pipeline to 2026-03-30 02:40:00+00:00, run_after=2026-03-30 02:45:00+00:00
[2026-03-30T02:43:23.553+0000] {processor.py:183} INFO - Processing /opt/airflow/dags/etl_dag.py took 0.749 seconds
[2026-03-30T02:43:54.578+0000] {processor.py:161} INFO - Started process (PID=218) to work on /opt/airflow/dags/etl_dag.py
[2026-03-30T02:43:54.580+0000] {processor.py:830} INFO - Processing file /opt/airflow/dags/etl_dag.py for tasks to queue
[2026-03-30T02:43:54.581+0000] {logging_mixin.py:188} INFO - [2026-03-30T02:43:54.581+0000] {dagbag.py:538} INFO - Filling up the DagBag from /opt/airflow/dags/etl_dag.py
[2026-03-30T02:43:54.671+0000] {processor.py:840} INFO - DAG(s) 'market_etl_pipeline' retrieved from /opt/airflow/dags/etl_dag.py
[2026-03-30T02:43:54.721+0000] {logging_mixin.py:188} INFO - [2026-03-30T02:43:54.721+0000] {dag.py:3036} INFO - Sync 1 DAGs
[2026-03-30T02:43:54.759+0000] {logging_mixin.py:188} INFO - [2026-03-30T02:43:54.759+0000] {dag.py:3823} INFO - Setting next_dagrun for market_etl_pipeline to 2026-03-30 02:40:00+00:00, run_after=2026-03-30 02:45:00+00:00
[2026-03-30T02:43:54.786+0000] {processor.py:183} INFO - Processing /opt/airflow/dags/etl_dag.py took 0.213 seconds
[2026-03-30T02:44:25.680+0000] {processor.py:161} INFO - Started process (PID=228) to work on /opt/airflow/dags/etl_dag.py
[2026-03-30T02:44:25.683+0000] {processor.py:830} INFO - Processing file /opt/airflow/dags/etl_dag.py for tasks to queue
[2026-03-30T02:44:25.685+0000] {logging_mixin.py:188} INFO - [2026-03-30T02:44:25.684+0000] {dagbag.py:538} INFO - Filling up the DagBag from /opt/airflow/dags/etl_dag.py
[2026-03-30T02:44:25.829+0000] {processor.py:840} INFO - DAG(s) 'market_etl_pipeline' retrieved from /opt/airflow/dags/etl_dag.py
[2026-03-30T02:44:25.936+0000] {logging_mixin.py:188} INFO - [2026-03-30T02:44:25.935+0000] {dag.py:3036} INFO - Sync 1 DAGs
[2026-03-30T02:44:26.010+0000] {logging_mixin.py:188} INFO - [2026-03-30T02:44:26.009+0000] {dag.py:3823} INFO - Setting next_dagrun for market_etl_pipeline to 2026-03-30 02:40:00+00:00, run_after=2026-03-30 02:45:00+00:00
[2026-03-30T02:44:26.050+0000] {processor.py:183} INFO - Processing /opt/airflow/dags/etl_dag.py took 0.376 seconds
[2026-03-30T02:44:56.316+0000] {processor.py:161} INFO - Started process (PID=242) to work on /opt/airflow/dags/etl_dag.py
[2026-03-30T02:44:56.318+0000] {processor.py:830} INFO - Processing file /opt/airflow/dags/etl_dag.py for tasks to queue
[2026-03-30T02:44:56.319+0000] {logging_mixin.py:188} INFO - [2026-03-30T02:44:56.319+0000] {dagbag.py:538} INFO - Filling up the DagBag from /opt/airflow/dags/etl_dag.py
[2026-03-30T02:44:56.393+0000] {processor.py:840} INFO - DAG(s) 'market_etl_pipeline' retrieved from /opt/airflow/dags/etl_dag.py
[2026-03-30T02:44:56.432+0000] {logging_mixin.py:188} INFO - [2026-03-30T02:44:56.432+0000] {dag.py:3036} INFO - Sync 1 DAGs
[2026-03-30T02:44:56.472+0000] {logging_mixin.py:188} INFO - [2026-03-30T02:44:56.472+0000] {dag.py:3823} INFO - Setting next_dagrun for market_etl_pipeline to 2026-03-30 02:40:00+00:00, run_after=2026-03-30 02:45:00+00:00
[2026-03-30T02:44:56.502+0000] {processor.py:183} INFO - Processing /opt/airflow/dags/etl_dag.py took 0.191 seconds
[2026-03-30T02:45:27.000+0000] {processor.py:161} INFO - Started process (PID=252) to work on /opt/airflow/dags/etl_dag.py
[2026-03-30T02:45:27.003+0000] {processor.py:830} INFO - Processing file /opt/airflow/dags/etl_dag.py for tasks to queue
[2026-03-30T02:45:27.005+0000] {logging_mixin.py:188} INFO - [2026-03-30T02:45:27.004+0000] {dagbag.py:538} INFO - Filling up the DagBag from /opt/airflow/dags/etl_dag.py
[2026-03-30T02:45:27.096+0000] {processor.py:840} INFO - DAG(s) 'market_etl_pipeline' retrieved from /opt/airflow/dags/etl_dag.py
[2026-03-30T02:45:27.142+0000] {logging_mixin.py:188} INFO - [2026-03-30T02:45:27.142+0000] {dag.py:3036} INFO - Sync 1 DAGs
[2026-03-30T02:45:27.183+0000] {logging_mixin.py:188} INFO - [2026-03-30T02:45:27.183+0000] {dag.py:3823} INFO - Setting next_dagrun for market_etl_pipeline to 2026-03-30 02:45:00+00:00, run_after=2026-03-30 02:50:00+00:00
[2026-03-30T02:45:27.215+0000] {processor.py:183} INFO - Processing /opt/airflow/dags/etl_dag.py took 0.224 seconds
[2026-03-30T02:45:57.546+0000] {processor.py:161} INFO - Started process (PID=264) to work on /opt/airflow/dags/etl_dag.py
[2026-03-30T02:45:57.551+0000] {processor.py:830} INFO - Processing file /opt/airflow/dags/etl_dag.py for tasks to queue
[2026-03-30T02:45:57.553+0000] {logging_mixin.py:188} INFO - [2026-03-30T02:45:57.552+0000] {dagbag.py:538} INFO - Filling up the DagBag from /opt/airflow/dags/etl_dag.py
[2026-03-30T02:45:57.635+0000] {processor.py:840} INFO - DAG(s) 'market_etl_pipeline' retrieved from /opt/airflow/dags/etl_dag.py
[2026-03-30T02:45:57.676+0000] {logging_mixin.py:188} INFO - [2026-03-30T02:45:57.675+0000] {dag.py:3036} INFO - Sync 1 DAGs
[2026-03-30T02:45:57.721+0000] {logging_mixin.py:188} INFO - [2026-03-30T02:45:57.721+0000] {dag.py:3823} INFO - Setting next_dagrun for market_etl_pipeline to 2026-03-30 02:45:00+00:00, run_after=2026-03-30 02:50:00+00:00
[2026-03-30T02:45:57.757+0000] {processor.py:183} INFO - Processing /opt/airflow/dags/etl_dag.py took 0.217 seconds
[2026-03-30T02:46:28.570+0000] {processor.py:161} INFO - Started process (PID=276) to work on /opt/airflow/dags/etl_dag.py
[2026-03-30T02:46:28.573+0000] {processor.py:830} INFO - Processing file /opt/airflow/dags/etl_dag.py for tasks to queue
[2026-03-30T02:46:28.575+0000] {logging_mixin.py:188} INFO - [2026-03-30T02:46:28.574+0000] {dagbag.py:538} INFO - Filling up the DagBag from /opt/airflow/dags/etl_dag.py
[2026-03-30T02:46:28.656+0000] {processor.py:840} INFO - DAG(s) 'market_etl_pipeline' retrieved from /opt/airflow/dags/etl_dag.py
[2026-03-30T02:46:28.713+0000] {logging_mixin.py:188} INFO - [2026-03-30T02:46:28.712+0000] {dag.py:3036} INFO - Sync 1 DAGs
[2026-03-30T02:46:28.756+0000] {logging_mixin.py:188} INFO - [2026-03-30T02:46:28.756+0000] {dag.py:3823} INFO - Setting next_dagrun for market_etl_pipeline to 2026-03-30 02:45:00+00:00, run_after=2026-03-30 02:50:00+00:00
[2026-03-30T02:46:28.788+0000] {processor.py:183} INFO - Processing /opt/airflow/dags/etl_dag.py took 0.223 seconds
[2026-03-30T02:46:59.063+0000] {processor.py:161} INFO - Started process (PID=286) to work on /opt/airflow/dags/etl_dag.py
[2026-03-30T02:46:59.065+0000] {processor.py:830} INFO - Processing file /opt/airflow/dags/etl_dag.py for tasks to queue
[2026-03-30T02:46:59.066+0000] {logging_mixin.py:188} INFO - [2026-03-30T02:46:59.066+0000] {dagbag.py:538} INFO - Filling up the DagBag from /opt/airflow/dags/etl_dag.py
[2026-03-30T02:46:59.135+0000] {processor.py:840} INFO - DAG(s) 'market_etl_pipeline' retrieved from /opt/airflow/dags/etl_dag.py
[2026-03-30T02:46:59.171+0000] {logging_mixin.py:188} INFO - [2026-03-30T02:46:59.171+0000] {dag.py:3036} INFO - Sync 1 DAGs
[2026-03-30T02:46:59.209+0000] {logging_mixin.py:188} INFO - [2026-03-30T02:46:59.209+0000] {dag.py:3823} INFO - Setting next_dagrun for market_etl_pipeline to 2026-03-30 02:45:00+00:00, run_after=2026-03-30 02:50:00+00:00
[2026-03-30T02:46:59.237+0000] {processor.py:183} INFO - Processing /opt/airflow/dags/etl_dag.py took 0.179 seconds
[2026-03-30T02:47:29.924+0000] {processor.py:161} INFO - Started process (PID=298) to work on /opt/airflow/dags/etl_dag.py
[2026-03-30T02:47:29.926+0000] {processor.py:830} INFO - Processing file /opt/airflow/dags/etl_dag.py for tasks to queue
[2026-03-30T02:47:29.928+0000] {logging_mixin.py:188} INFO - [2026-03-30T02:47:29.927+0000] {dagbag.py:538} INFO - Filling up the DagBag from /opt/airflow/dags/etl_dag.py
[2026-03-30T02:47:30.016+0000] {processor.py:840} INFO - DAG(s) 'market_etl_pipeline' retrieved from /opt/airflow/dags/etl_dag.py
[2026-03-30T02:47:30.061+0000] {logging_mixin.py:188} INFO - [2026-03-30T02:47:30.061+0000] {dag.py:3036} INFO - Sync 1 DAGs
[2026-03-30T02:47:30.102+0000] {logging_mixin.py:188} INFO - [2026-03-30T02:47:30.102+0000] {dag.py:3823} INFO - Setting next_dagrun for market_etl_pipeline to 2026-03-30 02:45:00+00:00, run_after=2026-03-30 02:50:00+00:00
[2026-03-30T02:47:30.137+0000] {processor.py:183} INFO - Processing /opt/airflow/dags/etl_dag.py took 0.219 seconds
[2026-03-30T02:48:00.306+0000] {processor.py:161} INFO - Started process (PID=308) to work on /opt/airflow/dags/etl_dag.py
[2026-03-30T02:48:00.308+0000] {processor.py:830} INFO - Processing file /opt/airflow/dags/etl_dag.py for tasks to queue
[2026-03-30T02:48:00.310+0000] {logging_mixin.py:188} INFO - [2026-03-30T02:48:00.309+0000] {dagbag.py:538} INFO - Filling up the DagBag from /opt/airflow/dags/etl_dag.py
[2026-03-30T02:48:00.400+0000] {processor.py:840} INFO - DAG(s) 'market_etl_pipeline' retrieved from /opt/airflow/dags/etl_dag.py
[2026-03-30T02:48:00.443+0000] {logging_mixin.py:188} INFO - [2026-03-30T02:48:00.442+0000] {dag.py:3036} INFO - Sync 1 DAGs
[2026-03-30T02:48:00.480+0000] {logging_mixin.py:188} INFO - [2026-03-30T02:48:00.480+0000] {dag.py:3823} INFO - Setting next_dagrun for market_etl_pipeline to 2026-03-30 02:45:00+00:00, run_after=2026-03-30 02:50:00+00:00
[2026-03-30T02:48:00.509+0000] {processor.py:183} INFO - Processing /opt/airflow/dags/etl_dag.py took 0.209 seconds
[2026-03-30T02:48:31.534+0000] {processor.py:161} INFO - Started process (PID=318) to work on /opt/airflow/dags/etl_dag.py
[2026-03-30T02:48:31.536+0000] {processor.py:830} INFO - Processing file /opt/airflow/dags/etl_dag.py for tasks to queue
[2026-03-30T02:48:31.538+0000] {logging_mixin.py:188} INFO - [2026-03-30T02:48:31.537+0000] {dagbag.py:538} INFO - Filling up the DagBag from /opt/airflow/dags/etl_dag.py
[2026-03-30T02:48:31.621+0000] {processor.py:840} INFO - DAG(s) 'market_etl_pipeline' retrieved from /opt/airflow/dags/etl_dag.py
[2026-03-30T02:48:31.663+0000] {logging_mixin.py:188} INFO - [2026-03-30T02:48:31.663+0000] {dag.py:3036} INFO - Sync 1 DAGs
[2026-03-30T02:48:31.698+0000] {logging_mixin.py:188} INFO - [2026-03-30T02:48:31.698+0000] {dag.py:3823} INFO - Setting next_dagrun for market_etl_pipeline to 2026-03-30 02:45:00+00:00, run_after=2026-03-30 02:50:00+00:00
[2026-03-30T02:48:31.731+0000] {processor.py:183} INFO - Processing /opt/airflow/dags/etl_dag.py took 0.203 seconds
[2026-03-30T02:49:01.973+0000] {processor.py:161} INFO - Started process (PID=328) to work on /opt/airflow/dags/etl_dag.py
[2026-03-30T02:49:01.975+0000] {processor.py:830} INFO - Processing file /opt/airflow/dags/etl_dag.py for tasks to queue
[2026-03-30T02:49:01.977+0000] {logging_mixin.py:188} INFO - [2026-03-30T02:49:01.976+0000] {dagbag.py:538} INFO - Filling up the DagBag from /opt/airflow/dags/etl_dag.py
[2026-03-30T02:49:02.061+0000] {processor.py:840} INFO - DAG(s) 'market_etl_pipeline' retrieved from /opt/airflow/dags/etl_dag.py
[2026-03-30T02:49:02.098+0000] {logging_mixin.py:188} INFO - [2026-03-30T02:49:02.098+0000] {dag.py:3036} INFO - Sync 1 DAGs
[2026-03-30T02:49:02.130+0000] {logging_mixin.py:188} INFO - [2026-03-30T02:49:02.130+0000] {dag.py:3823} INFO - Setting next_dagrun for market_etl_pipeline to 2026-03-30 02:45:00+00:00, run_after=2026-03-30 02:50:00+00:00
[2026-03-30T02:49:02.156+0000] {processor.py:183} INFO - Processing /opt/airflow/dags/etl_dag.py took 0.189 seconds
[2026-03-30T02:49:34.242+0000] {processor.py:161} INFO - Started process (PID=336) to work on /opt/airflow/dags/etl_dag.py
[2026-03-30T02:49:34.244+0000] {processor.py:830} INFO - Processing file /opt/airflow/dags/etl_dag.py for tasks to queue
[2026-03-30T02:49:34.245+0000] {logging_mixin.py:188} INFO - [2026-03-30T02:49:34.245+0000] {dagbag.py:538} INFO - Filling up the DagBag from /opt/airflow/dags/etl_dag.py
[2026-03-30T02:49:34.303+0000] {processor.py:840} INFO - DAG(s) 'market_etl_pipeline' retrieved from /opt/airflow/dags/etl_dag.py
[2026-03-30T02:49:34.341+0000] {logging_mixin.py:188} INFO - [2026-03-30T02:49:34.341+0000] {dag.py:3036} INFO - Sync 1 DAGs
[2026-03-30T02:49:34.369+0000] {logging_mixin.py:188} INFO - [2026-03-30T02:49:34.368+0000] {dag.py:3823} INFO - Setting next_dagrun for market_etl_pipeline to 2026-03-30 02:45:00+00:00, run_after=2026-03-30 02:50:00+00:00
[2026-03-30T02:49:34.389+0000] {processor.py:183} INFO - Processing /opt/airflow/dags/etl_dag.py took 0.154 seconds
[2026-03-30T02:50:07.132+0000] {processor.py:161} INFO - Started process (PID=348) to work on /opt/airflow/dags/etl_dag.py
[2026-03-30T02:50:07.133+0000] {processor.py:830} INFO - Processing file /opt/airflow/dags/etl_dag.py for tasks to queue
[2026-03-30T02:50:07.138+0000] {logging_mixin.py:188} INFO - [2026-03-30T02:50:07.136+0000] {dagbag.py:538} INFO - Filling up the DagBag from /opt/airflow/dags/etl_dag.py
[2026-03-30T02:50:07.242+0000] {processor.py:840} INFO - DAG(s) 'market_etl_pipeline' retrieved from /opt/airflow/dags/etl_dag.py
[2026-03-30T02:50:07.305+0000] {logging_mixin.py:188} INFO - [2026-03-30T02:50:07.305+0000] {dag.py:3036} INFO - Sync 1 DAGs
[2026-03-30T02:50:07.357+0000] {logging_mixin.py:188} INFO - [2026-03-30T02:50:07.357+0000] {dag.py:3823} INFO - Setting next_dagrun for market_etl_pipeline to 2026-03-30 02:50:00+00:00, run_after=2026-03-30 02:55:00+00:00
[2026-03-30T02:50:07.387+0000] {processor.py:183} INFO - Processing /opt/airflow/dags/etl_dag.py took 0.261 seconds
[2026-03-30T02:50:39.519+0000] {processor.py:161} INFO - Started process (PID=358) to work on /opt/airflow/dags/etl_dag.py
[2026-03-30T02:50:39.521+0000] {processor.py:830} INFO - Processing file /opt/airflow/dags/etl_dag.py for tasks to queue
[2026-03-30T02:50:39.522+0000] {logging_mixin.py:188} INFO - [2026-03-30T02:50:39.522+0000] {dagbag.py:538} INFO - Filling up the DagBag from /opt/airflow/dags/etl_dag.py
[2026-03-30T02:50:39.628+0000] {processor.py:840} INFO - DAG(s) 'market_etl_pipeline' retrieved from /opt/airflow/dags/etl_dag.py
[2026-03-30T02:50:39.673+0000] {logging_mixin.py:188} INFO - [2026-03-30T02:50:39.672+0000] {dag.py:3036} INFO - Sync 1 DAGs
[2026-03-30T02:50:39.710+0000] {logging_mixin.py:188} INFO - [2026-03-30T02:50:39.709+0000] {dag.py:3823} INFO - Setting next_dagrun for market_etl_pipeline to 2026-03-30 02:50:00+00:00, run_after=2026-03-30 02:55:00+00:00
[2026-03-30T02:50:39.738+0000] {processor.py:183} INFO - Processing /opt/airflow/dags/etl_dag.py took 0.225 seconds
[2026-03-30T02:51:12.791+0000] {processor.py:161} INFO - Started process (PID=370) to work on /opt/airflow/dags/etl_dag.py
[2026-03-30T02:51:12.793+0000] {processor.py:830} INFO - Processing file /opt/airflow/dags/etl_dag.py for tasks to queue
[2026-03-30T02:51:12.796+0000] {logging_mixin.py:188} INFO - [2026-03-30T02:51:12.795+0000] {dagbag.py:538} INFO - Filling up the DagBag from /opt/airflow/dags/etl_dag.py
[2026-03-30T02:51:12.902+0000] {processor.py:840} INFO - DAG(s) 'market_etl_pipeline' retrieved from /opt/airflow/dags/etl_dag.py
[2026-03-30T02:51:12.952+0000] {logging_mixin.py:188} INFO - [2026-03-30T02:51:12.951+0000] {dag.py:3036} INFO - Sync 1 DAGs
[2026-03-30T02:51:12.985+0000] {logging_mixin.py:188} INFO - [2026-03-30T02:51:12.985+0000] {dag.py:3823} INFO - Setting next_dagrun for market_etl_pipeline to 2026-03-30 02:50:00+00:00, run_after=2026-03-30 02:55:00+00:00
[2026-03-30T02:51:13.010+0000] {processor.py:183} INFO - Processing /opt/airflow/dags/etl_dag.py took 0.225 seconds
[2026-03-30T02:51:44.988+0000] {processor.py:161} INFO - Started process (PID=380) to work on /opt/airflow/dags/etl_dag.py
[2026-03-30T02:51:44.990+0000] {processor.py:830} INFO - Processing file /opt/airflow/dags/etl_dag.py for tasks to queue
[2026-03-30T02:51:44.992+0000] {logging_mixin.py:188} INFO - [2026-03-30T02:51:44.991+0000] {dagbag.py:538} INFO - Filling up the DagBag from /opt/airflow/dags/etl_dag.py
[2026-03-30T02:51:45.071+0000] {processor.py:840} INFO - DAG(s) 'market_etl_pipeline' retrieved from /opt/airflow/dags/etl_dag.py
[2026-03-30T02:51:45.118+0000] {logging_mixin.py:188} INFO - [2026-03-30T02:51:45.117+0000] {dag.py:3036} INFO - Sync 1 DAGs
[2026-03-30T02:51:45.161+0000] {logging_mixin.py:188} INFO - [2026-03-30T02:51:45.160+0000] {dag.py:3823} INFO - Setting next_dagrun for market_etl_pipeline to 2026-03-30 02:50:00+00:00, run_after=2026-03-30 02:55:00+00:00
[2026-03-30T02:51:45.189+0000] {processor.py:183} INFO - Processing /opt/airflow/dags/etl_dag.py took 0.206 seconds
[2026-03-30T02:52:18.136+0000] {processor.py:161} INFO - Started process (PID=392) to work on /opt/airflow/dags/etl_dag.py
[2026-03-30T02:52:18.140+0000] {processor.py:830} INFO - Processing file /opt/airflow/dags/etl_dag.py for tasks to queue
[2026-03-30T02:52:18.143+0000] {logging_mixin.py:188} INFO - [2026-03-30T02:52:18.142+0000] {dagbag.py:538} INFO - Filling up the DagBag from /opt/airflow/dags/etl_dag.py
[2026-03-30T02:52:18.232+0000] {processor.py:840} INFO - DAG(s) 'market_etl_pipeline' retrieved from /opt/airflow/dags/etl_dag.py
[2026-03-30T02:52:18.286+0000] {logging_mixin.py:188} INFO - [2026-03-30T02:52:18.286+0000] {dag.py:3036} INFO - Sync 1 DAGs
[2026-03-30T02:52:18.336+0000] {logging_mixin.py:188} INFO - [2026-03-30T02:52:18.335+0000] {dag.py:3823} INFO - Setting next_dagrun for market_etl_pipeline to 2026-03-30 02:50:00+00:00, run_after=2026-03-30 02:55:00+00:00
[2026-03-30T02:52:18.364+0000] {processor.py:183} INFO - Processing /opt/airflow/dags/etl_dag.py took 0.235 seconds
[2026-03-30T02:52:50.381+0000] {processor.py:161} INFO - Started process (PID=402) to work on /opt/airflow/dags/etl_dag.py
[2026-03-30T02:52:50.383+0000] {processor.py:830} INFO - Processing file /opt/airflow/dags/etl_dag.py for tasks to queue
[2026-03-30T02:52:50.386+0000] {logging_mixin.py:188} INFO - [2026-03-30T02:52:50.385+0000] {dagbag.py:538} INFO - Filling up the DagBag from /opt/airflow/dags/etl_dag.py
[2026-03-30T02:52:50.485+0000] {processor.py:840} INFO - DAG(s) 'market_etl_pipeline' retrieved from /opt/airflow/dags/etl_dag.py
[2026-03-30T02:52:50.543+0000] {logging_mixin.py:188} INFO - [2026-03-30T02:52:50.543+0000] {dag.py:3036} INFO - Sync 1 DAGs
[2026-03-30T02:52:50.598+0000] {logging_mixin.py:188} INFO - [2026-03-30T02:52:50.597+0000] {dag.py:3823} INFO - Setting next_dagrun for market_etl_pipeline to 2026-03-30 02:50:00+00:00, run_after=2026-03-30 02:55:00+00:00
[2026-03-30T02:52:50.641+0000] {processor.py:183} INFO - Processing /opt/airflow/dags/etl_dag.py took 0.268 seconds
[2026-03-30T02:53:23.707+0000] {processor.py:161} INFO - Started process (PID=412) to work on /opt/airflow/dags/etl_dag.py
[2026-03-30T02:53:23.710+0000] {processor.py:830} INFO - Processing file /opt/airflow/dags/etl_dag.py for tasks to queue
[2026-03-30T02:53:23.712+0000] {logging_mixin.py:188} INFO - [2026-03-30T02:53:23.711+0000] {dagbag.py:538} INFO - Filling up the DagBag from /opt/airflow/dags/etl_dag.py
[2026-03-30T02:53:23.971+0000] {processor.py:840} INFO - DAG(s) 'market_etl_pipeline' retrieved from /opt/airflow/dags/etl_dag.py
[2026-03-30T02:53:24.014+0000] {logging_mixin.py:188} INFO - [2026-03-30T02:53:24.014+0000] {dag.py:3036} INFO - Sync 1 DAGs
[2026-03-30T02:53:24.058+0000] {logging_mixin.py:188} INFO - [2026-03-30T02:53:24.058+0000] {dag.py:3823} INFO - Setting next_dagrun for market_etl_pipeline to 2026-03-30 02:50:00+00:00, run_after=2026-03-30 02:55:00+00:00
[2026-03-30T02:53:24.086+0000] {processor.py:183} INFO - Processing /opt/airflow/dags/etl_dag.py took 0.386 seconds
[2026-03-30T02:53:56.006+0000] {processor.py:161} INFO - Started process (PID=422) to work on /opt/airflow/dags/etl_dag.py
[2026-03-30T02:53:56.008+0000] {processor.py:830} INFO - Processing file /opt/airflow/dags/etl_dag.py for tasks to queue
[2026-03-30T02:53:56.010+0000] {logging_mixin.py:188} INFO - [2026-03-30T02:53:56.009+0000] {dagbag.py:538} INFO - Filling up the DagBag from /opt/airflow/dags/etl_dag.py
[2026-03-30T02:53:56.089+0000] {processor.py:840} INFO - DAG(s) 'market_etl_pipeline' retrieved from /opt/airflow/dags/etl_dag.py
[2026-03-30T02:53:56.135+0000] {logging_mixin.py:188} INFO - [2026-03-30T02:53:56.135+0000] {dag.py:3036} INFO - Sync 1 DAGs
[2026-03-30T02:53:56.172+0000] {logging_mixin.py:188} INFO - [2026-03-30T02:53:56.172+0000] {dag.py:3823} INFO - Setting next_dagrun for market_etl_pipeline to 2026-03-30 02:50:00+00:00, run_after=2026-03-30 02:55:00+00:00
[2026-03-30T02:53:56.198+0000] {processor.py:183} INFO - Processing /opt/airflow/dags/etl_dag.py took 0.200 seconds
[2026-03-30T02:54:29.051+0000] {processor.py:161} INFO - Started process (PID=432) to work on /opt/airflow/dags/etl_dag.py
[2026-03-30T02:54:29.053+0000] {processor.py:830} INFO - Processing file /opt/airflow/dags/etl_dag.py for tasks to queue
[2026-03-30T02:54:29.054+0000] {logging_mixin.py:188} INFO - [2026-03-30T02:54:29.054+0000] {dagbag.py:538} INFO - Filling up the DagBag from /opt/airflow/dags/etl_dag.py
[2026-03-30T02:54:29.120+0000] {processor.py:840} INFO - DAG(s) 'market_etl_pipeline' retrieved from /opt/airflow/dags/etl_dag.py
[2026-03-30T02:54:29.163+0000] {logging_mixin.py:188} INFO - [2026-03-30T02:54:29.162+0000] {dag.py:3036} INFO - Sync 1 DAGs
[2026-03-30T02:54:29.189+0000] {logging_mixin.py:188} INFO - [2026-03-30T02:54:29.188+0000] {dag.py:3823} INFO - Setting next_dagrun for market_etl_pipeline to 2026-03-30 02:50:00+00:00, run_after=2026-03-30 02:55:00+00:00
[2026-03-30T02:54:29.210+0000] {processor.py:183} INFO - Processing /opt/airflow/dags/etl_dag.py took 0.164 seconds
[2026-03-30T02:55:01.171+0000] {processor.py:161} INFO - Started process (PID=442) to work on /opt/airflow/dags/etl_dag.py
[2026-03-30T02:55:01.173+0000] {processor.py:830} INFO - Processing file /opt/airflow/dags/etl_dag.py for tasks to queue
[2026-03-30T02:55:01.175+0000] {logging_mixin.py:188} INFO - [2026-03-30T02:55:01.175+0000] {dagbag.py:538} INFO - Filling up the DagBag from /opt/airflow/dags/etl_dag.py
[2026-03-30T02:55:01.259+0000] {processor.py:840} INFO - DAG(s) 'market_etl_pipeline' retrieved from /opt/airflow/dags/etl_dag.py
[2026-03-30T02:55:01.309+0000] {logging_mixin.py:188} INFO - [2026-03-30T02:55:01.308+0000] {dag.py:3036} INFO - Sync 1 DAGs
[2026-03-30T02:55:01.347+0000] {logging_mixin.py:188} INFO - [2026-03-30T02:55:01.346+0000] {dag.py:3823} INFO - Setting next_dagrun for market_etl_pipeline to 2026-03-30 02:55:00+00:00, run_after=2026-03-30 03:00:00+00:00
[2026-03-30T02:55:01.374+0000] {processor.py:183} INFO - Processing /opt/airflow/dags/etl_dag.py took 0.209 seconds
[2026-03-30T02:55:34.454+0000] {processor.py:161} INFO - Started process (PID=454) to work on /opt/airflow/dags/etl_dag.py
[2026-03-30T02:55:34.457+0000] {processor.py:830} INFO - Processing file /opt/airflow/dags/etl_dag.py for tasks to queue
[2026-03-30T02:55:34.458+0000] {logging_mixin.py:188} INFO - [2026-03-30T02:55:34.458+0000] {dagbag.py:538} INFO - Filling up the DagBag from /opt/airflow/dags/etl_dag.py
[2026-03-30T02:55:34.555+0000] {processor.py:840} INFO - DAG(s) 'market_etl_pipeline' retrieved from /opt/airflow/dags/etl_dag.py
[2026-03-30T02:55:34.607+0000] {logging_mixin.py:188} INFO - [2026-03-30T02:55:34.607+0000] {dag.py:3036} INFO - Sync 1 DAGs
[2026-03-30T02:55:34.652+0000] {logging_mixin.py:188} INFO - [2026-03-30T02:55:34.651+0000] {dag.py:3823} INFO - Setting next_dagrun for market_etl_pipeline to 2026-03-30 02:55:00+00:00, run_after=2026-03-30 03:00:00+00:00
[2026-03-30T02:55:34.712+0000] {processor.py:183} INFO - Processing /opt/airflow/dags/etl_dag.py took 0.266 seconds
[2026-03-30T02:56:06.784+0000] {processor.py:161} INFO - Started process (PID=465) to work on /opt/airflow/dags/etl_dag.py
[2026-03-30T02:56:06.791+0000] {processor.py:830} INFO - Processing file /opt/airflow/dags/etl_dag.py for tasks to queue
[2026-03-30T02:56:06.797+0000] {logging_mixin.py:188} INFO - [2026-03-30T02:56:06.795+0000] {dagbag.py:538} INFO - Filling up the DagBag from /opt/airflow/dags/etl_dag.py
[2026-03-30T02:56:06.922+0000] {processor.py:840} INFO - DAG(s) 'market_etl_pipeline' retrieved from /opt/airflow/dags/etl_dag.py
[2026-03-30T02:56:06.967+0000] {logging_mixin.py:188} INFO - [2026-03-30T02:56:06.967+0000] {dag.py:3036} INFO - Sync 1 DAGs
[2026-03-30T02:56:07.010+0000] {logging_mixin.py:188} INFO - [2026-03-30T02:56:07.010+0000] {dag.py:3823} INFO - Setting next_dagrun for market_etl_pipeline to 2026-03-30 02:55:00+00:00, run_after=2026-03-30 03:00:00+00:00
[2026-03-30T02:56:07.044+0000] {processor.py:183} INFO - Processing /opt/airflow/dags/etl_dag.py took 0.290 seconds
[2026-03-30T02:56:40.272+0000] {processor.py:161} INFO - Started process (PID=476) to work on /opt/airflow/dags/etl_dag.py
[2026-03-30T02:56:40.274+0000] {processor.py:830} INFO - Processing file /opt/airflow/dags/etl_dag.py for tasks to queue
[2026-03-30T02:56:40.276+0000] {logging_mixin.py:188} INFO - [2026-03-30T02:56:40.275+0000] {dagbag.py:538} INFO - Filling up the DagBag from /opt/airflow/dags/etl_dag.py
[2026-03-30T02:56:40.393+0000] {processor.py:840} INFO - DAG(s) 'market_etl_pipeline' retrieved from /opt/airflow/dags/etl_dag.py
[2026-03-30T02:56:40.449+0000] {logging_mixin.py:188} INFO - [2026-03-30T02:56:40.448+0000] {dag.py:3036} INFO - Sync 1 DAGs
[2026-03-30T02:56:40.483+0000] {logging_mixin.py:188} INFO - [2026-03-30T02:56:40.483+0000] {dag.py:3823} INFO - Setting next_dagrun for market_etl_pipeline to 2026-03-30 02:55:00+00:00, run_after=2026-03-30 03:00:00+00:00
[2026-03-30T02:56:40.513+0000] {processor.py:183} INFO - Processing /opt/airflow/dags/etl_dag.py took 0.248 seconds
[2026-03-30T02:57:12.499+0000] {processor.py:161} INFO - Started process (PID=488) to work on /opt/airflow/dags/etl_dag.py
[2026-03-30T02:57:12.501+0000] {processor.py:830} INFO - Processing file /opt/airflow/dags/etl_dag.py for tasks to queue
[2026-03-30T02:57:12.502+0000] {logging_mixin.py:188} INFO - [2026-03-30T02:57:12.502+0000] {dagbag.py:538} INFO - Filling up the DagBag from /opt/airflow/dags/etl_dag.py
[2026-03-30T02:57:12.614+0000] {processor.py:840} INFO - DAG(s) 'market_etl_pipeline' retrieved from /opt/airflow/dags/etl_dag.py
[2026-03-30T02:57:12.674+0000] {logging_mixin.py:188} INFO - [2026-03-30T02:57:12.674+0000] {dag.py:3036} INFO - Sync 1 DAGs
[2026-03-30T02:57:12.711+0000] {logging_mixin.py:188} INFO - [2026-03-30T02:57:12.711+0000] {dag.py:3823} INFO - Setting next_dagrun for market_etl_pipeline to 2026-03-30 02:55:00+00:00, run_after=2026-03-30 03:00:00+00:00
[2026-03-30T02:57:12.739+0000] {processor.py:183} INFO - Processing /opt/airflow/dags/etl_dag.py took 0.246 seconds
[2026-03-30T02:57:45.729+0000] {processor.py:161} INFO - Started process (PID=498) to work on /opt/airflow/dags/etl_dag.py
[2026-03-30T02:57:45.732+0000] {processor.py:830} INFO - Processing file /opt/airflow/dags/etl_dag.py for tasks to queue
[2026-03-30T02:57:45.734+0000] {logging_mixin.py:188} INFO - [2026-03-30T02:57:45.733+0000] {dagbag.py:538} INFO - Filling up the DagBag from /opt/airflow/dags/etl_dag.py
[2026-03-30T02:57:45.835+0000] {processor.py:840} INFO - DAG(s) 'market_etl_pipeline' retrieved from /opt/airflow/dags/etl_dag.py
[2026-03-30T02:57:45.883+0000] {logging_mixin.py:188} INFO - [2026-03-30T02:57:45.882+0000] {dag.py:3036} INFO - Sync 1 DAGs
[2026-03-30T02:57:45.921+0000] {logging_mixin.py:188} INFO - [2026-03-30T02:57:45.920+0000] {dag.py:3823} INFO - Setting next_dagrun for market_etl_pipeline to 2026-03-30 02:55:00+00:00, run_after=2026-03-30 03:00:00+00:00
[2026-03-30T02:57:45.952+0000] {processor.py:183} INFO - Processing /opt/airflow/dags/etl_dag.py took 0.230 seconds
[2026-03-30T02:58:17.921+0000] {processor.py:161} INFO - Started process (PID=508) to work on /opt/airflow/dags/etl_dag.py
[2026-03-30T02:58:17.923+0000] {processor.py:830} INFO - Processing file /opt/airflow/dags/etl_dag.py for tasks to queue
[2026-03-30T02:58:17.925+0000] {logging_mixin.py:188} INFO - [2026-03-30T02:58:17.925+0000] {dagbag.py:538} INFO - Filling up the DagBag from /opt/airflow/dags/etl_dag.py
[2026-03-30T02:58:18.021+0000] {processor.py:840} INFO - DAG(s) 'market_etl_pipeline' retrieved from /opt/airflow/dags/etl_dag.py
[2026-03-30T02:58:18.068+0000] {logging_mixin.py:188} INFO - [2026-03-30T02:58:18.068+0000] {dag.py:3036} INFO - Sync 1 DAGs
[2026-03-30T02:58:18.109+0000] {logging_mixin.py:188} INFO - [2026-03-30T02:58:18.109+0000] {dag.py:3823} INFO - Setting next_dagrun for market_etl_pipeline to 2026-03-30 02:55:00+00:00, run_after=2026-03-30 03:00:00+00:00
[2026-03-30T02:58:18.138+0000] {processor.py:183} INFO - Processing /opt/airflow/dags/etl_dag.py took 0.223 seconds
[2026-03-30T02:58:50.312+0000] {processor.py:161} INFO - Started process (PID=518) to work on /opt/airflow/dags/etl_dag.py
[2026-03-30T02:58:50.315+0000] {processor.py:830} INFO - Processing file /opt/airflow/dags/etl_dag.py for tasks to queue
[2026-03-30T02:58:50.316+0000] {logging_mixin.py:188} INFO - [2026-03-30T02:58:50.316+0000] {dagbag.py:538} INFO - Filling up the DagBag from /opt/airflow/dags/etl_dag.py
[2026-03-30T02:58:50.417+0000] {processor.py:840} INFO - DAG(s) 'market_etl_pipeline' retrieved from /opt/airflow/dags/etl_dag.py
[2026-03-30T02:58:50.472+0000] {logging_mixin.py:188} INFO - [2026-03-30T02:58:50.472+0000] {dag.py:3036} INFO - Sync 1 DAGs
[2026-03-30T02:58:50.517+0000] {logging_mixin.py:188} INFO - [2026-03-30T02:58:50.516+0000] {dag.py:3823} INFO - Setting next_dagrun for market_etl_pipeline to 2026-03-30 02:55:00+00:00, run_after=2026-03-30 03:00:00+00:00
[2026-03-30T02:58:50.549+0000] {processor.py:183} INFO - Processing /opt/airflow/dags/etl_dag.py took 0.245 seconds
[2026-03-30T02:59:23.571+0000] {processor.py:161} INFO - Started process (PID=528) to work on /opt/airflow/dags/etl_dag.py
[2026-03-30T02:59:23.574+0000] {processor.py:830} INFO - Processing file /opt/airflow/dags/etl_dag.py for tasks to queue
[2026-03-30T02:59:23.576+0000] {logging_mixin.py:188} INFO - [2026-03-30T02:59:23.576+0000] {dagbag.py:538} INFO - Filling up the DagBag from /opt/airflow/dags/etl_dag.py
[2026-03-30T02:59:23.684+0000] {processor.py:840} INFO - DAG(s) 'market_etl_pipeline' retrieved from /opt/airflow/dags/etl_dag.py
[2026-03-30T02:59:23.733+0000] {logging_mixin.py:188} INFO - [2026-03-30T02:59:23.733+0000] {dag.py:3036} INFO - Sync 1 DAGs
[2026-03-30T02:59:23.769+0000] {logging_mixin.py:188} INFO - [2026-03-30T02:59:23.769+0000] {dag.py:3823} INFO - Setting next_dagrun for market_etl_pipeline to 2026-03-30 02:55:00+00:00, run_after=2026-03-30 03:00:00+00:00
[2026-03-30T02:59:23.794+0000] {processor.py:183} INFO - Processing /opt/airflow/dags/etl_dag.py took 0.230 seconds
[2026-03-30T02:59:55.776+0000] {processor.py:161} INFO - Started process (PID=538) to work on /opt/airflow/dags/etl_dag.py
[2026-03-30T02:59:55.778+0000] {processor.py:830} INFO - Processing file /opt/airflow/dags/etl_dag.py for tasks to queue
[2026-03-30T02:59:55.780+0000] {logging_mixin.py:188} INFO - [2026-03-30T02:59:55.780+0000] {dagbag.py:538} INFO - Filling up the DagBag from /opt/airflow/dags/etl_dag.py
[2026-03-30T02:59:55.882+0000] {processor.py:840} INFO - DAG(s) 'market_etl_pipeline' retrieved from /opt/airflow/dags/etl_dag.py
[2026-03-30T02:59:55.931+0000] {logging_mixin.py:188} INFO - [2026-03-30T02:59:55.930+0000] {dag.py:3036} INFO - Sync 1 DAGs
[2026-03-30T02:59:55.978+0000] {logging_mixin.py:188} INFO - [2026-03-30T02:59:55.978+0000] {dag.py:3823} INFO - Setting next_dagrun for market_etl_pipeline to 2026-03-30 02:55:00+00:00, run_after=2026-03-30 03:00:00+00:00
[2026-03-30T02:59:56.018+0000] {processor.py:183} INFO - Processing /opt/airflow/dags/etl_dag.py took 0.250 seconds
[2026-03-30T03:00:29.005+0000] {processor.py:161} INFO - Started process (PID=550) to work on /opt/airflow/dags/etl_dag.py
[2026-03-30T03:00:29.011+0000] {processor.py:830} INFO - Processing file /opt/airflow/dags/etl_dag.py for tasks to queue
[2026-03-30T03:00:29.019+0000] {logging_mixin.py:188} INFO - [2026-03-30T03:00:29.017+0000] {dagbag.py:538} INFO - Filling up the DagBag from /opt/airflow/dags/etl_dag.py
[2026-03-30T03:00:29.181+0000] {processor.py:840} INFO - DAG(s) 'market_etl_pipeline' retrieved from /opt/airflow/dags/etl_dag.py
[2026-03-30T03:00:29.264+0000] {logging_mixin.py:188} INFO - [2026-03-30T03:00:29.264+0000] {dag.py:3036} INFO - Sync 1 DAGs
[2026-03-30T03:00:29.340+0000] {logging_mixin.py:188} INFO - [2026-03-30T03:00:29.339+0000] {dag.py:3823} INFO - Setting next_dagrun for market_etl_pipeline to 2026-03-30 03:00:00+00:00, run_after=2026-03-30 03:05:00+00:00
[2026-03-30T03:00:29.374+0000] {processor.py:183} INFO - Processing /opt/airflow/dags/etl_dag.py took 0.409 seconds
[2026-03-30T03:01:01.278+0000] {processor.py:161} INFO - Started process (PID=562) to work on /opt/airflow/dags/etl_dag.py
[2026-03-30T03:01:01.281+0000] {processor.py:830} INFO - Processing file /opt/airflow/dags/etl_dag.py for tasks to queue
[2026-03-30T03:01:01.283+0000] {logging_mixin.py:188} INFO - [2026-03-30T03:01:01.283+0000] {dagbag.py:538} INFO - Filling up the DagBag from /opt/airflow/dags/etl_dag.py
[2026-03-30T03:01:01.418+0000] {processor.py:840} INFO - DAG(s) 'market_etl_pipeline' retrieved from /opt/airflow/dags/etl_dag.py
[2026-03-30T03:01:01.509+0000] {logging_mixin.py:188} INFO - [2026-03-30T03:01:01.509+0000] {dag.py:3036} INFO - Sync 1 DAGs
[2026-03-30T03:01:01.584+0000] {logging_mixin.py:188} INFO - [2026-03-30T03:01:01.583+0000] {dag.py:3823} INFO - Setting next_dagrun for market_etl_pipeline to 2026-03-30 03:00:00+00:00, run_after=2026-03-30 03:05:00+00:00
[2026-03-30T03:01:01.623+0000] {processor.py:183} INFO - Processing /opt/airflow/dags/etl_dag.py took 0.355 seconds
[2026-03-30T03:01:34.737+0000] {processor.py:161} INFO - Started process (PID=576) to work on /opt/airflow/dags/etl_dag.py
[2026-03-30T03:01:34.739+0000] {processor.py:830} INFO - Processing file /opt/airflow/dags/etl_dag.py for tasks to queue
[2026-03-30T03:01:34.741+0000] {logging_mixin.py:188} INFO - [2026-03-30T03:01:34.740+0000] {dagbag.py:538} INFO - Filling up the DagBag from /opt/airflow/dags/etl_dag.py
[2026-03-30T03:01:34.865+0000] {processor.py:840} INFO - DAG(s) 'market_etl_pipeline' retrieved from /opt/airflow/dags/etl_dag.py
[2026-03-30T03:01:34.926+0000] {logging_mixin.py:188} INFO - [2026-03-30T03:01:34.925+0000] {dag.py:3036} INFO - Sync 1 DAGs
[2026-03-30T03:01:34.977+0000] {logging_mixin.py:188} INFO - [2026-03-30T03:01:34.977+0000] {dag.py:3823} INFO - Setting next_dagrun for market_etl_pipeline to 2026-03-30 03:00:00+00:00, run_after=2026-03-30 03:05:00+00:00
[2026-03-30T03:01:35.006+0000] {processor.py:183} INFO - Processing /opt/airflow/dags/etl_dag.py took 0.277 seconds
[2026-03-30T03:02:07.027+0000] {processor.py:161} INFO - Started process (PID=586) to work on /opt/airflow/dags/etl_dag.py
[2026-03-30T03:02:07.029+0000] {processor.py:830} INFO - Processing file /opt/airflow/dags/etl_dag.py for tasks to queue
[2026-03-30T03:02:07.031+0000] {logging_mixin.py:188} INFO - [2026-03-30T03:02:07.031+0000] {dagbag.py:538} INFO - Filling up the DagBag from /opt/airflow/dags/etl_dag.py
[2026-03-30T03:02:07.118+0000] {processor.py:840} INFO - DAG(s) 'market_etl_pipeline' retrieved from /opt/airflow/dags/etl_dag.py
[2026-03-30T03:02:07.172+0000] {logging_mixin.py:188} INFO - [2026-03-30T03:02:07.172+0000] {dag.py:3036} INFO - Sync 1 DAGs
[2026-03-30T03:02:07.223+0000] {logging_mixin.py:188} INFO - [2026-03-30T03:02:07.222+0000] {dag.py:3823} INFO - Setting next_dagrun for market_etl_pipeline to 2026-03-30 03:00:00+00:00, run_after=2026-03-30 03:05:00+00:00
[2026-03-30T03:02:07.252+0000] {processor.py:183} INFO - Processing /opt/airflow/dags/etl_dag.py took 0.230 seconds
[2026-03-30T03:02:39.356+0000] {processor.py:161} INFO - Started process (PID=598) to work on /opt/airflow/dags/etl_dag.py
[2026-03-30T03:02:39.358+0000] {processor.py:830} INFO - Processing file /opt/airflow/dags/etl_dag.py for tasks to queue
[2026-03-30T03:02:39.360+0000] {logging_mixin.py:188} INFO - [2026-03-30T03:02:39.360+0000] {dagbag.py:538} INFO - Filling up the DagBag from /opt/airflow/dags/etl_dag.py
[2026-03-30T03:02:39.456+0000] {processor.py:840} INFO - DAG(s) 'market_etl_pipeline' retrieved from /opt/airflow/dags/etl_dag.py
[2026-03-30T03:02:39.510+0000] {logging_mixin.py:188} INFO - [2026-03-30T03:02:39.509+0000] {dag.py:3036} INFO - Sync 1 DAGs
[2026-03-30T03:02:39.554+0000] {logging_mixin.py:188} INFO - [2026-03-30T03:02:39.554+0000] {dag.py:3823} INFO - Setting next_dagrun for market_etl_pipeline to 2026-03-30 03:00:00+00:00, run_after=2026-03-30 03:05:00+00:00
[2026-03-30T03:02:39.584+0000] {processor.py:183} INFO - Processing /opt/airflow/dags/etl_dag.py took 0.235 seconds
[2026-03-30T03:03:12.785+0000] {processor.py:161} INFO - Started process (PID=608) to work on /opt/airflow/dags/etl_dag.py
[2026-03-30T03:03:12.787+0000] {processor.py:830} INFO - Processing file /opt/airflow/dags/etl_dag.py for tasks to queue
[2026-03-30T03:03:12.790+0000] {logging_mixin.py:188} INFO - [2026-03-30T03:03:12.789+0000] {dagbag.py:538} INFO - Filling up the DagBag from /opt/airflow/dags/etl_dag.py
[2026-03-30T03:03:12.876+0000] {processor.py:840} INFO - DAG(s) 'market_etl_pipeline' retrieved from /opt/airflow/dags/etl_dag.py
[2026-03-30T03:03:12.926+0000] {logging_mixin.py:188} INFO - [2026-03-30T03:03:12.925+0000] {dag.py:3036} INFO - Sync 1 DAGs
[2026-03-30T03:03:12.963+0000] {logging_mixin.py:188} INFO - [2026-03-30T03:03:12.963+0000] {dag.py:3823} INFO - Setting next_dagrun for market_etl_pipeline to 2026-03-30 03:00:00+00:00, run_after=2026-03-30 03:05:00+00:00
[2026-03-30T03:03:12.991+0000] {processor.py:183} INFO - Processing /opt/airflow/dags/etl_dag.py took 0.211 seconds
[2026-03-30T03:03:45.068+0000] {processor.py:161} INFO - Started process (PID=618) to work on /opt/airflow/dags/etl_dag.py
[2026-03-30T03:03:45.071+0000] {processor.py:830} INFO - Processing file /opt/airflow/dags/etl_dag.py for tasks to queue
[2026-03-30T03:03:45.073+0000] {logging_mixin.py:188} INFO - [2026-03-30T03:03:45.073+0000] {dagbag.py:538} INFO - Filling up the DagBag from /opt/airflow/dags/etl_dag.py
[2026-03-30T03:03:45.191+0000] {processor.py:840} INFO - DAG(s) 'market_etl_pipeline' retrieved from /opt/airflow/dags/etl_dag.py
[2026-03-30T03:03:45.246+0000] {logging_mixin.py:188} INFO - [2026-03-30T03:03:45.246+0000] {dag.py:3036} INFO - Sync 1 DAGs
[2026-03-30T03:03:45.290+0000] {logging_mixin.py:188} INFO - [2026-03-30T03:03:45.289+0000] {dag.py:3823} INFO - Setting next_dagrun for market_etl_pipeline to 2026-03-30 03:00:00+00:00, run_after=2026-03-30 03:05:00+00:00
[2026-03-30T03:03:45.336+0000] {processor.py:183} INFO - Processing /opt/airflow/dags/etl_dag.py took 0.277 seconds
[2026-03-30T03:04:17.680+0000] {processor.py:161} INFO - Started process (PID=628) to work on /opt/airflow/dags/etl_dag.py
[2026-03-30T03:04:17.683+0000] {processor.py:830} INFO - Processing file /opt/airflow/dags/etl_dag.py for tasks to queue
[2026-03-30T03:04:17.685+0000] {logging_mixin.py:188} INFO - [2026-03-30T03:04:17.684+0000] {dagbag.py:538} INFO - Filling up the DagBag from /opt/airflow/dags/etl_dag.py
[2026-03-30T03:04:17.819+0000] {processor.py:840} INFO - DAG(s) 'market_etl_pipeline' retrieved from /opt/airflow/dags/etl_dag.py
[2026-03-30T03:04:17.890+0000] {logging_mixin.py:188} INFO - [2026-03-30T03:04:17.889+0000] {dag.py:3036} INFO - Sync 1 DAGs
[2026-03-30T03:04:17.935+0000] {logging_mixin.py:188} INFO - [2026-03-30T03:04:17.934+0000] {dag.py:3823} INFO - Setting next_dagrun for market_etl_pipeline to 2026-03-30 03:00:00+00:00, run_after=2026-03-30 03:05:00+00:00
[2026-03-30T03:04:17.969+0000] {processor.py:183} INFO - Processing /opt/airflow/dags/etl_dag.py took 0.296 seconds
[2026-03-30T03:04:50.290+0000] {processor.py:161} INFO - Started process (PID=638) to work on /opt/airflow/dags/etl_dag.py
[2026-03-30T03:04:50.293+0000] {processor.py:830} INFO - Processing file /opt/airflow/dags/etl_dag.py for tasks to queue
[2026-03-30T03:04:50.296+0000] {logging_mixin.py:188} INFO - [2026-03-30T03:04:50.295+0000] {dagbag.py:538} INFO - Filling up the DagBag from /opt/airflow/dags/etl_dag.py
[2026-03-30T03:04:50.404+0000] {processor.py:840} INFO - DAG(s) 'market_etl_pipeline' retrieved from /opt/airflow/dags/etl_dag.py
[2026-03-30T03:04:50.474+0000] {logging_mixin.py:188} INFO - [2026-03-30T03:04:50.474+0000] {dag.py:3036} INFO - Sync 1 DAGs
[2026-03-30T03:04:50.518+0000] {logging_mixin.py:188} INFO - [2026-03-30T03:04:50.517+0000] {dag.py:3823} INFO - Setting next_dagrun for market_etl_pipeline to 2026-03-30 03:00:00+00:00, run_after=2026-03-30 03:05:00+00:00
[2026-03-30T03:04:50.550+0000] {processor.py:183} INFO - Processing /opt/airflow/dags/etl_dag.py took 0.267 seconds
[2026-03-30T03:05:23.697+0000] {processor.py:161} INFO - Started process (PID=650) to work on /opt/airflow/dags/etl_dag.py
[2026-03-30T03:05:23.699+0000] {processor.py:830} INFO - Processing file /opt/airflow/dags/etl_dag.py for tasks to queue
[2026-03-30T03:05:23.701+0000] {logging_mixin.py:188} INFO - [2026-03-30T03:05:23.700+0000] {dagbag.py:538} INFO - Filling up the DagBag from /opt/airflow/dags/etl_dag.py
[2026-03-30T03:05:23.788+0000] {processor.py:840} INFO - DAG(s) 'market_etl_pipeline' retrieved from /opt/airflow/dags/etl_dag.py
[2026-03-30T03:05:23.837+0000] {logging_mixin.py:188} INFO - [2026-03-30T03:05:23.837+0000] {dag.py:3036} INFO - Sync 1 DAGs
[2026-03-30T03:05:23.887+0000] {logging_mixin.py:188} INFO - [2026-03-30T03:05:23.887+0000] {dag.py:3823} INFO - Setting next_dagrun for market_etl_pipeline to 2026-03-30 03:05:00+00:00, run_after=2026-03-30 03:10:00+00:00
[2026-03-30T03:05:23.926+0000] {processor.py:183} INFO - Processing /opt/airflow/dags/etl_dag.py took 0.236 seconds
[2026-03-30T03:05:56.026+0000] {processor.py:161} INFO - Started process (PID=663) to work on /opt/airflow/dags/etl_dag.py
[2026-03-30T03:05:56.029+0000] {processor.py:830} INFO - Processing file /opt/airflow/dags/etl_dag.py for tasks to queue
[2026-03-30T03:05:56.031+0000] {logging_mixin.py:188} INFO - [2026-03-30T03:05:56.031+0000] {dagbag.py:538} INFO - Filling up the DagBag from /opt/airflow/dags/etl_dag.py
[2026-03-30T03:05:56.126+0000] {processor.py:840} INFO - DAG(s) 'market_etl_pipeline' retrieved from /opt/airflow/dags/etl_dag.py
[2026-03-30T03:05:56.173+0000] {logging_mixin.py:188} INFO - [2026-03-30T03:05:56.172+0000] {dag.py:3036} INFO - Sync 1 DAGs
[2026-03-30T03:05:56.209+0000] {logging_mixin.py:188} INFO - [2026-03-30T03:05:56.208+0000] {dag.py:3823} INFO - Setting next_dagrun for market_etl_pipeline to 2026-03-30 03:05:00+00:00, run_after=2026-03-30 03:10:00+00:00
[2026-03-30T03:05:56.237+0000] {processor.py:183} INFO - Processing /opt/airflow/dags/etl_dag.py took 0.222 seconds
[2026-03-30T03:06:29.279+0000] {processor.py:161} INFO - Started process (PID=673) to work on /opt/airflow/dags/etl_dag.py
[2026-03-30T03:06:29.282+0000] {processor.py:830} INFO - Processing file /opt/airflow/dags/etl_dag.py for tasks to queue
[2026-03-30T03:06:29.285+0000] {logging_mixin.py:188} INFO - [2026-03-30T03:06:29.284+0000] {dagbag.py:538} INFO - Filling up the DagBag from /opt/airflow/dags/etl_dag.py
[2026-03-30T03:06:29.386+0000] {processor.py:840} INFO - DAG(s) 'market_etl_pipeline' retrieved from /opt/airflow/dags/etl_dag.py
[2026-03-30T03:06:29.440+0000] {logging_mixin.py:188} INFO - [2026-03-30T03:06:29.439+0000] {dag.py:3036} INFO - Sync 1 DAGs
[2026-03-30T03:06:29.483+0000] {logging_mixin.py:188} INFO - [2026-03-30T03:06:29.483+0000] {dag.py:3823} INFO - Setting next_dagrun for market_etl_pipeline to 2026-03-30 03:05:00+00:00, run_after=2026-03-30 03:10:00+00:00
[2026-03-30T03:06:29.513+0000] {processor.py:183} INFO - Processing /opt/airflow/dags/etl_dag.py took 0.244 seconds
[2026-03-30T03:07:01.422+0000] {processor.py:161} INFO - Started process (PID=683) to work on /opt/airflow/dags/etl_dag.py
[2026-03-30T03:07:01.424+0000] {processor.py:830} INFO - Processing file /opt/airflow/dags/etl_dag.py for tasks to queue
[2026-03-30T03:07:01.427+0000] {logging_mixin.py:188} INFO - [2026-03-30T03:07:01.426+0000] {dagbag.py:538} INFO - Filling up the DagBag from /opt/airflow/dags/etl_dag.py
[2026-03-30T03:07:01.553+0000] {processor.py:840} INFO - DAG(s) 'market_etl_pipeline' retrieved from /opt/airflow/dags/etl_dag.py
[2026-03-30T03:07:01.600+0000] {logging_mixin.py:188} INFO - [2026-03-30T03:07:01.600+0000] {dag.py:3036} INFO - Sync 1 DAGs
[2026-03-30T03:07:01.638+0000] {logging_mixin.py:188} INFO - [2026-03-30T03:07:01.638+0000] {dag.py:3823} INFO - Setting next_dagrun for market_etl_pipeline to 2026-03-30 03:05:00+00:00, run_after=2026-03-30 03:10:00+00:00
[2026-03-30T03:07:01.670+0000] {processor.py:183} INFO - Processing /opt/airflow/dags/etl_dag.py took 0.257 seconds
[2026-03-30T03:07:34.797+0000] {processor.py:161} INFO - Started process (PID=693) to work on /opt/airflow/dags/etl_dag.py
[2026-03-30T03:07:34.800+0000] {processor.py:830} INFO - Processing file /opt/airflow/dags/etl_dag.py for tasks to queue
[2026-03-30T03:07:34.802+0000] {logging_mixin.py:188} INFO - [2026-03-30T03:07:34.802+0000] {dagbag.py:538} INFO - Filling up the DagBag from /opt/airflow/dags/etl_dag.py
[2026-03-30T03:07:34.956+0000] {processor.py:840} INFO - DAG(s) 'market_etl_pipeline' retrieved from /opt/airflow/dags/etl_dag.py
[2026-03-30T03:07:35.010+0000] {logging_mixin.py:188} INFO - [2026-03-30T03:07:35.010+0000] {dag.py:3036} INFO - Sync 1 DAGs
[2026-03-30T03:07:35.047+0000] {logging_mixin.py:188} INFO - [2026-03-30T03:07:35.047+0000] {dag.py:3823} INFO - Setting next_dagrun for market_etl_pipeline to 2026-03-30 03:05:00+00:00, run_after=2026-03-30 03:10:00+00:00
[2026-03-30T03:07:35.075+0000] {processor.py:183} INFO - Processing /opt/airflow/dags/etl_dag.py took 0.284 seconds
[2026-03-30T03:08:07.171+0000] {processor.py:161} INFO - Started process (PID=703) to work on /opt/airflow/dags/etl_dag.py
[2026-03-30T03:08:07.176+0000] {processor.py:830} INFO - Processing file /opt/airflow/dags/etl_dag.py for tasks to queue
[2026-03-30T03:08:07.181+0000] {logging_mixin.py:188} INFO - [2026-03-30T03:08:07.179+0000] {dagbag.py:538} INFO - Filling up the DagBag from /opt/airflow/dags/etl_dag.py
[2026-03-30T03:08:07.309+0000] {processor.py:840} INFO - DAG(s) 'market_etl_pipeline' retrieved from /opt/airflow/dags/etl_dag.py
[2026-03-30T03:08:07.358+0000] {logging_mixin.py:188} INFO - [2026-03-30T03:08:07.358+0000] {dag.py:3036} INFO - Sync 1 DAGs
[2026-03-30T03:08:07.402+0000] {logging_mixin.py:188} INFO - [2026-03-30T03:08:07.401+0000] {dag.py:3823} INFO - Setting next_dagrun for market_etl_pipeline to 2026-03-30 03:05:00+00:00, run_after=2026-03-30 03:10:00+00:00
[2026-03-30T03:08:07.434+0000] {processor.py:183} INFO - Processing /opt/airflow/dags/etl_dag.py took 0.275 seconds
[2026-03-30T03:08:40.471+0000] {processor.py:161} INFO - Started process (PID=713) to work on /opt/airflow/dags/etl_dag.py
[2026-03-30T03:08:40.473+0000] {processor.py:830} INFO - Processing file /opt/airflow/dags/etl_dag.py for tasks to queue
[2026-03-30T03:08:40.475+0000] {logging_mixin.py:188} INFO - [2026-03-30T03:08:40.475+0000] {dagbag.py:538} INFO - Filling up the DagBag from /opt/airflow/dags/etl_dag.py
[2026-03-30T03:08:40.582+0000] {processor.py:840} INFO - DAG(s) 'market_etl_pipeline' retrieved from /opt/airflow/dags/etl_dag.py
[2026-03-30T03:08:40.638+0000] {logging_mixin.py:188} INFO - [2026-03-30T03:08:40.638+0000] {dag.py:3036} INFO - Sync 1 DAGs
[2026-03-30T03:08:40.683+0000] {logging_mixin.py:188} INFO - [2026-03-30T03:08:40.683+0000] {dag.py:3823} INFO - Setting next_dagrun for market_etl_pipeline to 2026-03-30 03:05:00+00:00, run_after=2026-03-30 03:10:00+00:00
[2026-03-30T03:08:40.718+0000] {processor.py:183} INFO - Processing /opt/airflow/dags/etl_dag.py took 0.253 seconds
[2026-03-30T03:09:12.765+0000] {processor.py:161} INFO - Started process (PID=723) to work on /opt/airflow/dags/etl_dag.py
[2026-03-30T03:09:12.769+0000] {processor.py:830} INFO - Processing file /opt/airflow/dags/etl_dag.py for tasks to queue
[2026-03-30T03:09:12.771+0000] {logging_mixin.py:188} INFO - [2026-03-30T03:09:12.770+0000] {dagbag.py:538} INFO - Filling up the DagBag from /opt/airflow/dags/etl_dag.py
[2026-03-30T03:09:12.875+0000] {processor.py:840} INFO - DAG(s) 'market_etl_pipeline' retrieved from /opt/airflow/dags/etl_dag.py
[2026-03-30T03:09:12.926+0000] {logging_mixin.py:188} INFO - [2026-03-30T03:09:12.926+0000] {dag.py:3036} INFO - Sync 1 DAGs
[2026-03-30T03:09:12.972+0000] {logging_mixin.py:188} INFO - [2026-03-30T03:09:12.971+0000] {dag.py:3823} INFO - Setting next_dagrun for market_etl_pipeline to 2026-03-30 03:05:00+00:00, run_after=2026-03-30 03:10:00+00:00
[2026-03-30T03:09:13.003+0000] {processor.py:183} INFO - Processing /opt/airflow/dags/etl_dag.py took 0.245 seconds
[2026-03-30T03:09:45.116+0000] {processor.py:161} INFO - Started process (PID=733) to work on /opt/airflow/dags/etl_dag.py
[2026-03-30T03:09:45.120+0000] {processor.py:830} INFO - Processing file /opt/airflow/dags/etl_dag.py for tasks to queue
[2026-03-30T03:09:45.125+0000] {logging_mixin.py:188} INFO - [2026-03-30T03:09:45.123+0000] {dagbag.py:538} INFO - Filling up the DagBag from /opt/airflow/dags/etl_dag.py
[2026-03-30T03:09:45.329+0000] {processor.py:840} INFO - DAG(s) 'market_etl_pipeline' retrieved from /opt/airflow/dags/etl_dag.py
[2026-03-30T03:09:45.485+0000] {logging_mixin.py:188} INFO - [2026-03-30T03:09:45.485+0000] {dag.py:3036} INFO - Sync 1 DAGs
[2026-03-30T03:09:45.588+0000] {logging_mixin.py:188} INFO - [2026-03-30T03:09:45.588+0000] {dag.py:3823} INFO - Setting next_dagrun for market_etl_pipeline to 2026-03-30 03:05:00+00:00, run_after=2026-03-30 03:10:00+00:00
[2026-03-30T03:09:45.631+0000] {processor.py:183} INFO - Processing /opt/airflow/dags/etl_dag.py took 0.528 seconds
[2026-03-30T03:10:17.696+0000] {processor.py:161} INFO - Started process (PID=745) to work on /opt/airflow/dags/etl_dag.py
[2026-03-30T03:10:17.699+0000] {processor.py:830} INFO - Processing file /opt/airflow/dags/etl_dag.py for tasks to queue
[2026-03-30T03:10:17.700+0000] {logging_mixin.py:188} INFO - [2026-03-30T03:10:17.700+0000] {dagbag.py:538} INFO - Filling up the DagBag from /opt/airflow/dags/etl_dag.py
[2026-03-30T03:10:17.802+0000] {processor.py:840} INFO - DAG(s) 'market_etl_pipeline' retrieved from /opt/airflow/dags/etl_dag.py
[2026-03-30T03:10:17.854+0000] {logging_mixin.py:188} INFO - [2026-03-30T03:10:17.854+0000] {dag.py:3036} INFO - Sync 1 DAGs
[2026-03-30T03:10:17.897+0000] {logging_mixin.py:188} INFO - [2026-03-30T03:10:17.896+0000] {dag.py:3823} INFO - Setting next_dagrun for market_etl_pipeline to 2026-03-30 03:10:00+00:00, run_after=2026-03-30 03:15:00+00:00
[2026-03-30T03:10:17.926+0000] {processor.py:183} INFO - Processing /opt/airflow/dags/etl_dag.py took 0.236 seconds
[2026-03-30T03:10:50.926+0000] {processor.py:161} INFO - Started process (PID=755) to work on /opt/airflow/dags/etl_dag.py
[2026-03-30T03:10:50.929+0000] {processor.py:830} INFO - Processing file /opt/airflow/dags/etl_dag.py for tasks to queue
[2026-03-30T03:10:50.932+0000] {logging_mixin.py:188} INFO - [2026-03-30T03:10:50.931+0000] {dagbag.py:538} INFO - Filling up the DagBag from /opt/airflow/dags/etl_dag.py
[2026-03-30T03:10:51.042+0000] {processor.py:840} INFO - DAG(s) 'market_etl_pipeline' retrieved from /opt/airflow/dags/etl_dag.py
[2026-03-30T03:10:51.111+0000] {logging_mixin.py:188} INFO - [2026-03-30T03:10:51.110+0000] {dag.py:3036} INFO - Sync 1 DAGs
[2026-03-30T03:10:51.164+0000] {logging_mixin.py:188} INFO - [2026-03-30T03:10:51.164+0000] {dag.py:3823} INFO - Setting next_dagrun for market_etl_pipeline to 2026-03-30 03:10:00+00:00, run_after=2026-03-30 03:15:00+00:00
[2026-03-30T03:10:51.200+0000] {processor.py:183} INFO - Processing /opt/airflow/dags/etl_dag.py took 0.280 seconds
[2026-03-30T03:11:23.154+0000] {processor.py:161} INFO - Started process (PID=765) to work on /opt/airflow/dags/etl_dag.py
[2026-03-30T03:11:23.156+0000] {processor.py:830} INFO - Processing file /opt/airflow/dags/etl_dag.py for tasks to queue
[2026-03-30T03:11:23.158+0000] {logging_mixin.py:188} INFO - [2026-03-30T03:11:23.157+0000] {dagbag.py:538} INFO - Filling up the DagBag from /opt/airflow/dags/etl_dag.py
[2026-03-30T03:11:23.229+0000] {processor.py:840} INFO - DAG(s) 'market_etl_pipeline' retrieved from /opt/airflow/dags/etl_dag.py
[2026-03-30T03:11:23.269+0000] {logging_mixin.py:188} INFO - [2026-03-30T03:11:23.269+0000] {dag.py:3036} INFO - Sync 1 DAGs
[2026-03-30T03:11:23.295+0000] {logging_mixin.py:188} INFO - [2026-03-30T03:11:23.295+0000] {dag.py:3823} INFO - Setting next_dagrun for market_etl_pipeline to 2026-03-30 03:10:00+00:00, run_after=2026-03-30 03:15:00+00:00
[2026-03-30T03:11:23.314+0000] {processor.py:183} INFO - Processing /opt/airflow/dags/etl_dag.py took 0.168 seconds
[2026-03-30T03:11:56.285+0000] {processor.py:161} INFO - Started process (PID=775) to work on /opt/airflow/dags/etl_dag.py
[2026-03-30T03:11:56.288+0000] {processor.py:830} INFO - Processing file /opt/airflow/dags/etl_dag.py for tasks to queue
[2026-03-30T03:11:56.290+0000] {logging_mixin.py:188} INFO - [2026-03-30T03:11:56.289+0000] {dagbag.py:538} INFO - Filling up the DagBag from /opt/airflow/dags/etl_dag.py
[2026-03-30T03:11:56.361+0000] {processor.py:840} INFO - DAG(s) 'market_etl_pipeline' retrieved from /opt/airflow/dags/etl_dag.py
[2026-03-30T03:11:56.396+0000] {logging_mixin.py:188} INFO - [2026-03-30T03:11:56.395+0000] {dag.py:3036} INFO - Sync 1 DAGs
[2026-03-30T03:11:56.432+0000] {logging_mixin.py:188} INFO - [2026-03-30T03:11:56.432+0000] {dag.py:3823} INFO - Setting next_dagrun for market_etl_pipeline to 2026-03-30 03:10:00+00:00, run_after=2026-03-30 03:15:00+00:00
[2026-03-30T03:11:56.453+0000] {processor.py:183} INFO - Processing /opt/airflow/dags/etl_dag.py took 0.174 seconds
[2026-03-30T03:12:29.414+0000] {processor.py:161} INFO - Started process (PID=785) to work on /opt/airflow/dags/etl_dag.py
[2026-03-30T03:12:29.416+0000] {processor.py:830} INFO - Processing file /opt/airflow/dags/etl_dag.py for tasks to queue
[2026-03-30T03:12:29.418+0000] {logging_mixin.py:188} INFO - [2026-03-30T03:12:29.417+0000] {dagbag.py:538} INFO - Filling up the DagBag from /opt/airflow/dags/etl_dag.py
[2026-03-30T03:12:29.512+0000] {processor.py:840} INFO - DAG(s) 'market_etl_pipeline' retrieved from /opt/airflow/dags/etl_dag.py
[2026-03-30T03:12:29.565+0000] {logging_mixin.py:188} INFO - [2026-03-30T03:12:29.564+0000] {dag.py:3036} INFO - Sync 1 DAGs
[2026-03-30T03:12:29.606+0000] {logging_mixin.py:188} INFO - [2026-03-30T03:12:29.605+0000] {dag.py:3823} INFO - Setting next_dagrun for market_etl_pipeline to 2026-03-30 03:10:00+00:00, run_after=2026-03-30 03:15:00+00:00
[2026-03-30T03:12:29.635+0000] {processor.py:183} INFO - Processing /opt/airflow/dags/etl_dag.py took 0.228 seconds
[2026-03-30T03:13:01.721+0000] {processor.py:161} INFO - Started process (PID=795) to work on /opt/airflow/dags/etl_dag.py
[2026-03-30T03:13:01.723+0000] {processor.py:830} INFO - Processing file /opt/airflow/dags/etl_dag.py for tasks to queue
[2026-03-30T03:13:01.725+0000] {logging_mixin.py:188} INFO - [2026-03-30T03:13:01.725+0000] {dagbag.py:538} INFO - Filling up the DagBag from /opt/airflow/dags/etl_dag.py
[2026-03-30T03:13:01.812+0000] {processor.py:840} INFO - DAG(s) 'market_etl_pipeline' retrieved from /opt/airflow/dags/etl_dag.py
[2026-03-30T03:13:01.856+0000] {logging_mixin.py:188} INFO - [2026-03-30T03:13:01.855+0000] {dag.py:3036} INFO - Sync 1 DAGs
[2026-03-30T03:13:01.895+0000] {logging_mixin.py:188} INFO - [2026-03-30T03:13:01.895+0000] {dag.py:3823} INFO - Setting next_dagrun for market_etl_pipeline to 2026-03-30 03:10:00+00:00, run_after=2026-03-30 03:15:00+00:00
[2026-03-30T03:13:01.922+0000] {processor.py:183} INFO - Processing /opt/airflow/dags/etl_dag.py took 0.209 seconds
[2026-03-30T03:13:34.991+0000] {processor.py:161} INFO - Started process (PID=805) to work on /opt/airflow/dags/etl_dag.py
[2026-03-30T03:13:34.993+0000] {processor.py:830} INFO - Processing file /opt/airflow/dags/etl_dag.py for tasks to queue
[2026-03-30T03:13:34.997+0000] {logging_mixin.py:188} INFO - [2026-03-30T03:13:34.996+0000] {dagbag.py:538} INFO - Filling up the DagBag from /opt/airflow/dags/etl_dag.py
[2026-03-30T03:13:35.098+0000] {processor.py:840} INFO - DAG(s) 'market_etl_pipeline' retrieved from /opt/airflow/dags/etl_dag.py
[2026-03-30T03:13:35.143+0000] {logging_mixin.py:188} INFO - [2026-03-30T03:13:35.143+0000] {dag.py:3036} INFO - Sync 1 DAGs
[2026-03-30T03:13:35.179+0000] {logging_mixin.py:188} INFO - [2026-03-30T03:13:35.179+0000] {dag.py:3823} INFO - Setting next_dagrun for market_etl_pipeline to 2026-03-30 03:10:00+00:00, run_after=2026-03-30 03:15:00+00:00
[2026-03-30T03:13:35.204+0000] {processor.py:183} INFO - Processing /opt/airflow/dags/etl_dag.py took 0.221 seconds
[2026-03-30T03:14:07.141+0000] {processor.py:161} INFO - Started process (PID=815) to work on /opt/airflow/dags/etl_dag.py
[2026-03-30T03:14:07.143+0000] {processor.py:830} INFO - Processing file /opt/airflow/dags/etl_dag.py for tasks to queue
[2026-03-30T03:14:07.145+0000] {logging_mixin.py:188} INFO - [2026-03-30T03:14:07.144+0000] {dagbag.py:538} INFO - Filling up the DagBag from /opt/airflow/dags/etl_dag.py
[2026-03-30T03:14:07.228+0000] {processor.py:840} INFO - DAG(s) 'market_etl_pipeline' retrieved from /opt/airflow/dags/etl_dag.py
[2026-03-30T03:14:07.275+0000] {logging_mixin.py:188} INFO - [2026-03-30T03:14:07.275+0000] {dag.py:3036} INFO - Sync 1 DAGs
[2026-03-30T03:14:07.312+0000] {logging_mixin.py:188} INFO - [2026-03-30T03:14:07.312+0000] {dag.py:3823} INFO - Setting next_dagrun for market_etl_pipeline to 2026-03-30 03:10:00+00:00, run_after=2026-03-30 03:15:00+00:00
[2026-03-30T03:14:07.339+0000] {processor.py:183} INFO - Processing /opt/airflow/dags/etl_dag.py took 0.204 seconds
[2026-03-30T03:14:40.339+0000] {processor.py:161} INFO - Started process (PID=825) to work on /opt/airflow/dags/etl_dag.py
[2026-03-30T03:14:40.341+0000] {processor.py:830} INFO - Processing file /opt/airflow/dags/etl_dag.py for tasks to queue
[2026-03-30T03:14:40.342+0000] {logging_mixin.py:188} INFO - [2026-03-30T03:14:40.342+0000] {dagbag.py:538} INFO - Filling up the DagBag from /opt/airflow/dags/etl_dag.py
[2026-03-30T03:14:40.402+0000] {processor.py:840} INFO - DAG(s) 'market_etl_pipeline' retrieved from /opt/airflow/dags/etl_dag.py
[2026-03-30T03:14:40.435+0000] {logging_mixin.py:188} INFO - [2026-03-30T03:14:40.435+0000] {dag.py:3036} INFO - Sync 1 DAGs
[2026-03-30T03:14:40.464+0000] {logging_mixin.py:188} INFO - [2026-03-30T03:14:40.463+0000] {dag.py:3823} INFO - Setting next_dagrun for market_etl_pipeline to 2026-03-30 03:10:00+00:00, run_after=2026-03-30 03:15:00+00:00
[2026-03-30T03:14:40.488+0000] {processor.py:183} INFO - Processing /opt/airflow/dags/etl_dag.py took 0.154 seconds
[2026-03-30T03:15:12.428+0000] {processor.py:161} INFO - Started process (PID=837) to work on /opt/airflow/dags/etl_dag.py
[2026-03-30T03:15:12.430+0000] {processor.py:830} INFO - Processing file /opt/airflow/dags/etl_dag.py for tasks to queue
[2026-03-30T03:15:12.432+0000] {logging_mixin.py:188} INFO - [2026-03-30T03:15:12.432+0000] {dagbag.py:538} INFO - Filling up the DagBag from /opt/airflow/dags/etl_dag.py
[2026-03-30T03:15:12.520+0000] {processor.py:840} INFO - DAG(s) 'market_etl_pipeline' retrieved from /opt/airflow/dags/etl_dag.py
[2026-03-30T03:15:12.566+0000] {logging_mixin.py:188} INFO - [2026-03-30T03:15:12.566+0000] {dag.py:3036} INFO - Sync 1 DAGs
[2026-03-30T03:15:12.604+0000] {logging_mixin.py:188} INFO - [2026-03-30T03:15:12.604+0000] {dag.py:3823} INFO - Setting next_dagrun for market_etl_pipeline to 2026-03-30 03:15:00+00:00, run_after=2026-03-30 03:20:00+00:00
[2026-03-30T03:15:12.635+0000] {processor.py:183} INFO - Processing /opt/airflow/dags/etl_dag.py took 0.214 seconds
[2026-03-30T03:15:45.733+0000] {processor.py:161} INFO - Started process (PID=847) to work on /opt/airflow/dags/etl_dag.py
[2026-03-30T03:15:45.735+0000] {processor.py:830} INFO - Processing file /opt/airflow/dags/etl_dag.py for tasks to queue
[2026-03-30T03:15:45.737+0000] {logging_mixin.py:188} INFO - [2026-03-30T03:15:45.736+0000] {dagbag.py:538} INFO - Filling up the DagBag from /opt/airflow/dags/etl_dag.py
[2026-03-30T03:15:45.824+0000] {processor.py:840} INFO - DAG(s) 'market_etl_pipeline' retrieved from /opt/airflow/dags/etl_dag.py
[2026-03-30T03:15:45.870+0000] {logging_mixin.py:188} INFO - [2026-03-30T03:15:45.869+0000] {dag.py:3036} INFO - Sync 1 DAGs
[2026-03-30T03:15:45.908+0000] {logging_mixin.py:188} INFO - [2026-03-30T03:15:45.908+0000] {dag.py:3823} INFO - Setting next_dagrun for market_etl_pipeline to 2026-03-30 03:15:00+00:00, run_after=2026-03-30 03:20:00+00:00
[2026-03-30T03:15:45.938+0000] {processor.py:183} INFO - Processing /opt/airflow/dags/etl_dag.py took 0.214 seconds
[2026-03-30T03:16:17.930+0000] {processor.py:161} INFO - Started process (PID=857) to work on /opt/airflow/dags/etl_dag.py
[2026-03-30T03:16:17.933+0000] {processor.py:830} INFO - Processing file /opt/airflow/dags/etl_dag.py for tasks to queue
[2026-03-30T03:16:17.935+0000] {logging_mixin.py:188} INFO - [2026-03-30T03:16:17.935+0000] {dagbag.py:538} INFO - Filling up the DagBag from /opt/airflow/dags/etl_dag.py
[2026-03-30T03:16:18.023+0000] {processor.py:840} INFO - DAG(s) 'market_etl_pipeline' retrieved from /opt/airflow/dags/etl_dag.py
[2026-03-30T03:16:18.071+0000] {logging_mixin.py:188} INFO - [2026-03-30T03:16:18.071+0000] {dag.py:3036} INFO - Sync 1 DAGs
[2026-03-30T03:16:18.106+0000] {logging_mixin.py:188} INFO - [2026-03-30T03:16:18.105+0000] {dag.py:3823} INFO - Setting next_dagrun for market_etl_pipeline to 2026-03-30 03:15:00+00:00, run_after=2026-03-30 03:20:00+00:00
[2026-03-30T03:16:18.134+0000] {processor.py:183} INFO - Processing /opt/airflow/dags/etl_dag.py took 0.210 seconds
[2026-03-30T03:16:51.139+0000] {processor.py:161} INFO - Started process (PID=867) to work on /opt/airflow/dags/etl_dag.py
[2026-03-30T03:16:51.142+0000] {processor.py:830} INFO - Processing file /opt/airflow/dags/etl_dag.py for tasks to queue
[2026-03-30T03:16:51.144+0000] {logging_mixin.py:188} INFO - [2026-03-30T03:16:51.143+0000] {dagbag.py:538} INFO - Filling up the DagBag from /opt/airflow/dags/etl_dag.py
[2026-03-30T03:16:51.241+0000] {processor.py:840} INFO - DAG(s) 'market_etl_pipeline' retrieved from /opt/airflow/dags/etl_dag.py
[2026-03-30T03:16:51.290+0000] {logging_mixin.py:188} INFO - [2026-03-30T03:16:51.289+0000] {dag.py:3036} INFO - Sync 1 DAGs
[2026-03-30T03:16:51.332+0000] {logging_mixin.py:188} INFO - [2026-03-30T03:16:51.332+0000] {dag.py:3823} INFO - Setting next_dagrun for market_etl_pipeline to 2026-03-30 03:15:00+00:00, run_after=2026-03-30 03:20:00+00:00
[2026-03-30T03:16:51.362+0000] {processor.py:183} INFO - Processing /opt/airflow/dags/etl_dag.py took 0.231 seconds
[2026-03-30T03:17:23.340+0000] {processor.py:161} INFO - Started process (PID=877) to work on /opt/airflow/dags/etl_dag.py
[2026-03-30T03:17:23.344+0000] {processor.py:830} INFO - Processing file /opt/airflow/dags/etl_dag.py for tasks to queue
[2026-03-30T03:17:23.345+0000] {logging_mixin.py:188} INFO - [2026-03-30T03:17:23.345+0000] {dagbag.py:538} INFO - Filling up the DagBag from /opt/airflow/dags/etl_dag.py
[2026-03-30T03:17:23.431+0000] {processor.py:840} INFO - DAG(s) 'market_etl_pipeline' retrieved from /opt/airflow/dags/etl_dag.py
[2026-03-30T03:17:23.479+0000] {logging_mixin.py:188} INFO - [2026-03-30T03:17:23.479+0000] {dag.py:3036} INFO - Sync 1 DAGs
[2026-03-30T03:17:23.516+0000] {logging_mixin.py:188} INFO - [2026-03-30T03:17:23.516+0000] {dag.py:3823} INFO - Setting next_dagrun for market_etl_pipeline to 2026-03-30 03:15:00+00:00, run_after=2026-03-30 03:20:00+00:00
[2026-03-30T03:17:23.542+0000] {processor.py:183} INFO - Processing /opt/airflow/dags/etl_dag.py took 0.208 seconds
[2026-03-30T03:17:56.526+0000] {processor.py:161} INFO - Started process (PID=887) to work on /opt/airflow/dags/etl_dag.py
[2026-03-30T03:17:56.528+0000] {processor.py:830} INFO - Processing file /opt/airflow/dags/etl_dag.py for tasks to queue
[2026-03-30T03:17:56.530+0000] {logging_mixin.py:188} INFO - [2026-03-30T03:17:56.529+0000] {dagbag.py:538} INFO - Filling up the DagBag from /opt/airflow/dags/etl_dag.py
[2026-03-30T03:17:56.618+0000] {processor.py:840} INFO - DAG(s) 'market_etl_pipeline' retrieved from /opt/airflow/dags/etl_dag.py
[2026-03-30T03:17:56.663+0000] {logging_mixin.py:188} INFO - [2026-03-30T03:17:56.663+0000] {dag.py:3036} INFO - Sync 1 DAGs
[2026-03-30T03:17:56.703+0000] {logging_mixin.py:188} INFO - [2026-03-30T03:17:56.703+0000] {dag.py:3823} INFO - Setting next_dagrun for market_etl_pipeline to 2026-03-30 03:15:00+00:00, run_after=2026-03-30 03:20:00+00:00
[2026-03-30T03:17:56.729+0000] {processor.py:183} INFO - Processing /opt/airflow/dags/etl_dag.py took 0.210 seconds
[2026-03-30T03:18:28.745+0000] {processor.py:161} INFO - Started process (PID=897) to work on /opt/airflow/dags/etl_dag.py
[2026-03-30T03:18:28.747+0000] {processor.py:830} INFO - Processing file /opt/airflow/dags/etl_dag.py for tasks to queue
[2026-03-30T03:18:28.750+0000] {logging_mixin.py:188} INFO - [2026-03-30T03:18:28.749+0000] {dagbag.py:538} INFO - Filling up the DagBag from /opt/airflow/dags/etl_dag.py
[2026-03-30T03:18:28.836+0000] {processor.py:840} INFO - DAG(s) 'market_etl_pipeline' retrieved from /opt/airflow/dags/etl_dag.py
[2026-03-30T03:18:28.894+0000] {logging_mixin.py:188} INFO - [2026-03-30T03:18:28.893+0000] {dag.py:3036} INFO - Sync 1 DAGs
[2026-03-30T03:18:28.939+0000] {logging_mixin.py:188} INFO - [2026-03-30T03:18:28.938+0000] {dag.py:3823} INFO - Setting next_dagrun for market_etl_pipeline to 2026-03-30 03:15:00+00:00, run_after=2026-03-30 03:20:00+00:00
[2026-03-30T03:18:28.968+0000] {processor.py:183} INFO - Processing /opt/airflow/dags/etl_dag.py took 0.229 seconds
[2026-03-30T03:19:01.717+0000] {processor.py:161} INFO - Started process (PID=907) to work on /opt/airflow/dags/etl_dag.py
[2026-03-30T03:19:01.720+0000] {processor.py:830} INFO - Processing file /opt/airflow/dags/etl_dag.py for tasks to queue
[2026-03-30T03:19:01.722+0000] {logging_mixin.py:188} INFO - [2026-03-30T03:19:01.721+0000] {dagbag.py:538} INFO - Filling up the DagBag from /opt/airflow/dags/etl_dag.py
[2026-03-30T03:19:01.815+0000] {processor.py:840} INFO - DAG(s) 'market_etl_pipeline' retrieved from /opt/airflow/dags/etl_dag.py
[2026-03-30T03:19:01.865+0000] {logging_mixin.py:188} INFO - [2026-03-30T03:19:01.864+0000] {dag.py:3036} INFO - Sync 1 DAGs
[2026-03-30T03:19:01.905+0000] {logging_mixin.py:188} INFO - [2026-03-30T03:19:01.905+0000] {dag.py:3823} INFO - Setting next_dagrun for market_etl_pipeline to 2026-03-30 03:15:00+00:00, run_after=2026-03-30 03:20:00+00:00
[2026-03-30T03:19:01.934+0000] {processor.py:183} INFO - Processing /opt/airflow/dags/etl_dag.py took 0.224 seconds
[2026-03-30T03:19:34.183+0000] {processor.py:161} INFO - Started process (PID=917) to work on /opt/airflow/dags/etl_dag.py
[2026-03-30T03:19:34.187+0000] {processor.py:830} INFO - Processing file /opt/airflow/dags/etl_dag.py for tasks to queue
[2026-03-30T03:19:34.190+0000] {logging_mixin.py:188} INFO - [2026-03-30T03:19:34.190+0000] {dagbag.py:538} INFO - Filling up the DagBag from /opt/airflow/dags/etl_dag.py
[2026-03-30T03:19:34.299+0000] {processor.py:840} INFO - DAG(s) 'market_etl_pipeline' retrieved from /opt/airflow/dags/etl_dag.py
[2026-03-30T03:19:34.352+0000] {logging_mixin.py:188} INFO - [2026-03-30T03:19:34.351+0000] {dag.py:3036} INFO - Sync 1 DAGs
[2026-03-30T03:19:34.400+0000] {logging_mixin.py:188} INFO - [2026-03-30T03:19:34.400+0000] {dag.py:3823} INFO - Setting next_dagrun for market_etl_pipeline to 2026-03-30 03:15:00+00:00, run_after=2026-03-30 03:20:00+00:00
[2026-03-30T03:19:34.428+0000] {processor.py:183} INFO - Processing /opt/airflow/dags/etl_dag.py took 0.253 seconds
[2026-03-30T03:20:07.236+0000] {processor.py:161} INFO - Started process (PID=929) to work on /opt/airflow/dags/etl_dag.py
[2026-03-30T03:20:07.238+0000] {processor.py:830} INFO - Processing file /opt/airflow/dags/etl_dag.py for tasks to queue
[2026-03-30T03:20:07.239+0000] {logging_mixin.py:188} INFO - [2026-03-30T03:20:07.238+0000] {dagbag.py:538} INFO - Filling up the DagBag from /opt/airflow/dags/etl_dag.py
[2026-03-30T03:20:07.306+0000] {processor.py:840} INFO - DAG(s) 'market_etl_pipeline' retrieved from /opt/airflow/dags/etl_dag.py
[2026-03-30T03:20:07.341+0000] {logging_mixin.py:188} INFO - [2026-03-30T03:20:07.341+0000] {dag.py:3036} INFO - Sync 1 DAGs
[2026-03-30T03:20:07.373+0000] {logging_mixin.py:188} INFO - [2026-03-30T03:20:07.373+0000] {dag.py:3823} INFO - Setting next_dagrun for market_etl_pipeline to 2026-03-30 03:20:00+00:00, run_after=2026-03-30 03:25:00+00:00
[2026-03-30T03:20:07.395+0000] {processor.py:183} INFO - Processing /opt/airflow/dags/etl_dag.py took 0.164 seconds
[2026-03-30T03:20:39.597+0000] {processor.py:161} INFO - Started process (PID=939) to work on /opt/airflow/dags/etl_dag.py
[2026-03-30T03:20:39.599+0000] {processor.py:830} INFO - Processing file /opt/airflow/dags/etl_dag.py for tasks to queue
[2026-03-30T03:20:39.601+0000] {logging_mixin.py:188} INFO - [2026-03-30T03:20:39.600+0000] {dagbag.py:538} INFO - Filling up the DagBag from /opt/airflow/dags/etl_dag.py
[2026-03-30T03:20:39.686+0000] {processor.py:840} INFO - DAG(s) 'market_etl_pipeline' retrieved from /opt/airflow/dags/etl_dag.py
[2026-03-30T03:20:39.739+0000] {logging_mixin.py:188} INFO - [2026-03-30T03:20:39.738+0000] {dag.py:3036} INFO - Sync 1 DAGs
[2026-03-30T03:20:39.788+0000] {logging_mixin.py:188} INFO - [2026-03-30T03:20:39.788+0000] {dag.py:3823} INFO - Setting next_dagrun for market_etl_pipeline to 2026-03-30 03:20:00+00:00, run_after=2026-03-30 03:25:00+00:00
[2026-03-30T03:20:39.825+0000] {processor.py:183} INFO - Processing /opt/airflow/dags/etl_dag.py took 0.234 seconds
[2026-03-30T03:21:12.944+0000] {processor.py:161} INFO - Started process (PID=949) to work on /opt/airflow/dags/etl_dag.py
[2026-03-30T03:21:12.948+0000] {processor.py:830} INFO - Processing file /opt/airflow/dags/etl_dag.py for tasks to queue
[2026-03-30T03:21:12.951+0000] {logging_mixin.py:188} INFO - [2026-03-30T03:21:12.950+0000] {dagbag.py:538} INFO - Filling up the DagBag from /opt/airflow/dags/etl_dag.py
[2026-03-30T03:21:13.113+0000] {processor.py:840} INFO - DAG(s) 'market_etl_pipeline' retrieved from /opt/airflow/dags/etl_dag.py
[2026-03-30T03:21:13.185+0000] {logging_mixin.py:188} INFO - [2026-03-30T03:21:13.185+0000] {dag.py:3036} INFO - Sync 1 DAGs
[2026-03-30T03:21:13.266+0000] {logging_mixin.py:188} INFO - [2026-03-30T03:21:13.265+0000] {dag.py:3823} INFO - Setting next_dagrun for market_etl_pipeline to 2026-03-30 03:20:00+00:00, run_after=2026-03-30 03:25:00+00:00
[2026-03-30T03:21:13.318+0000] {processor.py:183} INFO - Processing /opt/airflow/dags/etl_dag.py took 0.389 seconds
[2026-03-30T03:21:45.384+0000] {processor.py:161} INFO - Started process (PID=959) to work on /opt/airflow/dags/etl_dag.py
[2026-03-30T03:21:45.386+0000] {processor.py:830} INFO - Processing file /opt/airflow/dags/etl_dag.py for tasks to queue
[2026-03-30T03:21:45.388+0000] {logging_mixin.py:188} INFO - [2026-03-30T03:21:45.387+0000] {dagbag.py:538} INFO - Filling up the DagBag from /opt/airflow/dags/etl_dag.py
[2026-03-30T03:21:45.466+0000] {processor.py:840} INFO - DAG(s) 'market_etl_pipeline' retrieved from /opt/airflow/dags/etl_dag.py
[2026-03-30T03:21:45.513+0000] {logging_mixin.py:188} INFO - [2026-03-30T03:21:45.512+0000] {dag.py:3036} INFO - Sync 1 DAGs
[2026-03-30T03:21:45.553+0000] {logging_mixin.py:188} INFO - [2026-03-30T03:21:45.553+0000] {dag.py:3823} INFO - Setting next_dagrun for market_etl_pipeline to 2026-03-30 03:20:00+00:00, run_after=2026-03-30 03:25:00+00:00
[2026-03-30T03:21:45.583+0000] {processor.py:183} INFO - Processing /opt/airflow/dags/etl_dag.py took 0.207 seconds
[2026-03-30T03:22:17.631+0000] {processor.py:161} INFO - Started process (PID=969) to work on /opt/airflow/dags/etl_dag.py
[2026-03-30T03:22:17.634+0000] {processor.py:830} INFO - Processing file /opt/airflow/dags/etl_dag.py for tasks to queue
[2026-03-30T03:22:17.636+0000] {logging_mixin.py:188} INFO - [2026-03-30T03:22:17.635+0000] {dagbag.py:538} INFO - Filling up the DagBag from /opt/airflow/dags/etl_dag.py
[2026-03-30T03:22:17.741+0000] {processor.py:840} INFO - DAG(s) 'market_etl_pipeline' retrieved from /opt/airflow/dags/etl_dag.py
[2026-03-30T03:22:17.795+0000] {logging_mixin.py:188} INFO - [2026-03-30T03:22:17.795+0000] {dag.py:3036} INFO - Sync 1 DAGs
[2026-03-30T03:22:17.833+0000] {logging_mixin.py:188} INFO - [2026-03-30T03:22:17.833+0000] {dag.py:3823} INFO - Setting next_dagrun for market_etl_pipeline to 2026-03-30 03:20:00+00:00, run_after=2026-03-30 03:25:00+00:00
[2026-03-30T03:22:17.863+0000] {processor.py:183} INFO - Processing /opt/airflow/dags/etl_dag.py took 0.239 seconds
[2026-03-30T03:22:50.821+0000] {processor.py:161} INFO - Started process (PID=979) to work on /opt/airflow/dags/etl_dag.py
[2026-03-30T03:22:50.825+0000] {processor.py:830} INFO - Processing file /opt/airflow/dags/etl_dag.py for tasks to queue
[2026-03-30T03:22:50.827+0000] {logging_mixin.py:188} INFO - [2026-03-30T03:22:50.826+0000] {dagbag.py:538} INFO - Filling up the DagBag from /opt/airflow/dags/etl_dag.py
[2026-03-30T03:22:50.922+0000] {processor.py:840} INFO - DAG(s) 'market_etl_pipeline' retrieved from /opt/airflow/dags/etl_dag.py
[2026-03-30T03:22:50.972+0000] {logging_mixin.py:188} INFO - [2026-03-30T03:22:50.972+0000] {dag.py:3036} INFO - Sync 1 DAGs
[2026-03-30T03:22:51.014+0000] {logging_mixin.py:188} INFO - [2026-03-30T03:22:51.014+0000] {dag.py:3823} INFO - Setting next_dagrun for market_etl_pipeline to 2026-03-30 03:20:00+00:00, run_after=2026-03-30 03:25:00+00:00
[2026-03-30T03:22:51.043+0000] {processor.py:183} INFO - Processing /opt/airflow/dags/etl_dag.py took 0.233 seconds
[2026-03-30T03:23:24.202+0000] {processor.py:161} INFO - Started process (PID=989) to work on /opt/airflow/dags/etl_dag.py
[2026-03-30T03:23:24.205+0000] {processor.py:830} INFO - Processing file /opt/airflow/dags/etl_dag.py for tasks to queue
[2026-03-30T03:23:24.206+0000] {logging_mixin.py:188} INFO - [2026-03-30T03:23:24.206+0000] {dagbag.py:538} INFO - Filling up the DagBag from /opt/airflow/dags/etl_dag.py
[2026-03-30T03:23:24.300+0000] {processor.py:840} INFO - DAG(s) 'market_etl_pipeline' retrieved from /opt/airflow/dags/etl_dag.py
[2026-03-30T03:23:24.349+0000] {logging_mixin.py:188} INFO - [2026-03-30T03:23:24.349+0000] {dag.py:3036} INFO - Sync 1 DAGs
[2026-03-30T03:23:24.392+0000] {logging_mixin.py:188} INFO - [2026-03-30T03:23:24.392+0000] {dag.py:3823} INFO - Setting next_dagrun for market_etl_pipeline to 2026-03-30 03:20:00+00:00, run_after=2026-03-30 03:25:00+00:00
[2026-03-30T03:23:24.422+0000] {processor.py:183} INFO - Processing /opt/airflow/dags/etl_dag.py took 0.226 seconds
[2026-03-30T03:23:56.391+0000] {processor.py:161} INFO - Started process (PID=999) to work on /opt/airflow/dags/etl_dag.py
[2026-03-30T03:23:56.393+0000] {processor.py:830} INFO - Processing file /opt/airflow/dags/etl_dag.py for tasks to queue
[2026-03-30T03:23:56.395+0000] {logging_mixin.py:188} INFO - [2026-03-30T03:23:56.394+0000] {dagbag.py:538} INFO - Filling up the DagBag from /opt/airflow/dags/etl_dag.py
[2026-03-30T03:23:56.486+0000] {processor.py:840} INFO - DAG(s) 'market_etl_pipeline' retrieved from /opt/airflow/dags/etl_dag.py
[2026-03-30T03:23:56.532+0000] {logging_mixin.py:188} INFO - [2026-03-30T03:23:56.532+0000] {dag.py:3036} INFO - Sync 1 DAGs
[2026-03-30T03:23:56.569+0000] {logging_mixin.py:188} INFO - [2026-03-30T03:23:56.568+0000] {dag.py:3823} INFO - Setting next_dagrun for market_etl_pipeline to 2026-03-30 03:20:00+00:00, run_after=2026-03-30 03:25:00+00:00
[2026-03-30T03:23:56.600+0000] {processor.py:183} INFO - Processing /opt/airflow/dags/etl_dag.py took 0.217 seconds
