[2026-03-28T22:20:00.973+0000] {taskinstance.py:1956} INFO - Dependencies all met for dep_context=non-requeueable deps ti=<TaskInstance: market_etl_pipeline.run_etl scheduled__2026-03-28T22:15:00+00:00 [queued]>
[2026-03-28T22:20:00.992+0000] {taskinstance.py:1956} INFO - Dependencies all met for dep_context=requeueable deps ti=<TaskInstance: market_etl_pipeline.run_etl scheduled__2026-03-28T22:15:00+00:00 [queued]>
[2026-03-28T22:20:00.993+0000] {taskinstance.py:2170} INFO - Starting attempt 1 of 3
[2026-03-28T22:20:01.022+0000] {taskinstance.py:2191} INFO - Executing <Task(PythonOperator): run_etl> on 2026-03-28 22:15:00+00:00
[2026-03-28T22:20:01.034+0000] {standard_task_runner.py:60} INFO - Started process 934 to run task
[2026-03-28T22:20:01.039+0000] {standard_task_runner.py:87} INFO - Running: ['***', 'tasks', 'run', 'market_etl_pipeline', 'run_etl', 'scheduled__2026-03-28T22:15:00+00:00', '--job-id', '27', '--raw', '--subdir', 'DAGS_FOLDER/etl_dag.py', '--cfg-path', '/tmp/tmpsi1w896c']
[2026-03-28T22:20:01.044+0000] {standard_task_runner.py:88} INFO - Job 27: Subtask run_etl
[2026-03-28T22:20:01.142+0000] {task_command.py:423} INFO - Running <TaskInstance: market_etl_pipeline.run_etl scheduled__2026-03-28T22:15:00+00:00 [running]> on host f100b222ca3f
[2026-03-28T22:20:01.285+0000] {taskinstance.py:2480} INFO - Exporting env vars: AIRFLOW_CTX_DAG_OWNER='***' AIRFLOW_CTX_DAG_ID='market_etl_pipeline' AIRFLOW_CTX_TASK_ID='run_etl' AIRFLOW_CTX_EXECUTION_DATE='2026-03-28T22:15:00+00:00' AIRFLOW_CTX_TRY_NUMBER='1' AIRFLOW_CTX_DAG_RUN_ID='scheduled__2026-03-28T22:15:00+00:00'
[2026-03-28T22:20:01.330+0000] {extract.py:23} INFO - Extracted 10 records
[2026-03-28T22:20:01.332+0000] {logging_mixin.py:188} INFO - [{'instrument_id': 'AAPL', 'price': 34535.62, 'volume': 137.53, 'timestamp': '2026-03-28T22:20:01.319515'}, {'instrument_id': 'ETH-USD', 'price': 31241.24, 'volume': 886.59, 'timestamp': '2026-03-28T22:20:01.319593'}, {'instrument_id': 'BTC-USD', 'price': 17692.85, 'volume': 417.99, 'timestamp': '2026-03-28T22:20:01.319600'}, {'instrument_id': 'BTC-USD', 'price': 5914.55, 'volume': 593.24, 'timestamp': '2026-03-28T22:20:01.319605'}, {'instrument_id': 'AAPL', 'price': 43138.1, 'volume': 460.07, 'timestamp': '2026-03-28T22:20:01.319610'}, {'instrument_id': 'BTC-USD', 'price': 7198.73, 'volume': 647.75, 'timestamp': '2026-03-28T22:20:01.319614'}, {'instrument_id': 'ETH-USD', 'price': 12347.54, 'volume': 199.13, 'timestamp': '2026-03-28T22:20:01.319618'}, {'instrument_id': 'AAPL', 'price': 9487.94, 'volume': 344.62, 'timestamp': '2026-03-28T22:20:01.319622'}, {'instrument_id': 'BTC-USD', 'price': 17670.65, 'volume': 801.99, 'timestamp': '2026-03-28T22:20:01.319625'}, {'instrument_id': 'GOOG', 'price': 47729.51, 'volume': 129.41, 'timestamp': '2026-03-28T22:20:01.319629'}]
[2026-03-28T22:20:01.335+0000] {validate.py:26} INFO - Valid records: 10, Dropped: 0
[2026-03-28T22:20:01.348+0000] {taskinstance.py:2698} ERROR - Task failed with exception
Traceback (most recent call last):
  File "/home/airflow/.local/lib/python3.8/site-packages/airflow/models/taskinstance.py", line 433, in _execute_task
    result = execute_callable(context=context, **execute_callable_kwargs)
  File "/home/airflow/.local/lib/python3.8/site-packages/airflow/operators/python.py", line 199, in execute
    return_value = self.execute_callable()
  File "/home/airflow/.local/lib/python3.8/site-packages/airflow/operators/python.py", line 216, in execute_callable
    return self.python_callable(*self.op_args, **self.op_kwargs)
  File "/opt/airflow/dags/etl_dag.py", line 22, in run_etl
    load_data(transformed_data)
  File "/opt/airflow/etl/load.py", line 43, in load_data
    execute_values(cursor, query, values)
  File "/home/airflow/.local/lib/python3.8/site-packages/psycopg2/extras.py", line 1299, in execute_values
    cur.execute(b''.join(parts))
psycopg2.errors.UndefinedColumn: column "instrument_id" of relation "market_data" does not exist
LINE 3:         instrument_id, price, volume, timestamp, vwap, is_ou...
                ^

[2026-03-28T22:20:01.379+0000] {taskinstance.py:1138} INFO - Marking task as UP_FOR_RETRY. dag_id=market_etl_pipeline, task_id=run_etl, execution_date=20260328T221500, start_date=20260328T222000, end_date=20260328T222001
[2026-03-28T22:20:01.406+0000] {standard_task_runner.py:107} ERROR - Failed to execute job 27 for task run_etl (column "instrument_id" of relation "market_data" does not exist
LINE 3:         instrument_id, price, volume, timestamp, vwap, is_ou...
                ^
; 934)
[2026-03-28T22:20:01.456+0000] {local_task_job_runner.py:234} INFO - Task exited with return code 1
[2026-03-28T22:20:01.480+0000] {taskinstance.py:3280} INFO - 0 downstream tasks scheduled from follow-on schedule check
